[02/12/2017 00:06:45] INFO: Kích hoạt điểm danh sự kiện 1

﻿[02/12/2017 00:08:00] INFO: Sự kiện 1 bắt đầu điểm danh vào >>>>>>>>>>>>>>>>>>>>>>>>>>>>>>>>>>>>>>>>>>>>>>>>>>>>>>

﻿[02/12/2017 00:08:04] INFO: Nhận thẻ 0005706269 điểm danh vào

﻿[02/12/2017 00:08:04] INFO: 0005706269 - chủ thẻ 00123456 điểm danh vào.

﻿[02/12/2017 00:08:10] INFO: Nhận thẻ 0000958819 điểm danh vào

﻿[02/12/2017 00:08:11] INFO: 0000958819 - chủ thẻ B1700002 điểm danh vào.

﻿[02/12/2017 00:08:14] INFO: Nhận thẻ 0001352398 điểm danh vào

﻿[02/12/2017 00:08:14] INFO: 0001352398 - chủ thẻ B1500003 điểm danh vào.

﻿[02/12/2017 00:08:29] INFO: Nhận thẻ 0000958866 điểm danh vào

﻿[02/12/2017 00:08:30] INFO: 0000958866 - chủ thẻ B1700001 điểm danh vào.

﻿[02/12/2017 00:09:00] INFO: Sự kiện 1 bắt đầu điểm danh ra >>>>>>>>>>>>>>>>>>>>>>>>>>>>>>>>>>>>>>>>>>>>>>>>>>>>>>

﻿[02/12/2017 00:09:05] INFO: Nhận thẻ 0005706269 điểm danh ra

﻿[02/12/2017 00:09:06] INFO: 0005706269 - chủ thẻ 00123456 điểm danh ra.

﻿[02/12/2017 00:09:10] INFO: Nhận thẻ 0000958819 điểm danh ra

﻿[02/12/2017 00:09:11] INFO: 0000958819 - chủ thẻ B1700002 điểm danh ra.

﻿[02/12/2017 00:09:17] INFO: Nhận thẻ 0001352398 điểm danh ra

﻿[02/12/2017 00:09:17] INFO: 0001352398 - chủ thẻ B1500003 điểm danh ra.

﻿[02/12/2017 00:10:00] INFO: Sự kiện 1 kết thúc điểm danh >>>>>>>>>>>>>>>>>>>>>>>>>>>>>>>>>>>>>>>>>>>>>>>>>>>>>>

﻿[02/12/2017 00:10:00] INFO: Nhận thẻ 0000958866 điểm danh ra

﻿[02/12/2017 00:10:01] INFO: Thống kê sự kiện 1 thành công

﻿[02/12/2017 00:10:14] INFO: Thống kê sự kiện 1 thành công

