[2017-11-12 12:17:52] local.INFO: Trần Quản Trị kiểm tra thẻ 0001352122
  
[2017-11-12 12:17:52] local.DEBUG: Thẻ 0001352122 đã có cán bộ B1500009 sở hữu
  
[2017-11-12 12:17:56] local.INFO: Trần Quản Trị vào trang cán bộ
  
[2017-11-12 12:18:01] local.DEBUG: Trần Quản Trị tìm cán bộ theo từ khóa 'la'
  
[2017-11-12 12:18:03] local.DEBUG: Trần Quản Trị xóa cán bộ B1500009
  
[2017-11-12 12:18:04] local.INFO: Trần Quản Trị vào trang cán bộ
  
[2017-11-12 12:18:51] local.INFO: Trần Quản Trị vào trang đăng ký thẻ
  
[2017-11-12 12:18:54] local.INFO: Trần Quản Trị kiểm tra thẻ 0001352122
  
[2017-11-12 12:18:54] local.DEBUG: Thẻ 0001352122 hợp lệ để đăng ký
  
[2017-11-12 12:20:30] local.INFO: Trần Quản Trị kiểm tra thẻ 0001352122
  
[2017-11-12 12:20:30] local.DEBUG: Thẻ 0001352122 hợp lệ để đăng ký
  
[2017-11-12 12:20:47] local.INFO: Trần Quản Trị kiểm tra thẻ 0001352122
  
[2017-11-12 12:20:48] local.DEBUG: Thẻ 0001352122 hợp lệ để đăng ký
  
[2017-11-12 12:21:09] local.DEBUG: Trần Quản Trị chọn cập nhật thẻ 0001352122 cho chủ thẻ abccdefg
  
[2017-11-12 12:21:09] local.DEBUG: Chủ thẻ abccdefg không tồn tại
  
[2017-11-12 12:21:09] local.DEBUG: Chủ thẻ abccdefg không tồn tại
  
[2017-11-12 12:21:43] local.DEBUG: Trần Quản Trị chọn cập nhật thẻ 0001352122 cho chủ thẻ 00123459
  
[2017-11-12 12:21:43] local.DEBUG: Cán bộ 00123459 đã cập nhật mã thẻ thành 0001352122
  
[2017-11-12 12:21:43] local.DEBUG: Cán bộ 00123459 đã cập nhật mã thẻ thành 0001352122
  
[2017-11-12 12:22:06] local.DEBUG: Trần Quản Trị chọn cập nhật thẻ 0001352122 cho chủ thẻ 00123459
  
[2017-11-12 12:22:06] local.ERROR: ErrorException: Undefined variable: mathe in D:\Van\Giao Trinh\LUAN VAN\PROJECT\Sources\DD_RFID\app\Http\Controllers\CardController.php:267
Stack trace:
#0 D:\Van\Giao Trinh\LUAN VAN\PROJECT\Sources\DD_RFID\app\Http\Controllers\CardController.php(267): Illuminate\Foundation\Bootstrap\HandleExceptions->handleError(8, 'Undefined varia...', 'D:\\Van\\Giao Tri...', 267, Array)
#1 [internal function]: App\Http\Controllers\CardController->DangKyTheCu(Object(Illuminate\Http\Request))
#2 D:\Van\Giao Trinh\LUAN VAN\PROJECT\Sources\DD_RFID\vendor\laravel\framework\src\Illuminate\Routing\Controller.php(55): call_user_func_array(Array, Array)
#3 D:\Van\Giao Trinh\LUAN VAN\PROJECT\Sources\DD_RFID\vendor\laravel\framework\src\Illuminate\Routing\ControllerDispatcher.php(44): Illuminate\Routing\Controller->callAction('DangKyTheCu', Array)
#4 D:\Van\Giao Trinh\LUAN VAN\PROJECT\Sources\DD_RFID\vendor\laravel\framework\src\Illuminate\Routing\Route.php(203): Illuminate\Routing\ControllerDispatcher->dispatch(Object(Illuminate\Routing\Route), Object(App\Http\Controllers\CardController), 'DangKyTheCu')
#5 D:\Van\Giao Trinh\LUAN VAN\PROJECT\Sources\DD_RFID\vendor\laravel\framework\src\Illuminate\Routing\Route.php(160): Illuminate\Routing\Route->runController()
#6 D:\Van\Giao Trinh\LUAN VAN\PROJECT\Sources\DD_RFID\vendor\laravel\framework\src\Illuminate\Routing\Router.php(572): Illuminate\Routing\Route->run()
#7 D:\Van\Giao Trinh\LUAN VAN\PROJECT\Sources\DD_RFID\vendor\laravel\framework\src\Illuminate\Routing\Pipeline.php(30): Illuminate\Routing\Router->Illuminate\Routing\{closure}(Object(Illuminate\Http\Request))
#8 D:\Van\Giao Trinh\LUAN VAN\PROJECT\Sources\DD_RFID\vendor\laravel\framework\src\Illuminate\Routing\Middleware\SubstituteBindings.php(41): Illuminate\Routing\Pipeline->Illuminate\Routing\{closure}(Object(Illuminate\Http\Request))
#9 D:\Van\Giao Trinh\LUAN VAN\PROJECT\Sources\DD_RFID\vendor\laravel\framework\src\Illuminate\Pipeline\Pipeline.php(148): Illuminate\Routing\Middleware\SubstituteBindings->handle(Object(Illuminate\Http\Request), Object(Closure))
#10 D:\Van\Giao Trinh\LUAN VAN\PROJECT\Sources\DD_RFID\vendor\laravel\framework\src\Illuminate\Routing\Pipeline.php(53): Illuminate\Pipeline\Pipeline->Illuminate\Pipeline\{closure}(Object(Illuminate\Http\Request))
#11 D:\Van\Giao Trinh\LUAN VAN\PROJECT\Sources\DD_RFID\vendor\laravel\framework\src\Illuminate\Foundation\Http\Middleware\VerifyCsrfToken.php(65): Illuminate\Routing\Pipeline->Illuminate\Routing\{closure}(Object(Illuminate\Http\Request))
#12 D:\Van\Giao Trinh\LUAN VAN\PROJECT\Sources\DD_RFID\vendor\laravel\framework\src\Illuminate\Pipeline\Pipeline.php(148): Illuminate\Foundation\Http\Middleware\VerifyCsrfToken->handle(Object(Illuminate\Http\Request), Object(Closure))
#13 D:\Van\Giao Trinh\LUAN VAN\PROJECT\Sources\DD_RFID\vendor\laravel\framework\src\Illuminate\Routing\Pipeline.php(53): Illuminate\Pipeline\Pipeline->Illuminate\Pipeline\{closure}(Object(Illuminate\Http\Request))
#14 D:\Van\Giao Trinh\LUAN VAN\PROJECT\Sources\DD_RFID\vendor\laravel\framework\src\Illuminate\View\Middleware\ShareErrorsFromSession.php(49): Illuminate\Routing\Pipeline->Illuminate\Routing\{closure}(Object(Illuminate\Http\Request))
#15 D:\Van\Giao Trinh\LUAN VAN\PROJECT\Sources\DD_RFID\vendor\laravel\framework\src\Illuminate\Pipeline\Pipeline.php(148): Illuminate\View\Middleware\ShareErrorsFromSession->handle(Object(Illuminate\Http\Request), Object(Closure))
#16 D:\Van\Giao Trinh\LUAN VAN\PROJECT\Sources\DD_RFID\vendor\laravel\framework\src\Illuminate\Routing\Pipeline.php(53): Illuminate\Pipeline\Pipeline->Illuminate\Pipeline\{closure}(Object(Illuminate\Http\Request))
#17 D:\Van\Giao Trinh\LUAN VAN\PROJECT\Sources\DD_RFID\vendor\laravel\framework\src\Illuminate\Session\Middleware\StartSession.php(64): Illuminate\Routing\Pipeline->Illuminate\Routing\{closure}(Object(Illuminate\Http\Request))
#18 D:\Van\Giao Trinh\LUAN VAN\PROJECT\Sources\DD_RFID\vendor\laravel\framework\src\Illuminate\Pipeline\Pipeline.php(148): Illuminate\Session\Middleware\StartSession->handle(Object(Illuminate\Http\Request), Object(Closure))
#19 D:\Van\Giao Trinh\LUAN VAN\PROJECT\Sources\DD_RFID\vendor\laravel\framework\src\Illuminate\Routing\Pipeline.php(53): Illuminate\Pipeline\Pipeline->Illuminate\Pipeline\{closure}(Object(Illuminate\Http\Request))
#20 D:\Van\Giao Trinh\LUAN VAN\PROJECT\Sources\DD_RFID\vendor\laravel\framework\src\Illuminate\Cookie\Middleware\AddQueuedCookiesToResponse.php(37): Illuminate\Routing\Pipeline->Illuminate\Routing\{closure}(Object(Illuminate\Http\Request))
#21 D:\Van\Giao Trinh\LUAN VAN\PROJECT\Sources\DD_RFID\vendor\laravel\framework\src\Illuminate\Pipeline\Pipeline.php(148): Illuminate\Cookie\Middleware\AddQueuedCookiesToResponse->handle(Object(Illuminate\Http\Request), Object(Closure))
#22 D:\Van\Giao Trinh\LUAN VAN\PROJECT\Sources\DD_RFID\vendor\laravel\framework\src\Illuminate\Routing\Pipeline.php(53): Illuminate\Pipeline\Pipeline->Illuminate\Pipeline\{closure}(Object(Illuminate\Http\Request))
#23 D:\Van\Giao Trinh\LUAN VAN\PROJECT\Sources\DD_RFID\vendor\laravel\framework\src\Illuminate\Cookie\Middleware\EncryptCookies.php(59): Illuminate\Routing\Pipeline->Illuminate\Routing\{closure}(Object(Illuminate\Http\Request))
#24 D:\Van\Giao Trinh\LUAN VAN\PROJECT\Sources\DD_RFID\vendor\laravel\framework\src\Illuminate\Pipeline\Pipeline.php(148): Illuminate\Cookie\Middleware\EncryptCookies->handle(Object(Illuminate\Http\Request), Object(Closure))
#25 D:\Van\Giao Trinh\LUAN VAN\PROJECT\Sources\DD_RFID\vendor\laravel\framework\src\Illuminate\Routing\Pipeline.php(53): Illuminate\Pipeline\Pipeline->Illuminate\Pipeline\{closure}(Object(Illuminate\Http\Request))
#26 D:\Van\Giao Trinh\LUAN VAN\PROJECT\Sources\DD_RFID\vendor\laravel\framework\src\Illuminate\Pipeline\Pipeline.php(102): Illuminate\Routing\Pipeline->Illuminate\Routing\{closure}(Object(Illuminate\Http\Request))
#27 D:\Van\Giao Trinh\LUAN VAN\PROJECT\Sources\DD_RFID\vendor\laravel\framework\src\Illuminate\Routing\Router.php(574): Illuminate\Pipeline\Pipeline->then(Object(Closure))
#28 D:\Van\Giao Trinh\LUAN VAN\PROJECT\Sources\DD_RFID\vendor\laravel\framework\src\Illuminate\Routing\Router.php(533): Illuminate\Routing\Router->runRouteWithinStack(Object(Illuminate\Routing\Route), Object(Illuminate\Http\Request))
#29 D:\Van\Giao Trinh\LUAN VAN\PROJECT\Sources\DD_RFID\vendor\laravel\framework\src\Illuminate\Routing\Router.php(511): Illuminate\Routing\Router->dispatchToRoute(Object(Illuminate\Http\Request))
#30 D:\Van\Giao Trinh\LUAN VAN\PROJECT\Sources\DD_RFID\vendor\laravel\framework\src\Illuminate\Foundation\Http\Kernel.php(176): Illuminate\Routing\Router->dispatch(Object(Illuminate\Http\Request))
#31 D:\Van\Giao Trinh\LUAN VAN\PROJECT\Sources\DD_RFID\vendor\laravel\framework\src\Illuminate\Routing\Pipeline.php(30): Illuminate\Foundation\Http\Kernel->Illuminate\Foundation\Http\{closure}(Object(Illuminate\Http\Request))
#32 D:\Van\Giao Trinh\LUAN VAN\PROJECT\Sources\DD_RFID\vendor\laravel\framework\src\Illuminate\Foundation\Http\Middleware\TransformsRequest.php(30): Illuminate\Routing\Pipeline->Illuminate\Routing\{closure}(Object(Illuminate\Http\Request))
#33 D:\Van\Giao Trinh\LUAN VAN\PROJECT\Sources\DD_RFID\vendor\laravel\framework\src\Illuminate\Pipeline\Pipeline.php(148): Illuminate\Foundation\Http\Middleware\TransformsRequest->handle(Object(Illuminate\Http\Request), Object(Closure))
#34 D:\Van\Giao Trinh\LUAN VAN\PROJECT\Sources\DD_RFID\vendor\laravel\framework\src\Illuminate\Routing\Pipeline.php(53): Illuminate\Pipeline\Pipeline->Illuminate\Pipeline\{closure}(Object(Illuminate\Http\Request))
#35 D:\Van\Giao Trinh\LUAN VAN\PROJECT\Sources\DD_RFID\vendor\laravel\framework\src\Illuminate\Foundation\Http\Middleware\TransformsRequest.php(30): Illuminate\Routing\Pipeline->Illuminate\Routing\{closure}(Object(Illuminate\Http\Request))
#36 D:\Van\Giao Trinh\LUAN VAN\PROJECT\Sources\DD_RFID\vendor\laravel\framework\src\Illuminate\Pipeline\Pipeline.php(148): Illuminate\Foundation\Http\Middleware\TransformsRequest->handle(Object(Illuminate\Http\Request), Object(Closure))
#37 D:\Van\Giao Trinh\LUAN VAN\PROJECT\Sources\DD_RFID\vendor\laravel\framework\src\Illuminate\Routing\Pipeline.php(53): Illuminate\Pipeline\Pipeline->Illuminate\Pipeline\{closure}(Object(Illuminate\Http\Request))
#38 D:\Van\Giao Trinh\LUAN VAN\PROJECT\Sources\DD_RFID\vendor\laravel\framework\src\Illuminate\Foundation\Http\Middleware\ValidatePostSize.php(27): Illuminate\Routing\Pipeline->Illuminate\Routing\{closure}(Object(Illuminate\Http\Request))
#39 D:\Van\Giao Trinh\LUAN VAN\PROJECT\Sources\DD_RFID\vendor\laravel\framework\src\Illuminate\Pipeline\Pipeline.php(148): Illuminate\Foundation\Http\Middleware\ValidatePostSize->handle(Object(Illuminate\Http\Request), Object(Closure))
#40 D:\Van\Giao Trinh\LUAN VAN\PROJECT\Sources\DD_RFID\vendor\laravel\framework\src\Illuminate\Routing\Pipeline.php(53): Illuminate\Pipeline\Pipeline->Illuminate\Pipeline\{closure}(Object(Illuminate\Http\Request))
#41 D:\Van\Giao Trinh\LUAN VAN\PROJECT\Sources\DD_RFID\vendor\laravel\framework\src\Illuminate\Foundation\Http\Middleware\CheckForMaintenanceMode.php(46): Illuminate\Routing\Pipeline->Illuminate\Routing\{closure}(Object(Illuminate\Http\Request))
#42 D:\Van\Giao Trinh\LUAN VAN\PROJECT\Sources\DD_RFID\vendor\laravel\framework\src\Illuminate\Pipeline\Pipeline.php(148): Illuminate\Foundation\Http\Middleware\CheckForMaintenanceMode->handle(Object(Illuminate\Http\Request), Object(Closure))
#43 D:\Van\Giao Trinh\LUAN VAN\PROJECT\Sources\DD_RFID\vendor\laravel\framework\src\Illuminate\Routing\Pipeline.php(53): Illuminate\Pipeline\Pipeline->Illuminate\Pipeline\{closure}(Object(Illuminate\Http\Request))
#44 D:\Van\Giao Trinh\LUAN VAN\PROJECT\Sources\DD_RFID\vendor\laravel\framework\src\Illuminate\Pipeline\Pipeline.php(102): Illuminate\Routing\Pipeline->Illuminate\Routing\{closure}(Object(Illuminate\Http\Request))
#45 D:\Van\Giao Trinh\LUAN VAN\PROJECT\Sources\DD_RFID\vendor\laravel\framework\src\Illuminate\Foundation\Http\Kernel.php(151): Illuminate\Pipeline\Pipeline->then(Object(Closure))
#46 D:\Van\Giao Trinh\LUAN VAN\PROJECT\Sources\DD_RFID\vendor\laravel\framework\src\Illuminate\Foundation\Http\Kernel.php(116): Illuminate\Foundation\Http\Kernel->sendRequestThroughRouter(Object(Illuminate\Http\Request))
#47 D:\Van\Giao Trinh\LUAN VAN\PROJECT\Sources\DD_RFID\public\index.php(53): Illuminate\Foundation\Http\Kernel->handle(Object(Illuminate\Http\Request))
#48 {main}  
[2017-11-12 12:22:07] local.DEBUG: Trần Quản Trị chọn cập nhật thẻ 0001352122 cho chủ thẻ 00123459
  
[2017-11-12 12:22:07] local.ERROR: ErrorException: Undefined variable: mathe in D:\Van\Giao Trinh\LUAN VAN\PROJECT\Sources\DD_RFID\app\Http\Controllers\CardController.php:267
Stack trace:
#0 D:\Van\Giao Trinh\LUAN VAN\PROJECT\Sources\DD_RFID\app\Http\Controllers\CardController.php(267): Illuminate\Foundation\Bootstrap\HandleExceptions->handleError(8, 'Undefined varia...', 'D:\\Van\\Giao Tri...', 267, Array)
#1 [internal function]: App\Http\Controllers\CardController->DangKyTheCu(Object(Illuminate\Http\Request))
#2 D:\Van\Giao Trinh\LUAN VAN\PROJECT\Sources\DD_RFID\vendor\laravel\framework\src\Illuminate\Routing\Controller.php(55): call_user_func_array(Array, Array)
#3 D:\Van\Giao Trinh\LUAN VAN\PROJECT\Sources\DD_RFID\vendor\laravel\framework\src\Illuminate\Routing\ControllerDispatcher.php(44): Illuminate\Routing\Controller->callAction('DangKyTheCu', Array)
#4 D:\Van\Giao Trinh\LUAN VAN\PROJECT\Sources\DD_RFID\vendor\laravel\framework\src\Illuminate\Routing\Route.php(203): Illuminate\Routing\ControllerDispatcher->dispatch(Object(Illuminate\Routing\Route), Object(App\Http\Controllers\CardController), 'DangKyTheCu')
#5 D:\Van\Giao Trinh\LUAN VAN\PROJECT\Sources\DD_RFID\vendor\laravel\framework\src\Illuminate\Routing\Route.php(160): Illuminate\Routing\Route->runController()
#6 D:\Van\Giao Trinh\LUAN VAN\PROJECT\Sources\DD_RFID\vendor\laravel\framework\src\Illuminate\Routing\Router.php(572): Illuminate\Routing\Route->run()
#7 D:\Van\Giao Trinh\LUAN VAN\PROJECT\Sources\DD_RFID\vendor\laravel\framework\src\Illuminate\Routing\Pipeline.php(30): Illuminate\Routing\Router->Illuminate\Routing\{closure}(Object(Illuminate\Http\Request))
#8 D:\Van\Giao Trinh\LUAN VAN\PROJECT\Sources\DD_RFID\vendor\laravel\framework\src\Illuminate\Routing\Middleware\SubstituteBindings.php(41): Illuminate\Routing\Pipeline->Illuminate\Routing\{closure}(Object(Illuminate\Http\Request))
#9 D:\Van\Giao Trinh\LUAN VAN\PROJECT\Sources\DD_RFID\vendor\laravel\framework\src\Illuminate\Pipeline\Pipeline.php(148): Illuminate\Routing\Middleware\SubstituteBindings->handle(Object(Illuminate\Http\Request), Object(Closure))
#10 D:\Van\Giao Trinh\LUAN VAN\PROJECT\Sources\DD_RFID\vendor\laravel\framework\src\Illuminate\Routing\Pipeline.php(53): Illuminate\Pipeline\Pipeline->Illuminate\Pipeline\{closure}(Object(Illuminate\Http\Request))
#11 D:\Van\Giao Trinh\LUAN VAN\PROJECT\Sources\DD_RFID\vendor\laravel\framework\src\Illuminate\Foundation\Http\Middleware\VerifyCsrfToken.php(65): Illuminate\Routing\Pipeline->Illuminate\Routing\{closure}(Object(Illuminate\Http\Request))
#12 D:\Van\Giao Trinh\LUAN VAN\PROJECT\Sources\DD_RFID\vendor\laravel\framework\src\Illuminate\Pipeline\Pipeline.php(148): Illuminate\Foundation\Http\Middleware\VerifyCsrfToken->handle(Object(Illuminate\Http\Request), Object(Closure))
#13 D:\Van\Giao Trinh\LUAN VAN\PROJECT\Sources\DD_RFID\vendor\laravel\framework\src\Illuminate\Routing\Pipeline.php(53): Illuminate\Pipeline\Pipeline->Illuminate\Pipeline\{closure}(Object(Illuminate\Http\Request))
#14 D:\Van\Giao Trinh\LUAN VAN\PROJECT\Sources\DD_RFID\vendor\laravel\framework\src\Illuminate\View\Middleware\ShareErrorsFromSession.php(49): Illuminate\Routing\Pipeline->Illuminate\Routing\{closure}(Object(Illuminate\Http\Request))
#15 D:\Van\Giao Trinh\LUAN VAN\PROJECT\Sources\DD_RFID\vendor\laravel\framework\src\Illuminate\Pipeline\Pipeline.php(148): Illuminate\View\Middleware\ShareErrorsFromSession->handle(Object(Illuminate\Http\Request), Object(Closure))
#16 D:\Van\Giao Trinh\LUAN VAN\PROJECT\Sources\DD_RFID\vendor\laravel\framework\src\Illuminate\Routing\Pipeline.php(53): Illuminate\Pipeline\Pipeline->Illuminate\Pipeline\{closure}(Object(Illuminate\Http\Request))
#17 D:\Van\Giao Trinh\LUAN VAN\PROJECT\Sources\DD_RFID\vendor\laravel\framework\src\Illuminate\Session\Middleware\StartSession.php(64): Illuminate\Routing\Pipeline->Illuminate\Routing\{closure}(Object(Illuminate\Http\Request))
#18 D:\Van\Giao Trinh\LUAN VAN\PROJECT\Sources\DD_RFID\vendor\laravel\framework\src\Illuminate\Pipeline\Pipeline.php(148): Illuminate\Session\Middleware\StartSession->handle(Object(Illuminate\Http\Request), Object(Closure))
#19 D:\Van\Giao Trinh\LUAN VAN\PROJECT\Sources\DD_RFID\vendor\laravel\framework\src\Illuminate\Routing\Pipeline.php(53): Illuminate\Pipeline\Pipeline->Illuminate\Pipeline\{closure}(Object(Illuminate\Http\Request))
#20 D:\Van\Giao Trinh\LUAN VAN\PROJECT\Sources\DD_RFID\vendor\laravel\framework\src\Illuminate\Cookie\Middleware\AddQueuedCookiesToResponse.php(37): Illuminate\Routing\Pipeline->Illuminate\Routing\{closure}(Object(Illuminate\Http\Request))
#21 D:\Van\Giao Trinh\LUAN VAN\PROJECT\Sources\DD_RFID\vendor\laravel\framework\src\Illuminate\Pipeline\Pipeline.php(148): Illuminate\Cookie\Middleware\AddQueuedCookiesToResponse->handle(Object(Illuminate\Http\Request), Object(Closure))
#22 D:\Van\Giao Trinh\LUAN VAN\PROJECT\Sources\DD_RFID\vendor\laravel\framework\src\Illuminate\Routing\Pipeline.php(53): Illuminate\Pipeline\Pipeline->Illuminate\Pipeline\{closure}(Object(Illuminate\Http\Request))
#23 D:\Van\Giao Trinh\LUAN VAN\PROJECT\Sources\DD_RFID\vendor\laravel\framework\src\Illuminate\Cookie\Middleware\EncryptCookies.php(59): Illuminate\Routing\Pipeline->Illuminate\Routing\{closure}(Object(Illuminate\Http\Request))
#24 D:\Van\Giao Trinh\LUAN VAN\PROJECT\Sources\DD_RFID\vendor\laravel\framework\src\Illuminate\Pipeline\Pipeline.php(148): Illuminate\Cookie\Middleware\EncryptCookies->handle(Object(Illuminate\Http\Request), Object(Closure))
#25 D:\Van\Giao Trinh\LUAN VAN\PROJECT\Sources\DD_RFID\vendor\laravel\framework\src\Illuminate\Routing\Pipeline.php(53): Illuminate\Pipeline\Pipeline->Illuminate\Pipeline\{closure}(Object(Illuminate\Http\Request))
#26 D:\Van\Giao Trinh\LUAN VAN\PROJECT\Sources\DD_RFID\vendor\laravel\framework\src\Illuminate\Pipeline\Pipeline.php(102): Illuminate\Routing\Pipeline->Illuminate\Routing\{closure}(Object(Illuminate\Http\Request))
#27 D:\Van\Giao Trinh\LUAN VAN\PROJECT\Sources\DD_RFID\vendor\laravel\framework\src\Illuminate\Routing\Router.php(574): Illuminate\Pipeline\Pipeline->then(Object(Closure))
#28 D:\Van\Giao Trinh\LUAN VAN\PROJECT\Sources\DD_RFID\vendor\laravel\framework\src\Illuminate\Routing\Router.php(533): Illuminate\Routing\Router->runRouteWithinStack(Object(Illuminate\Routing\Route), Object(Illuminate\Http\Request))
#29 D:\Van\Giao Trinh\LUAN VAN\PROJECT\Sources\DD_RFID\vendor\laravel\framework\src\Illuminate\Routing\Router.php(511): Illuminate\Routing\Router->dispatchToRoute(Object(Illuminate\Http\Request))
#30 D:\Van\Giao Trinh\LUAN VAN\PROJECT\Sources\DD_RFID\vendor\laravel\framework\src\Illuminate\Foundation\Http\Kernel.php(176): Illuminate\Routing\Router->dispatch(Object(Illuminate\Http\Request))
#31 D:\Van\Giao Trinh\LUAN VAN\PROJECT\Sources\DD_RFID\vendor\laravel\framework\src\Illuminate\Routing\Pipeline.php(30): Illuminate\Foundation\Http\Kernel->Illuminate\Foundation\Http\{closure}(Object(Illuminate\Http\Request))
#32 D:\Van\Giao Trinh\LUAN VAN\PROJECT\Sources\DD_RFID\vendor\laravel\framework\src\Illuminate\Foundation\Http\Middleware\TransformsRequest.php(30): Illuminate\Routing\Pipeline->Illuminate\Routing\{closure}(Object(Illuminate\Http\Request))
#33 D:\Van\Giao Trinh\LUAN VAN\PROJECT\Sources\DD_RFID\vendor\laravel\framework\src\Illuminate\Pipeline\Pipeline.php(148): Illuminate\Foundation\Http\Middleware\TransformsRequest->handle(Object(Illuminate\Http\Request), Object(Closure))
#34 D:\Van\Giao Trinh\LUAN VAN\PROJECT\Sources\DD_RFID\vendor\laravel\framework\src\Illuminate\Routing\Pipeline.php(53): Illuminate\Pipeline\Pipeline->Illuminate\Pipeline\{closure}(Object(Illuminate\Http\Request))
#35 D:\Van\Giao Trinh\LUAN VAN\PROJECT\Sources\DD_RFID\vendor\laravel\framework\src\Illuminate\Foundation\Http\Middleware\TransformsRequest.php(30): Illuminate\Routing\Pipeline->Illuminate\Routing\{closure}(Object(Illuminate\Http\Request))
#36 D:\Van\Giao Trinh\LUAN VAN\PROJECT\Sources\DD_RFID\vendor\laravel\framework\src\Illuminate\Pipeline\Pipeline.php(148): Illuminate\Foundation\Http\Middleware\TransformsRequest->handle(Object(Illuminate\Http\Request), Object(Closure))
#37 D:\Van\Giao Trinh\LUAN VAN\PROJECT\Sources\DD_RFID\vendor\laravel\framework\src\Illuminate\Routing\Pipeline.php(53): Illuminate\Pipeline\Pipeline->Illuminate\Pipeline\{closure}(Object(Illuminate\Http\Request))
#38 D:\Van\Giao Trinh\LUAN VAN\PROJECT\Sources\DD_RFID\vendor\laravel\framework\src\Illuminate\Foundation\Http\Middleware\ValidatePostSize.php(27): Illuminate\Routing\Pipeline->Illuminate\Routing\{closure}(Object(Illuminate\Http\Request))
#39 D:\Van\Giao Trinh\LUAN VAN\PROJECT\Sources\DD_RFID\vendor\laravel\framework\src\Illuminate\Pipeline\Pipeline.php(148): Illuminate\Foundation\Http\Middleware\ValidatePostSize->handle(Object(Illuminate\Http\Request), Object(Closure))
#40 D:\Van\Giao Trinh\LUAN VAN\PROJECT\Sources\DD_RFID\vendor\laravel\framework\src\Illuminate\Routing\Pipeline.php(53): Illuminate\Pipeline\Pipeline->Illuminate\Pipeline\{closure}(Object(Illuminate\Http\Request))
#41 D:\Van\Giao Trinh\LUAN VAN\PROJECT\Sources\DD_RFID\vendor\laravel\framework\src\Illuminate\Foundation\Http\Middleware\CheckForMaintenanceMode.php(46): Illuminate\Routing\Pipeline->Illuminate\Routing\{closure}(Object(Illuminate\Http\Request))
#42 D:\Van\Giao Trinh\LUAN VAN\PROJECT\Sources\DD_RFID\vendor\laravel\framework\src\Illuminate\Pipeline\Pipeline.php(148): Illuminate\Foundation\Http\Middleware\CheckForMaintenanceMode->handle(Object(Illuminate\Http\Request), Object(Closure))
#43 D:\Van\Giao Trinh\LUAN VAN\PROJECT\Sources\DD_RFID\vendor\laravel\framework\src\Illuminate\Routing\Pipeline.php(53): Illuminate\Pipeline\Pipeline->Illuminate\Pipeline\{closure}(Object(Illuminate\Http\Request))
#44 D:\Van\Giao Trinh\LUAN VAN\PROJECT\Sources\DD_RFID\vendor\laravel\framework\src\Illuminate\Pipeline\Pipeline.php(102): Illuminate\Routing\Pipeline->Illuminate\Routing\{closure}(Object(Illuminate\Http\Request))
#45 D:\Van\Giao Trinh\LUAN VAN\PROJECT\Sources\DD_RFID\vendor\laravel\framework\src\Illuminate\Foundation\Http\Kernel.php(151): Illuminate\Pipeline\Pipeline->then(Object(Closure))
#46 D:\Van\Giao Trinh\LUAN VAN\PROJECT\Sources\DD_RFID\vendor\laravel\framework\src\Illuminate\Foundation\Http\Kernel.php(116): Illuminate\Foundation\Http\Kernel->sendRequestThroughRouter(Object(Illuminate\Http\Request))
#47 D:\Van\Giao Trinh\LUAN VAN\PROJECT\Sources\DD_RFID\public\index.php(53): Illuminate\Foundation\Http\Kernel->handle(Object(Illuminate\Http\Request))
#48 {main}  
[2017-11-12 12:22:48] local.DEBUG: Trần Quản Trị chọn cập nhật thẻ 0001352122 cho chủ thẻ 00123459
  
[2017-11-12 12:22:48] local.INFO: Thẻ 0001352122 đã có cán bộ sở hữu
  
[2017-11-12 12:22:48] local.INFO: Thẻ 0001352122 đã có cán bộ sở hữu
  
[2017-11-12 12:23:00] local.INFO: Trần Quản Trị kiểm tra thẻ 0001352122
  
[2017-11-12 12:23:00] local.DEBUG: Thẻ 0001352122 đã có cán bộ 00123459 sở hữu
  
[2017-11-12 12:23:03] local.INFO: Trần Quản Trị vào trang đăng ký thẻ
  
[2017-11-12 12:23:05] local.INFO: Trần Quản Trị vào trang cán bộ
  
[2017-11-12 12:23:08] local.DEBUG: Trần Quản Trị xóa cán bộ 00123459
  
[2017-11-12 12:23:08] local.INFO: Trần Quản Trị vào trang cán bộ
  
[2017-11-12 12:23:09] local.INFO: Trần Quản Trị vào trang đăng ký thẻ
  
[2017-11-12 12:23:12] local.INFO: Trần Quản Trị kiểm tra thẻ 0001352122
  
[2017-11-12 12:23:12] local.DEBUG: Thẻ 0001352122 hợp lệ để đăng ký
  
[2017-11-12 12:23:15] local.INFO: Trần Quản Trị vào trang cán bộ
  
[2017-11-12 12:23:21] local.INFO: Trần Quản Trị vào trang đăng ký thẻ
  
[2017-11-12 12:23:24] local.INFO: Trần Quản Trị kiểm tra thẻ 0001352122
  
[2017-11-12 12:23:24] local.DEBUG: Thẻ 0001352122 hợp lệ để đăng ký
  
[2017-11-12 12:23:43] local.DEBUG: Trần Quản Trị chọn cập nhật thẻ 0001352122 cho chủ thẻ B1500099
  
[2017-11-12 12:23:43] local.DEBUG: Chủ thẻ B1500099 không tồn tại
  
[2017-11-12 12:23:43] local.DEBUG: Chủ thẻ B1500099 không tồn tại
  
[2017-11-12 12:23:51] local.DEBUG: Trần Quản Trị chọn cập nhật thẻ 0001352122 cho chủ thẻ 00123461
  
[2017-11-12 12:23:51] local.DEBUG: Cán bộ 00123461 đã cập nhật mã thẻ thành 0001352122
  
[2017-11-12 12:23:51] local.DEBUG: Cán bộ 00123461 đã cập nhật mã thẻ thành 0001352122
  
[2017-11-12 12:23:51] local.INFO: Trần Quản Trị vào trang đăng ký thẻ
  
[2017-11-12 12:23:58] local.INFO: Trần Quản Trị vào trang cán bộ
  
[2017-11-12 12:24:38] local.INFO: Trần Quản Trị vào trang sinh viên
  
[2017-11-12 12:24:39] local.INFO: Trần Quản Trị vào trang cán bộ
  
[2017-11-12 12:24:42] local.DEBUG: Trần Quản Trị xóa cán bộ 00123461
  
[2017-11-12 12:24:43] local.INFO: Trần Quản Trị vào trang cán bộ
  
[2017-11-12 12:24:45] local.INFO: Trần Quản Trị vào trang đăng ký thẻ
  
[2017-11-12 12:24:48] local.INFO: Trần Quản Trị kiểm tra thẻ 0001352122
  
[2017-11-12 12:24:48] local.DEBUG: Thẻ 0001352122 hợp lệ để đăng ký
  
[2017-11-12 12:24:50] local.INFO: Trần Quản Trị vào trang sinh viên
  
[2017-11-12 12:24:53] local.INFO: Trần Quản Trị vào trang đăng ký thẻ
  
[2017-11-12 12:24:56] local.INFO: Trần Quản Trị kiểm tra thẻ 0001352122
  
[2017-11-12 12:24:56] local.DEBUG: Thẻ 0001352122 hợp lệ để đăng ký
  
[2017-11-12 12:25:00] local.DEBUG: Trần Quản Trị chọn cập nhật thẻ 0001352122 cho chủ thẻ B1700001
  
[2017-11-12 12:25:00] local.DEBUG: Sinh viên B1700001 đã cập nhật mã thẻ thành 0001352122
  
[2017-11-12 12:25:00] local.DEBUG: Sinh viên B1700001 đã cập nhật mã thẻ thành 0001352122
  
[2017-11-12 12:25:00] local.INFO: Trần Quản Trị vào trang đăng ký thẻ
  
[2017-11-12 14:13:07] local.INFO: Trần Quản Trị vào trang cán bộ
  
[2017-11-12 14:39:51] local.INFO: Trần Quản Trị vào trang cán bộ
  
[2017-11-12 14:40:05] local.INFO: Trần Quản Trị vào trang cán bộ
  
[2017-11-12 14:40:28] local.INFO: Trần Quản Trị vào trang cán bộ
  
[2017-11-12 14:41:53] local.INFO: Trần Quản Trị vào trang cán bộ
  
[2017-11-12 14:41:59] local.DEBUG: Trần Quản Trị hủy thẻ cán bộ 00123458
  
[2017-11-12 14:42:00] local.INFO: Trần Quản Trị vào trang cán bộ
  
[2017-11-12 14:43:56] local.INFO: Trần Quản Trị vào trang cán bộ
  
[2017-11-12 14:43:59] local.INFO: Trần Quản Trị vào trang cán bộ
  
[2017-11-12 14:45:22] local.INFO: Trần Quản Trị vào trang sinh viên
  
[2017-11-12 14:45:22] local.ERROR: ErrorException: Undefined variable: canbo in D:\Van\Giao Trinh\LUAN VAN\PROJECT\Sources\DD_RFID\storage\framework\views\3d3e84b0666c37772acb8c1a0f1501823a5baf1f.php:284
Stack trace:
#0 D:\Van\Giao Trinh\LUAN VAN\PROJECT\Sources\DD_RFID\storage\framework\views\3d3e84b0666c37772acb8c1a0f1501823a5baf1f.php(284): Illuminate\Foundation\Bootstrap\HandleExceptions->handleError(8, 'Undefined varia...', 'D:\\Van\\Giao Tri...', 284, Array)
#1 D:\Van\Giao Trinh\LUAN VAN\PROJECT\Sources\DD_RFID\vendor\laravel\framework\src\Illuminate\View\Engines\PhpEngine.php(42): include('D:\\Van\\Giao Tri...')
#2 D:\Van\Giao Trinh\LUAN VAN\PROJECT\Sources\DD_RFID\vendor\laravel\framework\src\Illuminate\View\Engines\CompilerEngine.php(59): Illuminate\View\Engines\PhpEngine->evaluatePath('D:\\Van\\Giao Tri...', Array)
#3 D:\Van\Giao Trinh\LUAN VAN\PROJECT\Sources\DD_RFID\vendor\laravel\framework\src\Illuminate\View\View.php(137): Illuminate\View\Engines\CompilerEngine->get('D:\\Van\\Giao Tri...', Array)
#4 D:\Van\Giao Trinh\LUAN VAN\PROJECT\Sources\DD_RFID\vendor\laravel\framework\src\Illuminate\View\View.php(120): Illuminate\View\View->getContents()
#5 D:\Van\Giao Trinh\LUAN VAN\PROJECT\Sources\DD_RFID\vendor\laravel\framework\src\Illuminate\View\View.php(85): Illuminate\View\View->renderContents()
#6 D:\Van\Giao Trinh\LUAN VAN\PROJECT\Sources\DD_RFID\vendor\laravel\framework\src\Illuminate\Http\Response.php(38): Illuminate\View\View->render()
#7 D:\Van\Giao Trinh\LUAN VAN\PROJECT\Sources\DD_RFID\vendor\symfony\http-foundation\Response.php(201): Illuminate\Http\Response->setContent(Object(Illuminate\View\View))
#8 D:\Van\Giao Trinh\LUAN VAN\PROJECT\Sources\DD_RFID\vendor\laravel\framework\src\Illuminate\Routing\Router.php(615): Symfony\Component\HttpFoundation\Response->__construct(Object(Illuminate\View\View))
#9 D:\Van\Giao Trinh\LUAN VAN\PROJECT\Sources\DD_RFID\vendor\laravel\framework\src\Illuminate\Routing\Router.php(572): Illuminate\Routing\Router->prepareResponse(Object(Illuminate\Http\Request), Object(Illuminate\View\View))
#10 D:\Van\Giao Trinh\LUAN VAN\PROJECT\Sources\DD_RFID\vendor\laravel\framework\src\Illuminate\Routing\Pipeline.php(30): Illuminate\Routing\Router->Illuminate\Routing\{closure}(Object(Illuminate\Http\Request))
#11 D:\Van\Giao Trinh\LUAN VAN\PROJECT\Sources\DD_RFID\vendor\laravel\framework\src\Illuminate\Routing\Middleware\SubstituteBindings.php(41): Illuminate\Routing\Pipeline->Illuminate\Routing\{closure}(Object(Illuminate\Http\Request))
#12 D:\Van\Giao Trinh\LUAN VAN\PROJECT\Sources\DD_RFID\vendor\laravel\framework\src\Illuminate\Pipeline\Pipeline.php(148): Illuminate\Routing\Middleware\SubstituteBindings->handle(Object(Illuminate\Http\Request), Object(Closure))
#13 D:\Van\Giao Trinh\LUAN VAN\PROJECT\Sources\DD_RFID\vendor\laravel\framework\src\Illuminate\Routing\Pipeline.php(53): Illuminate\Pipeline\Pipeline->Illuminate\Pipeline\{closure}(Object(Illuminate\Http\Request))
#14 D:\Van\Giao Trinh\LUAN VAN\PROJECT\Sources\DD_RFID\vendor\laravel\framework\src\Illuminate\Foundation\Http\Middleware\VerifyCsrfToken.php(65): Illuminate\Routing\Pipeline->Illuminate\Routing\{closure}(Object(Illuminate\Http\Request))
#15 D:\Van\Giao Trinh\LUAN VAN\PROJECT\Sources\DD_RFID\vendor\laravel\framework\src\Illuminate\Pipeline\Pipeline.php(148): Illuminate\Foundation\Http\Middleware\VerifyCsrfToken->handle(Object(Illuminate\Http\Request), Object(Closure))
#16 D:\Van\Giao Trinh\LUAN VAN\PROJECT\Sources\DD_RFID\vendor\laravel\framework\src\Illuminate\Routing\Pipeline.php(53): Illuminate\Pipeline\Pipeline->Illuminate\Pipeline\{closure}(Object(Illuminate\Http\Request))
#17 D:\Van\Giao Trinh\LUAN VAN\PROJECT\Sources\DD_RFID\vendor\laravel\framework\src\Illuminate\View\Middleware\ShareErrorsFromSession.php(49): Illuminate\Routing\Pipeline->Illuminate\Routing\{closure}(Object(Illuminate\Http\Request))
#18 D:\Van\Giao Trinh\LUAN VAN\PROJECT\Sources\DD_RFID\vendor\laravel\framework\src\Illuminate\Pipeline\Pipeline.php(148): Illuminate\View\Middleware\ShareErrorsFromSession->handle(Object(Illuminate\Http\Request), Object(Closure))
#19 D:\Van\Giao Trinh\LUAN VAN\PROJECT\Sources\DD_RFID\vendor\laravel\framework\src\Illuminate\Routing\Pipeline.php(53): Illuminate\Pipeline\Pipeline->Illuminate\Pipeline\{closure}(Object(Illuminate\Http\Request))
#20 D:\Van\Giao Trinh\LUAN VAN\PROJECT\Sources\DD_RFID\vendor\laravel\framework\src\Illuminate\Session\Middleware\StartSession.php(64): Illuminate\Routing\Pipeline->Illuminate\Routing\{closure}(Object(Illuminate\Http\Request))
#21 D:\Van\Giao Trinh\LUAN VAN\PROJECT\Sources\DD_RFID\vendor\laravel\framework\src\Illuminate\Pipeline\Pipeline.php(148): Illuminate\Session\Middleware\StartSession->handle(Object(Illuminate\Http\Request), Object(Closure))
#22 D:\Van\Giao Trinh\LUAN VAN\PROJECT\Sources\DD_RFID\vendor\laravel\framework\src\Illuminate\Routing\Pipeline.php(53): Illuminate\Pipeline\Pipeline->Illuminate\Pipeline\{closure}(Object(Illuminate\Http\Request))
#23 D:\Van\Giao Trinh\LUAN VAN\PROJECT\Sources\DD_RFID\vendor\laravel\framework\src\Illuminate\Cookie\Middleware\AddQueuedCookiesToResponse.php(37): Illuminate\Routing\Pipeline->Illuminate\Routing\{closure}(Object(Illuminate\Http\Request))
#24 D:\Van\Giao Trinh\LUAN VAN\PROJECT\Sources\DD_RFID\vendor\laravel\framework\src\Illuminate\Pipeline\Pipeline.php(148): Illuminate\Cookie\Middleware\AddQueuedCookiesToResponse->handle(Object(Illuminate\Http\Request), Object(Closure))
#25 D:\Van\Giao Trinh\LUAN VAN\PROJECT\Sources\DD_RFID\vendor\laravel\framework\src\Illuminate\Routing\Pipeline.php(53): Illuminate\Pipeline\Pipeline->Illuminate\Pipeline\{closure}(Object(Illuminate\Http\Request))
#26 D:\Van\Giao Trinh\LUAN VAN\PROJECT\Sources\DD_RFID\vendor\laravel\framework\src\Illuminate\Cookie\Middleware\EncryptCookies.php(59): Illuminate\Routing\Pipeline->Illuminate\Routing\{closure}(Object(Illuminate\Http\Request))
#27 D:\Van\Giao Trinh\LUAN VAN\PROJECT\Sources\DD_RFID\vendor\laravel\framework\src\Illuminate\Pipeline\Pipeline.php(148): Illuminate\Cookie\Middleware\EncryptCookies->handle(Object(Illuminate\Http\Request), Object(Closure))
#28 D:\Van\Giao Trinh\LUAN VAN\PROJECT\Sources\DD_RFID\vendor\laravel\framework\src\Illuminate\Routing\Pipeline.php(53): Illuminate\Pipeline\Pipeline->Illuminate\Pipeline\{closure}(Object(Illuminate\Http\Request))
#29 D:\Van\Giao Trinh\LUAN VAN\PROJECT\Sources\DD_RFID\vendor\laravel\framework\src\Illuminate\Pipeline\Pipeline.php(102): Illuminate\Routing\Pipeline->Illuminate\Routing\{closure}(Object(Illuminate\Http\Request))
#30 D:\Van\Giao Trinh\LUAN VAN\PROJECT\Sources\DD_RFID\vendor\laravel\framework\src\Illuminate\Routing\Router.php(574): Illuminate\Pipeline\Pipeline->then(Object(Closure))
#31 D:\Van\Giao Trinh\LUAN VAN\PROJECT\Sources\DD_RFID\vendor\laravel\framework\src\Illuminate\Routing\Router.php(533): Illuminate\Routing\Router->runRouteWithinStack(Object(Illuminate\Routing\Route), Object(Illuminate\Http\Request))
#32 D:\Van\Giao Trinh\LUAN VAN\PROJECT\Sources\DD_RFID\vendor\laravel\framework\src\Illuminate\Routing\Router.php(511): Illuminate\Routing\Router->dispatchToRoute(Object(Illuminate\Http\Request))
#33 D:\Van\Giao Trinh\LUAN VAN\PROJECT\Sources\DD_RFID\vendor\laravel\framework\src\Illuminate\Foundation\Http\Kernel.php(176): Illuminate\Routing\Router->dispatch(Object(Illuminate\Http\Request))
#34 D:\Van\Giao Trinh\LUAN VAN\PROJECT\Sources\DD_RFID\vendor\laravel\framework\src\Illuminate\Routing\Pipeline.php(30): Illuminate\Foundation\Http\Kernel->Illuminate\Foundation\Http\{closure}(Object(Illuminate\Http\Request))
#35 D:\Van\Giao Trinh\LUAN VAN\PROJECT\Sources\DD_RFID\vendor\laravel\framework\src\Illuminate\Foundation\Http\Middleware\TransformsRequest.php(30): Illuminate\Routing\Pipeline->Illuminate\Routing\{closure}(Object(Illuminate\Http\Request))
#36 D:\Van\Giao Trinh\LUAN VAN\PROJECT\Sources\DD_RFID\vendor\laravel\framework\src\Illuminate\Pipeline\Pipeline.php(148): Illuminate\Foundation\Http\Middleware\TransformsRequest->handle(Object(Illuminate\Http\Request), Object(Closure))
#37 D:\Van\Giao Trinh\LUAN VAN\PROJECT\Sources\DD_RFID\vendor\laravel\framework\src\Illuminate\Routing\Pipeline.php(53): Illuminate\Pipeline\Pipeline->Illuminate\Pipeline\{closure}(Object(Illuminate\Http\Request))
#38 D:\Van\Giao Trinh\LUAN VAN\PROJECT\Sources\DD_RFID\vendor\laravel\framework\src\Illuminate\Foundation\Http\Middleware\TransformsRequest.php(30): Illuminate\Routing\Pipeline->Illuminate\Routing\{closure}(Object(Illuminate\Http\Request))
#39 D:\Van\Giao Trinh\LUAN VAN\PROJECT\Sources\DD_RFID\vendor\laravel\framework\src\Illuminate\Pipeline\Pipeline.php(148): Illuminate\Foundation\Http\Middleware\TransformsRequest->handle(Object(Illuminate\Http\Request), Object(Closure))
#40 D:\Van\Giao Trinh\LUAN VAN\PROJECT\Sources\DD_RFID\vendor\laravel\framework\src\Illuminate\Routing\Pipeline.php(53): Illuminate\Pipeline\Pipeline->Illuminate\Pipeline\{closure}(Object(Illuminate\Http\Request))
#41 D:\Van\Giao Trinh\LUAN VAN\PROJECT\Sources\DD_RFID\vendor\laravel\framework\src\Illuminate\Foundation\Http\Middleware\ValidatePostSize.php(27): Illuminate\Routing\Pipeline->Illuminate\Routing\{closure}(Object(Illuminate\Http\Request))
#42 D:\Van\Giao Trinh\LUAN VAN\PROJECT\Sources\DD_RFID\vendor\laravel\framework\src\Illuminate\Pipeline\Pipeline.php(148): Illuminate\Foundation\Http\Middleware\ValidatePostSize->handle(Object(Illuminate\Http\Request), Object(Closure))
#43 D:\Van\Giao Trinh\LUAN VAN\PROJECT\Sources\DD_RFID\vendor\laravel\framework\src\Illuminate\Routing\Pipeline.php(53): Illuminate\Pipeline\Pipeline->Illuminate\Pipeline\{closure}(Object(Illuminate\Http\Request))
#44 D:\Van\Giao Trinh\LUAN VAN\PROJECT\Sources\DD_RFID\vendor\laravel\framework\src\Illuminate\Foundation\Http\Middleware\CheckForMaintenanceMode.php(46): Illuminate\Routing\Pipeline->Illuminate\Routing\{closure}(Object(Illuminate\Http\Request))
#45 D:\Van\Giao Trinh\LUAN VAN\PROJECT\Sources\DD_RFID\vendor\laravel\framework\src\Illuminate\Pipeline\Pipeline.php(148): Illuminate\Foundation\Http\Middleware\CheckForMaintenanceMode->handle(Object(Illuminate\Http\Request), Object(Closure))
#46 D:\Van\Giao Trinh\LUAN VAN\PROJECT\Sources\DD_RFID\vendor\laravel\framework\src\Illuminate\Routing\Pipeline.php(53): Illuminate\Pipeline\Pipeline->Illuminate\Pipeline\{closure}(Object(Illuminate\Http\Request))
#47 D:\Van\Giao Trinh\LUAN VAN\PROJECT\Sources\DD_RFID\vendor\laravel\framework\src\Illuminate\Pipeline\Pipeline.php(102): Illuminate\Routing\Pipeline->Illuminate\Routing\{closure}(Object(Illuminate\Http\Request))
#48 D:\Van\Giao Trinh\LUAN VAN\PROJECT\Sources\DD_RFID\vendor\laravel\framework\src\Illuminate\Foundation\Http\Kernel.php(151): Illuminate\Pipeline\Pipeline->then(Object(Closure))
#49 D:\Van\Giao Trinh\LUAN VAN\PROJECT\Sources\DD_RFID\vendor\laravel\framework\src\Illuminate\Foundation\Http\Kernel.php(116): Illuminate\Foundation\Http\Kernel->sendRequestThroughRouter(Object(Illuminate\Http\Request))
#50 D:\Van\Giao Trinh\LUAN VAN\PROJECT\Sources\DD_RFID\public\index.php(53): Illuminate\Foundation\Http\Kernel->handle(Object(Illuminate\Http\Request))
#51 {main}

Next ErrorException: Undefined variable: canbo (View: D:\Van\Giao Trinh\LUAN VAN\PROJECT\Sources\DD_RFID\resources\views\sub_views\student.blade.php) in D:\Van\Giao Trinh\LUAN VAN\PROJECT\Sources\DD_RFID\storage\framework\views\3d3e84b0666c37772acb8c1a0f1501823a5baf1f.php:284
Stack trace:
#0 D:\Van\Giao Trinh\LUAN VAN\PROJECT\Sources\DD_RFID\vendor\laravel\framework\src\Illuminate\View\Engines\PhpEngine.php(44): Illuminate\View\Engines\CompilerEngine->handleViewException(Object(ErrorException), 1)
#1 D:\Van\Giao Trinh\LUAN VAN\PROJECT\Sources\DD_RFID\vendor\laravel\framework\src\Illuminate\View\Engines\CompilerEngine.php(59): Illuminate\View\Engines\PhpEngine->evaluatePath('D:\\Van\\Giao Tri...', Array)
#2 D:\Van\Giao Trinh\LUAN VAN\PROJECT\Sources\DD_RFID\vendor\laravel\framework\src\Illuminate\View\View.php(137): Illuminate\View\Engines\CompilerEngine->get('D:\\Van\\Giao Tri...', Array)
#3 D:\Van\Giao Trinh\LUAN VAN\PROJECT\Sources\DD_RFID\vendor\laravel\framework\src\Illuminate\View\View.php(120): Illuminate\View\View->getContents()
#4 D:\Van\Giao Trinh\LUAN VAN\PROJECT\Sources\DD_RFID\vendor\laravel\framework\src\Illuminate\View\View.php(85): Illuminate\View\View->renderContents()
#5 D:\Van\Giao Trinh\LUAN VAN\PROJECT\Sources\DD_RFID\vendor\laravel\framework\src\Illuminate\Http\Response.php(38): Illuminate\View\View->render()
#6 D:\Van\Giao Trinh\LUAN VAN\PROJECT\Sources\DD_RFID\vendor\symfony\http-foundation\Response.php(201): Illuminate\Http\Response->setContent(Object(Illuminate\View\View))
#7 D:\Van\Giao Trinh\LUAN VAN\PROJECT\Sources\DD_RFID\vendor\laravel\framework\src\Illuminate\Routing\Router.php(615): Symfony\Component\HttpFoundation\Response->__construct(Object(Illuminate\View\View))
#8 D:\Van\Giao Trinh\LUAN VAN\PROJECT\Sources\DD_RFID\vendor\laravel\framework\src\Illuminate\Routing\Router.php(572): Illuminate\Routing\Router->prepareResponse(Object(Illuminate\Http\Request), Object(Illuminate\View\View))
#9 D:\Van\Giao Trinh\LUAN VAN\PROJECT\Sources\DD_RFID\vendor\laravel\framework\src\Illuminate\Routing\Pipeline.php(30): Illuminate\Routing\Router->Illuminate\Routing\{closure}(Object(Illuminate\Http\Request))
#10 D:\Van\Giao Trinh\LUAN VAN\PROJECT\Sources\DD_RFID\vendor\laravel\framework\src\Illuminate\Routing\Middleware\SubstituteBindings.php(41): Illuminate\Routing\Pipeline->Illuminate\Routing\{closure}(Object(Illuminate\Http\Request))
#11 D:\Van\Giao Trinh\LUAN VAN\PROJECT\Sources\DD_RFID\vendor\laravel\framework\src\Illuminate\Pipeline\Pipeline.php(148): Illuminate\Routing\Middleware\SubstituteBindings->handle(Object(Illuminate\Http\Request), Object(Closure))
#12 D:\Van\Giao Trinh\LUAN VAN\PROJECT\Sources\DD_RFID\vendor\laravel\framework\src\Illuminate\Routing\Pipeline.php(53): Illuminate\Pipeline\Pipeline->Illuminate\Pipeline\{closure}(Object(Illuminate\Http\Request))
#13 D:\Van\Giao Trinh\LUAN VAN\PROJECT\Sources\DD_RFID\vendor\laravel\framework\src\Illuminate\Foundation\Http\Middleware\VerifyCsrfToken.php(65): Illuminate\Routing\Pipeline->Illuminate\Routing\{closure}(Object(Illuminate\Http\Request))
#14 D:\Van\Giao Trinh\LUAN VAN\PROJECT\Sources\DD_RFID\vendor\laravel\framework\src\Illuminate\Pipeline\Pipeline.php(148): Illuminate\Foundation\Http\Middleware\VerifyCsrfToken->handle(Object(Illuminate\Http\Request), Object(Closure))
#15 D:\Van\Giao Trinh\LUAN VAN\PROJECT\Sources\DD_RFID\vendor\laravel\framework\src\Illuminate\Routing\Pipeline.php(53): Illuminate\Pipeline\Pipeline->Illuminate\Pipeline\{closure}(Object(Illuminate\Http\Request))
#16 D:\Van\Giao Trinh\LUAN VAN\PROJECT\Sources\DD_RFID\vendor\laravel\framework\src\Illuminate\View\Middleware\ShareErrorsFromSession.php(49): Illuminate\Routing\Pipeline->Illuminate\Routing\{closure}(Object(Illuminate\Http\Request))
#17 D:\Van\Giao Trinh\LUAN VAN\PROJECT\Sources\DD_RFID\vendor\laravel\framework\src\Illuminate\Pipeline\Pipeline.php(148): Illuminate\View\Middleware\ShareErrorsFromSession->handle(Object(Illuminate\Http\Request), Object(Closure))
#18 D:\Van\Giao Trinh\LUAN VAN\PROJECT\Sources\DD_RFID\vendor\laravel\framework\src\Illuminate\Routing\Pipeline.php(53): Illuminate\Pipeline\Pipeline->Illuminate\Pipeline\{closure}(Object(Illuminate\Http\Request))
#19 D:\Van\Giao Trinh\LUAN VAN\PROJECT\Sources\DD_RFID\vendor\laravel\framework\src\Illuminate\Session\Middleware\StartSession.php(64): Illuminate\Routing\Pipeline->Illuminate\Routing\{closure}(Object(Illuminate\Http\Request))
#20 D:\Van\Giao Trinh\LUAN VAN\PROJECT\Sources\DD_RFID\vendor\laravel\framework\src\Illuminate\Pipeline\Pipeline.php(148): Illuminate\Session\Middleware\StartSession->handle(Object(Illuminate\Http\Request), Object(Closure))
#21 D:\Van\Giao Trinh\LUAN VAN\PROJECT\Sources\DD_RFID\vendor\laravel\framework\src\Illuminate\Routing\Pipeline.php(53): Illuminate\Pipeline\Pipeline->Illuminate\Pipeline\{closure}(Object(Illuminate\Http\Request))
#22 D:\Van\Giao Trinh\LUAN VAN\PROJECT\Sources\DD_RFID\vendor\laravel\framework\src\Illuminate\Cookie\Middleware\AddQueuedCookiesToResponse.php(37): Illuminate\Routing\Pipeline->Illuminate\Routing\{closure}(Object(Illuminate\Http\Request))
#23 D:\Van\Giao Trinh\LUAN VAN\PROJECT\Sources\DD_RFID\vendor\laravel\framework\src\Illuminate\Pipeline\Pipeline.php(148): Illuminate\Cookie\Middleware\AddQueuedCookiesToResponse->handle(Object(Illuminate\Http\Request), Object(Closure))
#24 D:\Van\Giao Trinh\LUAN VAN\PROJECT\Sources\DD_RFID\vendor\laravel\framework\src\Illuminate\Routing\Pipeline.php(53): Illuminate\Pipeline\Pipeline->Illuminate\Pipeline\{closure}(Object(Illuminate\Http\Request))
#25 D:\Van\Giao Trinh\LUAN VAN\PROJECT\Sources\DD_RFID\vendor\laravel\framework\src\Illuminate\Cookie\Middleware\EncryptCookies.php(59): Illuminate\Routing\Pipeline->Illuminate\Routing\{closure}(Object(Illuminate\Http\Request))
#26 D:\Van\Giao Trinh\LUAN VAN\PROJECT\Sources\DD_RFID\vendor\laravel\framework\src\Illuminate\Pipeline\Pipeline.php(148): Illuminate\Cookie\Middleware\EncryptCookies->handle(Object(Illuminate\Http\Request), Object(Closure))
#27 D:\Van\Giao Trinh\LUAN VAN\PROJECT\Sources\DD_RFID\vendor\laravel\framework\src\Illuminate\Routing\Pipeline.php(53): Illuminate\Pipeline\Pipeline->Illuminate\Pipeline\{closure}(Object(Illuminate\Http\Request))
#28 D:\Van\Giao Trinh\LUAN VAN\PROJECT\Sources\DD_RFID\vendor\laravel\framework\src\Illuminate\Pipeline\Pipeline.php(102): Illuminate\Routing\Pipeline->Illuminate\Routing\{closure}(Object(Illuminate\Http\Request))
#29 D:\Van\Giao Trinh\LUAN VAN\PROJECT\Sources\DD_RFID\vendor\laravel\framework\src\Illuminate\Routing\Router.php(574): Illuminate\Pipeline\Pipeline->then(Object(Closure))
#30 D:\Van\Giao Trinh\LUAN VAN\PROJECT\Sources\DD_RFID\vendor\laravel\framework\src\Illuminate\Routing\Router.php(533): Illuminate\Routing\Router->runRouteWithinStack(Object(Illuminate\Routing\Route), Object(Illuminate\Http\Request))
#31 D:\Van\Giao Trinh\LUAN VAN\PROJECT\Sources\DD_RFID\vendor\laravel\framework\src\Illuminate\Routing\Router.php(511): Illuminate\Routing\Router->dispatchToRoute(Object(Illuminate\Http\Request))
#32 D:\Van\Giao Trinh\LUAN VAN\PROJECT\Sources\DD_RFID\vendor\laravel\framework\src\Illuminate\Foundation\Http\Kernel.php(176): Illuminate\Routing\Router->dispatch(Object(Illuminate\Http\Request))
#33 D:\Van\Giao Trinh\LUAN VAN\PROJECT\Sources\DD_RFID\vendor\laravel\framework\src\Illuminate\Routing\Pipeline.php(30): Illuminate\Foundation\Http\Kernel->Illuminate\Foundation\Http\{closure}(Object(Illuminate\Http\Request))
#34 D:\Van\Giao Trinh\LUAN VAN\PROJECT\Sources\DD_RFID\vendor\laravel\framework\src\Illuminate\Foundation\Http\Middleware\TransformsRequest.php(30): Illuminate\Routing\Pipeline->Illuminate\Routing\{closure}(Object(Illuminate\Http\Request))
#35 D:\Van\Giao Trinh\LUAN VAN\PROJECT\Sources\DD_RFID\vendor\laravel\framework\src\Illuminate\Pipeline\Pipeline.php(148): Illuminate\Foundation\Http\Middleware\TransformsRequest->handle(Object(Illuminate\Http\Request), Object(Closure))
#36 D:\Van\Giao Trinh\LUAN VAN\PROJECT\Sources\DD_RFID\vendor\laravel\framework\src\Illuminate\Routing\Pipeline.php(53): Illuminate\Pipeline\Pipeline->Illuminate\Pipeline\{closure}(Object(Illuminate\Http\Request))
#37 D:\Van\Giao Trinh\LUAN VAN\PROJECT\Sources\DD_RFID\vendor\laravel\framework\src\Illuminate\Foundation\Http\Middleware\TransformsRequest.php(30): Illuminate\Routing\Pipeline->Illuminate\Routing\{closure}(Object(Illuminate\Http\Request))
#38 D:\Van\Giao Trinh\LUAN VAN\PROJECT\Sources\DD_RFID\vendor\laravel\framework\src\Illuminate\Pipeline\Pipeline.php(148): Illuminate\Foundation\Http\Middleware\TransformsRequest->handle(Object(Illuminate\Http\Request), Object(Closure))
#39 D:\Van\Giao Trinh\LUAN VAN\PROJECT\Sources\DD_RFID\vendor\laravel\framework\src\Illuminate\Routing\Pipeline.php(53): Illuminate\Pipeline\Pipeline->Illuminate\Pipeline\{closure}(Object(Illuminate\Http\Request))
#40 D:\Van\Giao Trinh\LUAN VAN\PROJECT\Sources\DD_RFID\vendor\laravel\framework\src\Illuminate\Foundation\Http\Middleware\ValidatePostSize.php(27): Illuminate\Routing\Pipeline->Illuminate\Routing\{closure}(Object(Illuminate\Http\Request))
#41 D:\Van\Giao Trinh\LUAN VAN\PROJECT\Sources\DD_RFID\vendor\laravel\framework\src\Illuminate\Pipeline\Pipeline.php(148): Illuminate\Foundation\Http\Middleware\ValidatePostSize->handle(Object(Illuminate\Http\Request), Object(Closure))
#42 D:\Van\Giao Trinh\LUAN VAN\PROJECT\Sources\DD_RFID\vendor\laravel\framework\src\Illuminate\Routing\Pipeline.php(53): Illuminate\Pipeline\Pipeline->Illuminate\Pipeline\{closure}(Object(Illuminate\Http\Request))
#43 D:\Van\Giao Trinh\LUAN VAN\PROJECT\Sources\DD_RFID\vendor\laravel\framework\src\Illuminate\Foundation\Http\Middleware\CheckForMaintenanceMode.php(46): Illuminate\Routing\Pipeline->Illuminate\Routing\{closure}(Object(Illuminate\Http\Request))
#44 D:\Van\Giao Trinh\LUAN VAN\PROJECT\Sources\DD_RFID\vendor\laravel\framework\src\Illuminate\Pipeline\Pipeline.php(148): Illuminate\Foundation\Http\Middleware\CheckForMaintenanceMode->handle(Object(Illuminate\Http\Request), Object(Closure))
#45 D:\Van\Giao Trinh\LUAN VAN\PROJECT\Sources\DD_RFID\vendor\laravel\framework\src\Illuminate\Routing\Pipeline.php(53): Illuminate\Pipeline\Pipeline->Illuminate\Pipeline\{closure}(Object(Illuminate\Http\Request))
#46 D:\Van\Giao Trinh\LUAN VAN\PROJECT\Sources\DD_RFID\vendor\laravel\framework\src\Illuminate\Pipeline\Pipeline.php(102): Illuminate\Routing\Pipeline->Illuminate\Routing\{closure}(Object(Illuminate\Http\Request))
#47 D:\Van\Giao Trinh\LUAN VAN\PROJECT\Sources\DD_RFID\vendor\laravel\framework\src\Illuminate\Foundation\Http\Kernel.php(151): Illuminate\Pipeline\Pipeline->then(Object(Closure))
#48 D:\Van\Giao Trinh\LUAN VAN\PROJECT\Sources\DD_RFID\vendor\laravel\framework\src\Illuminate\Foundation\Http\Kernel.php(116): Illuminate\Foundation\Http\Kernel->sendRequestThroughRouter(Object(Illuminate\Http\Request))
#49 D:\Van\Giao Trinh\LUAN VAN\PROJECT\Sources\DD_RFID\public\index.php(53): Illuminate\Foundation\Http\Kernel->handle(Object(Illuminate\Http\Request))
#50 {main}  
[2017-11-12 14:45:30] local.INFO: Trần Quản Trị vào trang sinh viên
  
[2017-11-12 14:45:31] local.ERROR: InvalidArgumentException: Route [DeleteTheSV] not defined. in D:\Van\Giao Trinh\LUAN VAN\PROJECT\Sources\DD_RFID\vendor\laravel\framework\src\Illuminate\Routing\UrlGenerator.php:304
Stack trace:
#0 D:\Van\Giao Trinh\LUAN VAN\PROJECT\Sources\DD_RFID\vendor\laravel\framework\src\Illuminate\Foundation\helpers.php(709): Illuminate\Routing\UrlGenerator->route('DeleteTheSV', Array, true)
#1 D:\Van\Giao Trinh\LUAN VAN\PROJECT\Sources\DD_RFID\storage\framework\views\3d3e84b0666c37772acb8c1a0f1501823a5baf1f.php(284): route('DeleteTheSV', Array)
#2 D:\Van\Giao Trinh\LUAN VAN\PROJECT\Sources\DD_RFID\vendor\laravel\framework\src\Illuminate\View\Engines\PhpEngine.php(42): include('D:\\Van\\Giao Tri...')
#3 D:\Van\Giao Trinh\LUAN VAN\PROJECT\Sources\DD_RFID\vendor\laravel\framework\src\Illuminate\View\Engines\CompilerEngine.php(59): Illuminate\View\Engines\PhpEngine->evaluatePath('D:\\Van\\Giao Tri...', Array)
#4 D:\Van\Giao Trinh\LUAN VAN\PROJECT\Sources\DD_RFID\vendor\laravel\framework\src\Illuminate\View\View.php(137): Illuminate\View\Engines\CompilerEngine->get('D:\\Van\\Giao Tri...', Array)
#5 D:\Van\Giao Trinh\LUAN VAN\PROJECT\Sources\DD_RFID\vendor\laravel\framework\src\Illuminate\View\View.php(120): Illuminate\View\View->getContents()
#6 D:\Van\Giao Trinh\LUAN VAN\PROJECT\Sources\DD_RFID\vendor\laravel\framework\src\Illuminate\View\View.php(85): Illuminate\View\View->renderContents()
#7 D:\Van\Giao Trinh\LUAN VAN\PROJECT\Sources\DD_RFID\vendor\laravel\framework\src\Illuminate\Http\Response.php(38): Illuminate\View\View->render()
#8 D:\Van\Giao Trinh\LUAN VAN\PROJECT\Sources\DD_RFID\vendor\symfony\http-foundation\Response.php(201): Illuminate\Http\Response->setContent(Object(Illuminate\View\View))
#9 D:\Van\Giao Trinh\LUAN VAN\PROJECT\Sources\DD_RFID\vendor\laravel\framework\src\Illuminate\Routing\Router.php(615): Symfony\Component\HttpFoundation\Response->__construct(Object(Illuminate\View\View))
#10 D:\Van\Giao Trinh\LUAN VAN\PROJECT\Sources\DD_RFID\vendor\laravel\framework\src\Illuminate\Routing\Router.php(572): Illuminate\Routing\Router->prepareResponse(Object(Illuminate\Http\Request), Object(Illuminate\View\View))
#11 D:\Van\Giao Trinh\LUAN VAN\PROJECT\Sources\DD_RFID\vendor\laravel\framework\src\Illuminate\Routing\Pipeline.php(30): Illuminate\Routing\Router->Illuminate\Routing\{closure}(Object(Illuminate\Http\Request))
#12 D:\Van\Giao Trinh\LUAN VAN\PROJECT\Sources\DD_RFID\vendor\laravel\framework\src\Illuminate\Routing\Middleware\SubstituteBindings.php(41): Illuminate\Routing\Pipeline->Illuminate\Routing\{closure}(Object(Illuminate\Http\Request))
#13 D:\Van\Giao Trinh\LUAN VAN\PROJECT\Sources\DD_RFID\vendor\laravel\framework\src\Illuminate\Pipeline\Pipeline.php(148): Illuminate\Routing\Middleware\SubstituteBindings->handle(Object(Illuminate\Http\Request), Object(Closure))
#14 D:\Van\Giao Trinh\LUAN VAN\PROJECT\Sources\DD_RFID\vendor\laravel\framework\src\Illuminate\Routing\Pipeline.php(53): Illuminate\Pipeline\Pipeline->Illuminate\Pipeline\{closure}(Object(Illuminate\Http\Request))
#15 D:\Van\Giao Trinh\LUAN VAN\PROJECT\Sources\DD_RFID\vendor\laravel\framework\src\Illuminate\Foundation\Http\Middleware\VerifyCsrfToken.php(65): Illuminate\Routing\Pipeline->Illuminate\Routing\{closure}(Object(Illuminate\Http\Request))
#16 D:\Van\Giao Trinh\LUAN VAN\PROJECT\Sources\DD_RFID\vendor\laravel\framework\src\Illuminate\Pipeline\Pipeline.php(148): Illuminate\Foundation\Http\Middleware\VerifyCsrfToken->handle(Object(Illuminate\Http\Request), Object(Closure))
#17 D:\Van\Giao Trinh\LUAN VAN\PROJECT\Sources\DD_RFID\vendor\laravel\framework\src\Illuminate\Routing\Pipeline.php(53): Illuminate\Pipeline\Pipeline->Illuminate\Pipeline\{closure}(Object(Illuminate\Http\Request))
#18 D:\Van\Giao Trinh\LUAN VAN\PROJECT\Sources\DD_RFID\vendor\laravel\framework\src\Illuminate\View\Middleware\ShareErrorsFromSession.php(49): Illuminate\Routing\Pipeline->Illuminate\Routing\{closure}(Object(Illuminate\Http\Request))
#19 D:\Van\Giao Trinh\LUAN VAN\PROJECT\Sources\DD_RFID\vendor\laravel\framework\src\Illuminate\Pipeline\Pipeline.php(148): Illuminate\View\Middleware\ShareErrorsFromSession->handle(Object(Illuminate\Http\Request), Object(Closure))
#20 D:\Van\Giao Trinh\LUAN VAN\PROJECT\Sources\DD_RFID\vendor\laravel\framework\src\Illuminate\Routing\Pipeline.php(53): Illuminate\Pipeline\Pipeline->Illuminate\Pipeline\{closure}(Object(Illuminate\Http\Request))
#21 D:\Van\Giao Trinh\LUAN VAN\PROJECT\Sources\DD_RFID\vendor\laravel\framework\src\Illuminate\Session\Middleware\StartSession.php(64): Illuminate\Routing\Pipeline->Illuminate\Routing\{closure}(Object(Illuminate\Http\Request))
#22 D:\Van\Giao Trinh\LUAN VAN\PROJECT\Sources\DD_RFID\vendor\laravel\framework\src\Illuminate\Pipeline\Pipeline.php(148): Illuminate\Session\Middleware\StartSession->handle(Object(Illuminate\Http\Request), Object(Closure))
#23 D:\Van\Giao Trinh\LUAN VAN\PROJECT\Sources\DD_RFID\vendor\laravel\framework\src\Illuminate\Routing\Pipeline.php(53): Illuminate\Pipeline\Pipeline->Illuminate\Pipeline\{closure}(Object(Illuminate\Http\Request))
#24 D:\Van\Giao Trinh\LUAN VAN\PROJECT\Sources\DD_RFID\vendor\laravel\framework\src\Illuminate\Cookie\Middleware\AddQueuedCookiesToResponse.php(37): Illuminate\Routing\Pipeline->Illuminate\Routing\{closure}(Object(Illuminate\Http\Request))
#25 D:\Van\Giao Trinh\LUAN VAN\PROJECT\Sources\DD_RFID\vendor\laravel\framework\src\Illuminate\Pipeline\Pipeline.php(148): Illuminate\Cookie\Middleware\AddQueuedCookiesToResponse->handle(Object(Illuminate\Http\Request), Object(Closure))
#26 D:\Van\Giao Trinh\LUAN VAN\PROJECT\Sources\DD_RFID\vendor\laravel\framework\src\Illuminate\Routing\Pipeline.php(53): Illuminate\Pipeline\Pipeline->Illuminate\Pipeline\{closure}(Object(Illuminate\Http\Request))
#27 D:\Van\Giao Trinh\LUAN VAN\PROJECT\Sources\DD_RFID\vendor\laravel\framework\src\Illuminate\Cookie\Middleware\EncryptCookies.php(59): Illuminate\Routing\Pipeline->Illuminate\Routing\{closure}(Object(Illuminate\Http\Request))
#28 D:\Van\Giao Trinh\LUAN VAN\PROJECT\Sources\DD_RFID\vendor\laravel\framework\src\Illuminate\Pipeline\Pipeline.php(148): Illuminate\Cookie\Middleware\EncryptCookies->handle(Object(Illuminate\Http\Request), Object(Closure))
#29 D:\Van\Giao Trinh\LUAN VAN\PROJECT\Sources\DD_RFID\vendor\laravel\framework\src\Illuminate\Routing\Pipeline.php(53): Illuminate\Pipeline\Pipeline->Illuminate\Pipeline\{closure}(Object(Illuminate\Http\Request))
#30 D:\Van\Giao Trinh\LUAN VAN\PROJECT\Sources\DD_RFID\vendor\laravel\framework\src\Illuminate\Pipeline\Pipeline.php(102): Illuminate\Routing\Pipeline->Illuminate\Routing\{closure}(Object(Illuminate\Http\Request))
#31 D:\Van\Giao Trinh\LUAN VAN\PROJECT\Sources\DD_RFID\vendor\laravel\framework\src\Illuminate\Routing\Router.php(574): Illuminate\Pipeline\Pipeline->then(Object(Closure))
#32 D:\Van\Giao Trinh\LUAN VAN\PROJECT\Sources\DD_RFID\vendor\laravel\framework\src\Illuminate\Routing\Router.php(533): Illuminate\Routing\Router->runRouteWithinStack(Object(Illuminate\Routing\Route), Object(Illuminate\Http\Request))
#33 D:\Van\Giao Trinh\LUAN VAN\PROJECT\Sources\DD_RFID\vendor\laravel\framework\src\Illuminate\Routing\Router.php(511): Illuminate\Routing\Router->dispatchToRoute(Object(Illuminate\Http\Request))
#34 D:\Van\Giao Trinh\LUAN VAN\PROJECT\Sources\DD_RFID\vendor\laravel\framework\src\Illuminate\Foundation\Http\Kernel.php(176): Illuminate\Routing\Router->dispatch(Object(Illuminate\Http\Request))
#35 D:\Van\Giao Trinh\LUAN VAN\PROJECT\Sources\DD_RFID\vendor\laravel\framework\src\Illuminate\Routing\Pipeline.php(30): Illuminate\Foundation\Http\Kernel->Illuminate\Foundation\Http\{closure}(Object(Illuminate\Http\Request))
#36 D:\Van\Giao Trinh\LUAN VAN\PROJECT\Sources\DD_RFID\vendor\laravel\framework\src\Illuminate\Foundation\Http\Middleware\TransformsRequest.php(30): Illuminate\Routing\Pipeline->Illuminate\Routing\{closure}(Object(Illuminate\Http\Request))
#37 D:\Van\Giao Trinh\LUAN VAN\PROJECT\Sources\DD_RFID\vendor\laravel\framework\src\Illuminate\Pipeline\Pipeline.php(148): Illuminate\Foundation\Http\Middleware\TransformsRequest->handle(Object(Illuminate\Http\Request), Object(Closure))
#38 D:\Van\Giao Trinh\LUAN VAN\PROJECT\Sources\DD_RFID\vendor\laravel\framework\src\Illuminate\Routing\Pipeline.php(53): Illuminate\Pipeline\Pipeline->Illuminate\Pipeline\{closure}(Object(Illuminate\Http\Request))
#39 D:\Van\Giao Trinh\LUAN VAN\PROJECT\Sources\DD_RFID\vendor\laravel\framework\src\Illuminate\Foundation\Http\Middleware\TransformsRequest.php(30): Illuminate\Routing\Pipeline->Illuminate\Routing\{closure}(Object(Illuminate\Http\Request))
#40 D:\Van\Giao Trinh\LUAN VAN\PROJECT\Sources\DD_RFID\vendor\laravel\framework\src\Illuminate\Pipeline\Pipeline.php(148): Illuminate\Foundation\Http\Middleware\TransformsRequest->handle(Object(Illuminate\Http\Request), Object(Closure))
#41 D:\Van\Giao Trinh\LUAN VAN\PROJECT\Sources\DD_RFID\vendor\laravel\framework\src\Illuminate\Routing\Pipeline.php(53): Illuminate\Pipeline\Pipeline->Illuminate\Pipeline\{closure}(Object(Illuminate\Http\Request))
#42 D:\Van\Giao Trinh\LUAN VAN\PROJECT\Sources\DD_RFID\vendor\laravel\framework\src\Illuminate\Foundation\Http\Middleware\ValidatePostSize.php(27): Illuminate\Routing\Pipeline->Illuminate\Routing\{closure}(Object(Illuminate\Http\Request))
#43 D:\Van\Giao Trinh\LUAN VAN\PROJECT\Sources\DD_RFID\vendor\laravel\framework\src\Illuminate\Pipeline\Pipeline.php(148): Illuminate\Foundation\Http\Middleware\ValidatePostSize->handle(Object(Illuminate\Http\Request), Object(Closure))
#44 D:\Van\Giao Trinh\LUAN VAN\PROJECT\Sources\DD_RFID\vendor\laravel\framework\src\Illuminate\Routing\Pipeline.php(53): Illuminate\Pipeline\Pipeline->Illuminate\Pipeline\{closure}(Object(Illuminate\Http\Request))
#45 D:\Van\Giao Trinh\LUAN VAN\PROJECT\Sources\DD_RFID\vendor\laravel\framework\src\Illuminate\Foundation\Http\Middleware\CheckForMaintenanceMode.php(46): Illuminate\Routing\Pipeline->Illuminate\Routing\{closure}(Object(Illuminate\Http\Request))
#46 D:\Van\Giao Trinh\LUAN VAN\PROJECT\Sources\DD_RFID\vendor\laravel\framework\src\Illuminate\Pipeline\Pipeline.php(148): Illuminate\Foundation\Http\Middleware\CheckForMaintenanceMode->handle(Object(Illuminate\Http\Request), Object(Closure))
#47 D:\Van\Giao Trinh\LUAN VAN\PROJECT\Sources\DD_RFID\vendor\laravel\framework\src\Illuminate\Routing\Pipeline.php(53): Illuminate\Pipeline\Pipeline->Illuminate\Pipeline\{closure}(Object(Illuminate\Http\Request))
#48 D:\Van\Giao Trinh\LUAN VAN\PROJECT\Sources\DD_RFID\vendor\laravel\framework\src\Illuminate\Pipeline\Pipeline.php(102): Illuminate\Routing\Pipeline->Illuminate\Routing\{closure}(Object(Illuminate\Http\Request))
#49 D:\Van\Giao Trinh\LUAN VAN\PROJECT\Sources\DD_RFID\vendor\laravel\framework\src\Illuminate\Foundation\Http\Kernel.php(151): Illuminate\Pipeline\Pipeline->then(Object(Closure))
#50 D:\Van\Giao Trinh\LUAN VAN\PROJECT\Sources\DD_RFID\vendor\laravel\framework\src\Illuminate\Foundation\Http\Kernel.php(116): Illuminate\Foundation\Http\Kernel->sendRequestThroughRouter(Object(Illuminate\Http\Request))
#51 D:\Van\Giao Trinh\LUAN VAN\PROJECT\Sources\DD_RFID\public\index.php(53): Illuminate\Foundation\Http\Kernel->handle(Object(Illuminate\Http\Request))
#52 {main}

Next ErrorException: Route [DeleteTheSV] not defined. (View: D:\Van\Giao Trinh\LUAN VAN\PROJECT\Sources\DD_RFID\resources\views\sub_views\student.blade.php) in D:\Van\Giao Trinh\LUAN VAN\PROJECT\Sources\DD_RFID\vendor\laravel\framework\src\Illuminate\Routing\UrlGenerator.php:304
Stack trace:
#0 D:\Van\Giao Trinh\LUAN VAN\PROJECT\Sources\DD_RFID\vendor\laravel\framework\src\Illuminate\View\Engines\PhpEngine.php(44): Illuminate\View\Engines\CompilerEngine->handleViewException(Object(InvalidArgumentException), 1)
#1 D:\Van\Giao Trinh\LUAN VAN\PROJECT\Sources\DD_RFID\vendor\laravel\framework\src\Illuminate\View\Engines\CompilerEngine.php(59): Illuminate\View\Engines\PhpEngine->evaluatePath('D:\\Van\\Giao Tri...', Array)
#2 D:\Van\Giao Trinh\LUAN VAN\PROJECT\Sources\DD_RFID\vendor\laravel\framework\src\Illuminate\View\View.php(137): Illuminate\View\Engines\CompilerEngine->get('D:\\Van\\Giao Tri...', Array)
#3 D:\Van\Giao Trinh\LUAN VAN\PROJECT\Sources\DD_RFID\vendor\laravel\framework\src\Illuminate\View\View.php(120): Illuminate\View\View->getContents()
#4 D:\Van\Giao Trinh\LUAN VAN\PROJECT\Sources\DD_RFID\vendor\laravel\framework\src\Illuminate\View\View.php(85): Illuminate\View\View->renderContents()
#5 D:\Van\Giao Trinh\LUAN VAN\PROJECT\Sources\DD_RFID\vendor\laravel\framework\src\Illuminate\Http\Response.php(38): Illuminate\View\View->render()
#6 D:\Van\Giao Trinh\LUAN VAN\PROJECT\Sources\DD_RFID\vendor\symfony\http-foundation\Response.php(201): Illuminate\Http\Response->setContent(Object(Illuminate\View\View))
#7 D:\Van\Giao Trinh\LUAN VAN\PROJECT\Sources\DD_RFID\vendor\laravel\framework\src\Illuminate\Routing\Router.php(615): Symfony\Component\HttpFoundation\Response->__construct(Object(Illuminate\View\View))
#8 D:\Van\Giao Trinh\LUAN VAN\PROJECT\Sources\DD_RFID\vendor\laravel\framework\src\Illuminate\Routing\Router.php(572): Illuminate\Routing\Router->prepareResponse(Object(Illuminate\Http\Request), Object(Illuminate\View\View))
#9 D:\Van\Giao Trinh\LUAN VAN\PROJECT\Sources\DD_RFID\vendor\laravel\framework\src\Illuminate\Routing\Pipeline.php(30): Illuminate\Routing\Router->Illuminate\Routing\{closure}(Object(Illuminate\Http\Request))
#10 D:\Van\Giao Trinh\LUAN VAN\PROJECT\Sources\DD_RFID\vendor\laravel\framework\src\Illuminate\Routing\Middleware\SubstituteBindings.php(41): Illuminate\Routing\Pipeline->Illuminate\Routing\{closure}(Object(Illuminate\Http\Request))
#11 D:\Van\Giao Trinh\LUAN VAN\PROJECT\Sources\DD_RFID\vendor\laravel\framework\src\Illuminate\Pipeline\Pipeline.php(148): Illuminate\Routing\Middleware\SubstituteBindings->handle(Object(Illuminate\Http\Request), Object(Closure))
#12 D:\Van\Giao Trinh\LUAN VAN\PROJECT\Sources\DD_RFID\vendor\laravel\framework\src\Illuminate\Routing\Pipeline.php(53): Illuminate\Pipeline\Pipeline->Illuminate\Pipeline\{closure}(Object(Illuminate\Http\Request))
#13 D:\Van\Giao Trinh\LUAN VAN\PROJECT\Sources\DD_RFID\vendor\laravel\framework\src\Illuminate\Foundation\Http\Middleware\VerifyCsrfToken.php(65): Illuminate\Routing\Pipeline->Illuminate\Routing\{closure}(Object(Illuminate\Http\Request))
#14 D:\Van\Giao Trinh\LUAN VAN\PROJECT\Sources\DD_RFID\vendor\laravel\framework\src\Illuminate\Pipeline\Pipeline.php(148): Illuminate\Foundation\Http\Middleware\VerifyCsrfToken->handle(Object(Illuminate\Http\Request), Object(Closure))
#15 D:\Van\Giao Trinh\LUAN VAN\PROJECT\Sources\DD_RFID\vendor\laravel\framework\src\Illuminate\Routing\Pipeline.php(53): Illuminate\Pipeline\Pipeline->Illuminate\Pipeline\{closure}(Object(Illuminate\Http\Request))
#16 D:\Van\Giao Trinh\LUAN VAN\PROJECT\Sources\DD_RFID\vendor\laravel\framework\src\Illuminate\View\Middleware\ShareErrorsFromSession.php(49): Illuminate\Routing\Pipeline->Illuminate\Routing\{closure}(Object(Illuminate\Http\Request))
#17 D:\Van\Giao Trinh\LUAN VAN\PROJECT\Sources\DD_RFID\vendor\laravel\framework\src\Illuminate\Pipeline\Pipeline.php(148): Illuminate\View\Middleware\ShareErrorsFromSession->handle(Object(Illuminate\Http\Request), Object(Closure))
#18 D:\Van\Giao Trinh\LUAN VAN\PROJECT\Sources\DD_RFID\vendor\laravel\framework\src\Illuminate\Routing\Pipeline.php(53): Illuminate\Pipeline\Pipeline->Illuminate\Pipeline\{closure}(Object(Illuminate\Http\Request))
#19 D:\Van\Giao Trinh\LUAN VAN\PROJECT\Sources\DD_RFID\vendor\laravel\framework\src\Illuminate\Session\Middleware\StartSession.php(64): Illuminate\Routing\Pipeline->Illuminate\Routing\{closure}(Object(Illuminate\Http\Request))
#20 D:\Van\Giao Trinh\LUAN VAN\PROJECT\Sources\DD_RFID\vendor\laravel\framework\src\Illuminate\Pipeline\Pipeline.php(148): Illuminate\Session\Middleware\StartSession->handle(Object(Illuminate\Http\Request), Object(Closure))
#21 D:\Van\Giao Trinh\LUAN VAN\PROJECT\Sources\DD_RFID\vendor\laravel\framework\src\Illuminate\Routing\Pipeline.php(53): Illuminate\Pipeline\Pipeline->Illuminate\Pipeline\{closure}(Object(Illuminate\Http\Request))
#22 D:\Van\Giao Trinh\LUAN VAN\PROJECT\Sources\DD_RFID\vendor\laravel\framework\src\Illuminate\Cookie\Middleware\AddQueuedCookiesToResponse.php(37): Illuminate\Routing\Pipeline->Illuminate\Routing\{closure}(Object(Illuminate\Http\Request))
#23 D:\Van\Giao Trinh\LUAN VAN\PROJECT\Sources\DD_RFID\vendor\laravel\framework\src\Illuminate\Pipeline\Pipeline.php(148): Illuminate\Cookie\Middleware\AddQueuedCookiesToResponse->handle(Object(Illuminate\Http\Request), Object(Closure))
#24 D:\Van\Giao Trinh\LUAN VAN\PROJECT\Sources\DD_RFID\vendor\laravel\framework\src\Illuminate\Routing\Pipeline.php(53): Illuminate\Pipeline\Pipeline->Illuminate\Pipeline\{closure}(Object(Illuminate\Http\Request))
#25 D:\Van\Giao Trinh\LUAN VAN\PROJECT\Sources\DD_RFID\vendor\laravel\framework\src\Illuminate\Cookie\Middleware\EncryptCookies.php(59): Illuminate\Routing\Pipeline->Illuminate\Routing\{closure}(Object(Illuminate\Http\Request))
#26 D:\Van\Giao Trinh\LUAN VAN\PROJECT\Sources\DD_RFID\vendor\laravel\framework\src\Illuminate\Pipeline\Pipeline.php(148): Illuminate\Cookie\Middleware\EncryptCookies->handle(Object(Illuminate\Http\Request), Object(Closure))
#27 D:\Van\Giao Trinh\LUAN VAN\PROJECT\Sources\DD_RFID\vendor\laravel\framework\src\Illuminate\Routing\Pipeline.php(53): Illuminate\Pipeline\Pipeline->Illuminate\Pipeline\{closure}(Object(Illuminate\Http\Request))
#28 D:\Van\Giao Trinh\LUAN VAN\PROJECT\Sources\DD_RFID\vendor\laravel\framework\src\Illuminate\Pipeline\Pipeline.php(102): Illuminate\Routing\Pipeline->Illuminate\Routing\{closure}(Object(Illuminate\Http\Request))
#29 D:\Van\Giao Trinh\LUAN VAN\PROJECT\Sources\DD_RFID\vendor\laravel\framework\src\Illuminate\Routing\Router.php(574): Illuminate\Pipeline\Pipeline->then(Object(Closure))
#30 D:\Van\Giao Trinh\LUAN VAN\PROJECT\Sources\DD_RFID\vendor\laravel\framework\src\Illuminate\Routing\Router.php(533): Illuminate\Routing\Router->runRouteWithinStack(Object(Illuminate\Routing\Route), Object(Illuminate\Http\Request))
#31 D:\Van\Giao Trinh\LUAN VAN\PROJECT\Sources\DD_RFID\vendor\laravel\framework\src\Illuminate\Routing\Router.php(511): Illuminate\Routing\Router->dispatchToRoute(Object(Illuminate\Http\Request))
#32 D:\Van\Giao Trinh\LUAN VAN\PROJECT\Sources\DD_RFID\vendor\laravel\framework\src\Illuminate\Foundation\Http\Kernel.php(176): Illuminate\Routing\Router->dispatch(Object(Illuminate\Http\Request))
#33 D:\Van\Giao Trinh\LUAN VAN\PROJECT\Sources\DD_RFID\vendor\laravel\framework\src\Illuminate\Routing\Pipeline.php(30): Illuminate\Foundation\Http\Kernel->Illuminate\Foundation\Http\{closure}(Object(Illuminate\Http\Request))
#34 D:\Van\Giao Trinh\LUAN VAN\PROJECT\Sources\DD_RFID\vendor\laravel\framework\src\Illuminate\Foundation\Http\Middleware\TransformsRequest.php(30): Illuminate\Routing\Pipeline->Illuminate\Routing\{closure}(Object(Illuminate\Http\Request))
#35 D:\Van\Giao Trinh\LUAN VAN\PROJECT\Sources\DD_RFID\vendor\laravel\framework\src\Illuminate\Pipeline\Pipeline.php(148): Illuminate\Foundation\Http\Middleware\TransformsRequest->handle(Object(Illuminate\Http\Request), Object(Closure))
#36 D:\Van\Giao Trinh\LUAN VAN\PROJECT\Sources\DD_RFID\vendor\laravel\framework\src\Illuminate\Routing\Pipeline.php(53): Illuminate\Pipeline\Pipeline->Illuminate\Pipeline\{closure}(Object(Illuminate\Http\Request))
#37 D:\Van\Giao Trinh\LUAN VAN\PROJECT\Sources\DD_RFID\vendor\laravel\framework\src\Illuminate\Foundation\Http\Middleware\TransformsRequest.php(30): Illuminate\Routing\Pipeline->Illuminate\Routing\{closure}(Object(Illuminate\Http\Request))
#38 D:\Van\Giao Trinh\LUAN VAN\PROJECT\Sources\DD_RFID\vendor\laravel\framework\src\Illuminate\Pipeline\Pipeline.php(148): Illuminate\Foundation\Http\Middleware\TransformsRequest->handle(Object(Illuminate\Http\Request), Object(Closure))
#39 D:\Van\Giao Trinh\LUAN VAN\PROJECT\Sources\DD_RFID\vendor\laravel\framework\src\Illuminate\Routing\Pipeline.php(53): Illuminate\Pipeline\Pipeline->Illuminate\Pipeline\{closure}(Object(Illuminate\Http\Request))
#40 D:\Van\Giao Trinh\LUAN VAN\PROJECT\Sources\DD_RFID\vendor\laravel\framework\src\Illuminate\Foundation\Http\Middleware\ValidatePostSize.php(27): Illuminate\Routing\Pipeline->Illuminate\Routing\{closure}(Object(Illuminate\Http\Request))
#41 D:\Van\Giao Trinh\LUAN VAN\PROJECT\Sources\DD_RFID\vendor\laravel\framework\src\Illuminate\Pipeline\Pipeline.php(148): Illuminate\Foundation\Http\Middleware\ValidatePostSize->handle(Object(Illuminate\Http\Request), Object(Closure))
#42 D:\Van\Giao Trinh\LUAN VAN\PROJECT\Sources\DD_RFID\vendor\laravel\framework\src\Illuminate\Routing\Pipeline.php(53): Illuminate\Pipeline\Pipeline->Illuminate\Pipeline\{closure}(Object(Illuminate\Http\Request))
#43 D:\Van\Giao Trinh\LUAN VAN\PROJECT\Sources\DD_RFID\vendor\laravel\framework\src\Illuminate\Foundation\Http\Middleware\CheckForMaintenanceMode.php(46): Illuminate\Routing\Pipeline->Illuminate\Routing\{closure}(Object(Illuminate\Http\Request))
#44 D:\Van\Giao Trinh\LUAN VAN\PROJECT\Sources\DD_RFID\vendor\laravel\framework\src\Illuminate\Pipeline\Pipeline.php(148): Illuminate\Foundation\Http\Middleware\CheckForMaintenanceMode->handle(Object(Illuminate\Http\Request), Object(Closure))
#45 D:\Van\Giao Trinh\LUAN VAN\PROJECT\Sources\DD_RFID\vendor\laravel\framework\src\Illuminate\Routing\Pipeline.php(53): Illuminate\Pipeline\Pipeline->Illuminate\Pipeline\{closure}(Object(Illuminate\Http\Request))
#46 D:\Van\Giao Trinh\LUAN VAN\PROJECT\Sources\DD_RFID\vendor\laravel\framework\src\Illuminate\Pipeline\Pipeline.php(102): Illuminate\Routing\Pipeline->Illuminate\Routing\{closure}(Object(Illuminate\Http\Request))
#47 D:\Van\Giao Trinh\LUAN VAN\PROJECT\Sources\DD_RFID\vendor\laravel\framework\src\Illuminate\Foundation\Http\Kernel.php(151): Illuminate\Pipeline\Pipeline->then(Object(Closure))
#48 D:\Van\Giao Trinh\LUAN VAN\PROJECT\Sources\DD_RFID\vendor\laravel\framework\src\Illuminate\Foundation\Http\Kernel.php(116): Illuminate\Foundation\Http\Kernel->sendRequestThroughRouter(Object(Illuminate\Http\Request))
#49 D:\Van\Giao Trinh\LUAN VAN\PROJECT\Sources\DD_RFID\public\index.php(53): Illuminate\Foundation\Http\Kernel->handle(Object(Illuminate\Http\Request))
#50 {main}  
[2017-11-12 14:45:58] local.INFO: Trần Quản Trị vào trang sinh viên
  
[2017-11-12 14:46:03] local.DEBUG: Trần Quản Trị hủy thẻ cán bộ B1500003
  
[2017-11-12 14:46:03] local.INFO: Trần Quản Trị vào trang cán bộ
  
[2017-11-12 14:46:53] local.INFO: Trần Quản Trị vào trang sinh viên
  
[2017-11-12 14:46:58] local.DEBUG: Trần Quản Trị hủy thẻ cán bộ B1500003
  
[2017-11-12 14:46:58] local.INFO: Trần Quản Trị vào trang cán bộ
  
[2017-11-12 14:47:02] local.INFO: Trần Quản Trị vào trang sinh viên
  
[2017-11-12 14:48:24] local.INFO: Trần Quản Trị vào trang sinh viên
  
[2017-11-12 14:48:27] local.DEBUG: Trần Quản Trị hủy thẻ cán bộ B1500003
  
[2017-11-12 14:48:28] local.INFO: Trần Quản Trị vào trang cán bộ
  
[2017-11-12 14:49:06] local.INFO: Trần Quản Trị vào trang sinh viên
  
[2017-11-12 14:49:25] local.INFO: Trần Quản Trị vào trang sinh viên
  
[2017-11-12 14:49:28] local.DEBUG: Trần Quản Trị hủy thẻ sinh viên B1500003
  
[2017-11-12 14:49:28] local.INFO: Trần Quản Trị vào trang sinh viên
  
[2017-11-12 14:49:32] local.DEBUG: Trần Quản Trị hủy thẻ sinh viên B1700001
  
[2017-11-12 14:49:32] local.INFO: Trần Quản Trị vào trang sinh viên
  
[2017-11-12 14:53:11] local.INFO: Hiển thị kết quả thống kê sự kiện 1
  
[2017-11-12 14:54:30] local.INFO: Trần Quản Trị vào trang cán bộ
  
[2017-11-12 14:54:34] local.INFO: Trần Quản Trị vào trang cán bộ
  
[2017-11-12 14:54:44] local.INFO: Trần Quản Trị vào trang cán bộ
  
[2017-11-12 14:57:54] local.INFO: Trần Quản Trị vào trang sự kiện
  
[2017-11-12 14:58:00] local.DEBUG: Trần Quản Trị xóa sự kiện 15
  
[2017-11-12 14:58:00] local.INFO: Trần Quản Trị vào trang sự kiện
  
[2017-11-12 14:58:05] local.DEBUG: Trần Quản Trị xóa sự kiện 1
  
[2017-11-12 14:58:05] local.INFO: Trần Quản Trị vào trang sự kiện
  
[2017-11-12 14:58:22] local.INFO: Trần Quản Trị vào trang sinh viên
  
[2017-11-12 14:58:26] local.DEBUG: Trần Quản Trị hủy thẻ sinh viên B1700002
  
[2017-11-12 14:58:26] local.INFO: Trần Quản Trị vào trang sinh viên
  
[2017-11-12 14:58:41] local.INFO: Trần Quản Trị vào trang sinh viên
  
[2017-11-12 15:00:42] local.INFO: Trần Quản Trị vào trang sự kiện
  
[2017-11-12 15:00:44] local.INFO: Trần Quản Trị vào trang cán bộ
  
[2017-11-12 15:07:43] local.INFO: Hiển thị trang thống kê rỗng
  
[2017-11-12 15:07:46] local.INFO: Trần Quản Trị vào trang cán bộ
  
[2017-11-12 20:25:07] local.ALERT: Hết phiên làm việc, đăng nhập để vào trang cán bộ
  
[2017-11-12 20:25:10] local.ALERT: Hết phiên làm việc, đăng nhập để vào trang cán bộ
  
[2017-11-12 20:53:34] local.INFO: Quản trị viên Trần Quản Trị đăng nhập vào hệ thống
  
[2017-11-12 20:53:35] local.INFO: Hiển thị trang thống kê rỗng
  
[2017-11-12 20:53:38] local.INFO: Trần Quản Trị vào trang cán bộ
  
[2017-11-12 20:54:28] local.INFO: Trần Quản Trị chọn import cán bộ vào hệ thống
  
[2017-11-12 20:54:34] local.INFO: Trần Quản Trị vào trang cán bộ
  
[2017-11-12 20:54:39] local.INFO: Trần Quản Trị vào trang sinh viên
  
[2017-11-12 20:54:49] local.INFO: Trần Quản Trị chọn import sinh viên vào hệ thống
  
[2017-11-12 20:54:50] local.INFO: Trần Quản Trị vào trang sinh viên
  
[2017-11-12 20:54:53] local.INFO: Trần Quản Trị vào trang sự kiện
  
[2017-11-12 20:55:50] local.INFO: Trần Quản Trị vào trang cán bộ
  
[2017-11-12 20:56:29] local.DEBUG: Trần Quản Trị xóa cán bộ 00123456
  
[2017-11-12 20:56:29] local.INFO: Trần Quản Trị vào trang cán bộ
  
[2017-11-12 20:56:50] local.INFO: Trần Quản Trị vào trang cán bộ
  
[2017-11-12 20:57:07] local.INFO: Trần Quản Trị chọn import cán bộ vào hệ thống
  
[2017-11-12 20:57:08] local.INFO: Trần Quản Trị vào trang cán bộ
  
[2017-11-12 20:58:01] local.INFO: Trần Quản Trị chọn import cán bộ vào hệ thống
  
[2017-11-12 20:58:02] local.INFO: Trần Quản Trị vào trang cán bộ
  
[2017-11-12 20:59:09] local.DEBUG: Trần Quản Trị xóa cán bộ 00123456
  
[2017-11-12 20:59:09] local.INFO: Trần Quản Trị vào trang cán bộ
  
[2017-11-12 21:01:09] local.INFO: Hiển thị trang thống kê rỗng
  
[2017-11-12 21:01:27] local.INFO: Trần Quản Trị vào trang sự kiện
  
[2017-11-12 21:09:33] local.INFO: Trần Quản Trị vào trang cán bộ
  
[2017-11-12 21:09:58] local.INFO: Trần Quản Trị chọn import cán bộ vào hệ thống
  
[2017-11-12 21:09:59] local.INFO: Trần Quản Trị vào trang cán bộ
  
[2017-11-12 21:10:24] local.INFO: Trần Quản Trị vào trang cán bộ
  
[2017-11-12 21:10:31] local.DEBUG: Trần Quản Trị chọn cập nhật thẻ 0000978805 cho chủ thẻ 00123463
  
[2017-11-12 21:10:32] local.DEBUG: Cán bộ 00123463 đã cập nhật mã thẻ thành 0000978805
  
[2017-11-12 21:10:32] local.DEBUG: Cán bộ 00123463 đã cập nhật mã thẻ thành 0000978805
  
[2017-11-12 21:10:32] local.INFO: Trần Quản Trị vào trang cán bộ
  
[2017-11-12 21:10:41] local.DEBUG: Trần Quản Trị tìm cán bộ theo từ khóa '0000978805'
  
[2017-11-12 21:11:07] local.INFO: Trần Quản Trị vào trang sự kiện
  
[2017-11-12 21:12:22] local.INFO: Trần Quản Trị vào trang sự kiện
  
[2017-11-12 21:12:40] local.DEBUG: Trần Quản Trị thêm sự kiện Sự kiện ăn uống hàn quốc
  
[2017-11-12 21:12:40] local.INFO: Trần Quản Trị vào trang sự kiện
  
[2017-11-12 21:12:53] local.INFO: Trần Quản Trị chọn import danh sách đăng ký sự kiện1 vào hệ thống
  
[2017-11-12 21:12:54] local.INFO: Trần Quản Trị vào trang sự kiện
  
[2017-11-12 21:18:01] local.DEBUG: Thêm số liệu thành công loại ds 1 của sự kiên 1
  
[2017-11-12 21:18:01] local.DEBUG: Thêm số liệu thành công loại ds 2 của sự kiên 1
  
[2017-11-12 21:18:01] local.DEBUG: Thêm số liệu thành công loại ds 2 của sự kiên 1
  
[2017-11-12 21:18:01] local.DEBUG: Thêm số liệu thành công loại ds 3 của sự kiên 1
  
[2017-11-12 21:18:01] local.DEBUG: Thêm số liệu thành công loại ds 3 của sự kiên 1
  
[2017-11-12 21:18:01] local.DEBUG: Thêm số liệu thành công loại ds 3 của sự kiên 1
  
[2017-11-12 21:18:01] local.DEBUG: Thêm số liệu thành công loại ds 4 của sự kiên 1
  
[2017-11-12 21:18:01] local.DEBUG: Thêm số liệu thành công loại ds 4 của sự kiên 1
  
[2017-11-12 21:18:01] local.DEBUG: Thêm số liệu thành công loại ds 4 của sự kiên 1
  
[2017-11-12 21:18:01] local.DEBUG: Thêm số liệu thành công loại ds 4 của sự kiên 1
  
[2017-11-12 21:18:01] local.DEBUG: Thêm số liệu thành công loại ds 7 của sự kiên 1
  
[2017-11-12 21:18:01] local.DEBUG: Thêm số liệu thành công loại ds 7 của sự kiên 1
  
[2017-11-12 21:18:01] local.DEBUG: Thêm số liệu thành công loại ds 7 của sự kiên 1
  
[2017-11-12 21:18:01] local.DEBUG: Thêm số liệu thành công loại ds 7 của sự kiên 1
  
[2017-11-12 21:18:01] local.DEBUG: Thêm số liệu thành công loại ds 7 của sự kiên 1
  
[2017-11-12 21:18:57] local.INFO: Trần Quản Trị vào trang thống kê
  
[2017-11-12 21:18:58] local.INFO: Hiển thị kết quả thống kê sự kiện 1
  
[2017-11-12 21:31:04] local.INFO: Hiển thị kết quả thống kê sự kiện 1
  
[2017-11-12 21:37:35] local.INFO: Trần Quản Trị vào trang sự kiện
  
[2017-11-12 21:37:45] local.INFO: Trần Quản Trị vào trang sinh viên
  
[2017-11-12 21:46:53] local.DEBUG: Trần Quản Trị xóa sinh viên 00123499
  
[2017-11-12 21:46:53] local.INFO: Trần Quản Trị vào trang sinh viên
  
[2017-11-12 21:46:56] local.DEBUG: Trần Quản Trị xóa sinh viên B1305056
  
[2017-11-12 21:46:56] local.INFO: Trần Quản Trị vào trang sinh viên
  
[2017-11-12 21:47:00] local.DEBUG: Trần Quản Trị xóa sinh viên B1500003
  
[2017-11-12 21:47:00] local.INFO: Trần Quản Trị vào trang sinh viên
  
[2017-11-12 21:47:02] local.DEBUG: Trần Quản Trị xóa sinh viên B1700001
  
[2017-11-12 21:47:02] local.INFO: Trần Quản Trị vào trang sinh viên
  
[2017-11-12 21:47:04] local.DEBUG: Trần Quản Trị xóa sinh viên B1700002
  
[2017-11-12 21:47:04] local.INFO: Trần Quản Trị vào trang sinh viên
  
[2017-11-12 21:47:12] local.INFO: Trần Quản Trị chọn import sinh viên vào hệ thống
  
[2017-11-12 21:47:13] local.INFO: Trần Quản Trị vào trang sinh viên
  
[2017-11-12 21:47:24] local.INFO: Trần Quản Trị chọn import sinh viên vào hệ thống
  
[2017-11-12 21:47:24] local.INFO: Trần Quản Trị vào trang sinh viên
  
[2017-11-12 21:47:55] local.INFO: Trần Quản Trị vào trang cán bộ
  
[2017-11-12 21:47:58] local.INFO: Trần Quản Trị vào trang sinh viên
  
[2017-11-12 21:48:08] local.INFO: Trần Quản Trị chọn import sinh viên vào hệ thống
  
[2017-11-12 21:48:09] local.INFO: Trần Quản Trị vào trang sinh viên
  
[2017-11-12 22:30:38] local.INFO: Trần Quản Trị vào trang sinh viên
  
[2017-11-12 22:30:53] local.INFO: Trần Quản Trị vào trang sinh viên
  
[2017-11-12 22:31:39] local.INFO: Trần Quản Trị vào trang cán bộ
  
[2017-11-12 22:32:40] local.INFO: Trần Quản Trị vào trang cán bộ
  
[2017-11-12 22:32:59] local.INFO: Trần Quản Trị vào trang sự kiện
  
[2017-11-12 22:33:00] local.INFO: Trần Quản Trị vào trang sinh viên
  
[2017-11-12 22:35:57] local.INFO: Trần Quản Trị vào trang sinh viên
  
[2017-11-12 22:38:28] local.INFO: Trần Quản Trị vào trang sinh viên
  
[2017-11-12 22:38:47] local.INFO: Trần Quản Trị vào trang sinh viên
  
[2017-11-12 22:44:51] local.INFO: Trần Quản Trị vào trang sinh viên
  
[2017-11-12 22:46:51] local.INFO: Trần Quản Trị vào trang sinh viên
  
[2017-11-12 22:47:09] local.DEBUG: Trần Quản Trị xóa sinh viên B1500003
  
[2017-11-12 22:47:10] local.INFO: Trần Quản Trị vào trang sinh viên
  
[2017-11-12 22:47:11] local.DEBUG: Trần Quản Trị xóa sinh viên B1700001
  
[2017-11-12 22:47:12] local.INFO: Trần Quản Trị vào trang sinh viên
  
[2017-11-12 22:47:13] local.DEBUG: Trần Quản Trị xóa sinh viên B1700002
  
[2017-11-12 22:47:14] local.INFO: Trần Quản Trị vào trang sinh viên
  
[2017-11-12 22:47:18] local.INFO: Trần Quản Trị chọn import sinh viên vào hệ thống
  
[2017-11-12 22:47:19] local.INFO: Trần Quản Trị vào trang sinh viên
  
[2017-11-12 22:48:17] local.INFO: Trần Quản Trị vào trang sự kiện
  
[2017-11-12 22:48:35] local.DEBUG: Trần Quản Trị thêm sự kiện Sự kiện ABC
  
[2017-11-12 22:48:36] local.INFO: Trần Quản Trị vào trang sự kiện
  
[2017-11-12 22:48:47] local.INFO: Trần Quản Trị chọn import danh sách đăng ký sự kiện2 vào hệ thống
  
[2017-11-12 22:48:48] local.INFO: Trần Quản Trị vào trang sự kiện
  
[2017-11-12 22:48:57] local.INFO: Trần Quản Trị vào trang sự kiện
  
[2017-11-12 22:49:00] local.INFO: Trần Quản Trị vào trang sự kiện
  
[2017-11-12 22:49:07] local.INFO: Trần Quản Trị vào trang sự kiện
  
[2017-11-12 22:57:18] local.INFO: Quản trị viên Trần Quản Trị đăng nhập vào hệ thống
  
[2017-11-12 22:57:19] local.INFO: Hiển thị kết quả thống kê sự kiện 1
  
[2017-11-12 22:57:22] local.INFO: Trần Quản Trị vào trang sự kiện
  
[2017-11-12 22:57:23] local.DEBUG: Trần Quản Trị xem thông tin sự kiện 2
  
[2017-11-12 22:57:46] local.DEBUG: Trần Quản Trị cập nhật sự kiện 2
  
[2017-11-12 22:57:46] local.DEBUG: Trần Quản Trị xem thông tin sự kiện 2
  
[2017-11-12 23:03:38] local.INFO: Quản trị viên Trần Quản Trị đăng nhập vào hệ thống
  
[2017-11-12 23:03:39] local.INFO: Hiển thị kết quả thống kê sự kiện 1
  
[2017-11-12 23:03:41] local.INFO: Trần Quản Trị vào trang sự kiện
  
[2017-11-12 23:04:28] local.DEBUG: Trần Quản Trị xem thông tin sự kiện 2
  
[2017-11-12 23:04:37] local.DEBUG: Trần Quản Trị cập nhật sự kiện 2
  
[2017-11-12 23:04:37] local.DEBUG: Trần Quản Trị xem thông tin sự kiện 2
  
[2017-11-12 23:23:03] local.DEBUG: Thêm số liệu thành công loại ds 1 của sự kiên 2
  
[2017-11-12 23:23:03] local.DEBUG: Thêm số liệu thành công loại ds 2 của sự kiên 2
  
[2017-11-12 23:23:03] local.DEBUG: Thêm số liệu thành công loại ds 2 của sự kiên 2
  
[2017-11-12 23:23:03] local.DEBUG: Thêm số liệu thành công loại ds 3 của sự kiên 2
  
[2017-11-12 23:23:03] local.DEBUG: Thêm số liệu thành công loại ds 3 của sự kiên 2
  
[2017-11-12 23:23:03] local.DEBUG: Thêm số liệu thành công loại ds 3 của sự kiên 2
  
[2017-11-12 23:23:03] local.DEBUG: Thêm số liệu thành công loại ds 4 của sự kiên 2
  
[2017-11-12 23:23:03] local.DEBUG: Thêm số liệu thành công loại ds 4 của sự kiên 2
  
[2017-11-12 23:23:03] local.DEBUG: Thêm số liệu thành công loại ds 4 của sự kiên 2
  
[2017-11-12 23:23:03] local.DEBUG: Thêm số liệu thành công loại ds 4 của sự kiên 2
  
[2017-11-12 23:23:03] local.DEBUG: Thêm số liệu thành công loại ds 7 của sự kiên 2
  
[2017-11-12 23:23:03] local.DEBUG: Thêm số liệu thành công loại ds 7 của sự kiên 2
  
[2017-11-12 23:23:03] local.DEBUG: Thêm số liệu thành công loại ds 7 của sự kiên 2
  
[2017-11-12 23:23:03] local.DEBUG: Thêm số liệu thành công loại ds 7 của sự kiên 2
  
[2017-11-12 23:23:03] local.DEBUG: Thêm số liệu thành công loại ds 7 của sự kiên 2
  
[2017-11-12 23:24:16] local.INFO: Quản trị viên Trần Quản Trị đăng nhập vào hệ thống
  
[2017-11-12 23:24:17] local.INFO: Hiển thị kết quả thống kê sự kiện 2
  
[2017-11-12 23:24:38] local.INFO: Trần Quản Trị vào trang sự kiện
  
[2017-11-12 23:24:41] local.DEBUG: Trần Quản Trị xem thông tin sự kiện 2
  
[2017-11-12 23:24:52] local.DEBUG: Trần Quản Trị cập nhật sự kiện 2
  
[2017-11-12 23:24:53] local.DEBUG: Trần Quản Trị xem thông tin sự kiện 2
  
[2017-11-12 23:25:09] local.INFO: Trần Quản Trị vào trang sự kiện
  
[2017-11-12 23:25:11] local.INFO: Trần Quản Trị vào trang sự kiện
  
[2017-11-12 23:25:22] local.INFO: Trần Quản Trị vào trang sự kiện
  
[2017-11-12 23:25:27] local.INFO: Trần Quản Trị vào trang sự kiện
  
[2017-11-12 23:25:39] local.INFO: Trần Quản Trị vào trang sự kiện
  
[2017-11-12 23:26:03] local.INFO: Trần Quản Trị vào trang sự kiện
  
[2017-11-12 23:26:28] local.INFO: Trần Quản Trị vào trang sự kiện
  
[2017-11-12 23:27:11] local.INFO: Trần Quản Trị vào trang sự kiện
  
[2017-11-12 23:28:00] local.DEBUG: Thêm số liệu loại ds 1 của sự kiên 2 thất bại
  
[2017-11-12 23:28:00] local.DEBUG: Thêm số liệu loại ds 2 của sự kiên 2 thất bại
  
[2017-11-12 23:28:00] local.DEBUG: Thêm số liệu loại ds 2 của sự kiên 2 thất bại
  
[2017-11-12 23:28:00] local.DEBUG: Thêm số liệu loại ds 3 của sự kiên 2 thất bại
  
[2017-11-12 23:28:00] local.DEBUG: Thêm số liệu loại ds 3 của sự kiên 2 thất bại
  
[2017-11-12 23:28:00] local.DEBUG: Thêm số liệu loại ds 3 của sự kiên 2 thất bại
  
[2017-11-12 23:28:00] local.DEBUG: Thêm số liệu loại ds 4 của sự kiên 2 thất bại
  
[2017-11-12 23:28:00] local.DEBUG: Thêm số liệu loại ds 4 của sự kiên 2 thất bại
  
[2017-11-12 23:28:00] local.DEBUG: Thêm số liệu loại ds 4 của sự kiên 2 thất bại
  
[2017-11-12 23:28:00] local.DEBUG: Thêm số liệu loại ds 4 của sự kiên 2 thất bại
  
[2017-11-12 23:28:00] local.DEBUG: Thêm số liệu loại ds 7 của sự kiên 2 thất bại
  
[2017-11-12 23:28:00] local.DEBUG: Thêm số liệu loại ds 7 của sự kiên 2 thất bại
  
[2017-11-12 23:28:00] local.DEBUG: Thêm số liệu loại ds 7 của sự kiên 2 thất bại
  
[2017-11-12 23:28:00] local.DEBUG: Thêm số liệu loại ds 7 của sự kiên 2 thất bại
  
[2017-11-12 23:28:00] local.DEBUG: Thêm số liệu loại ds 7 của sự kiên 2 thất bại
  
[2017-11-12 23:28:03] local.INFO: Trần Quản Trị vào trang sự kiện
  
[2017-11-12 23:30:50] local.INFO: Hiển thị kết quả thống kê sự kiện 2
  
[2017-11-12 23:32:42] local.INFO: Trần Quản Trị vào trang cán bộ
  
[2017-11-12 23:33:31] local.DEBUG: Trần Quản Trị xem thông tin cán bộ 00123456
  
[2017-11-12 23:33:38] local.INFO: Trần Quản Trị vào trang cán bộ
  
[2017-11-12 23:34:14] local.INFO: Trần Quản Trị vào trang sự kiện
  
[2017-11-12 23:35:05] local.INFO: Hiển thị kết quả thống kê sự kiện 2
  
[2017-11-12 23:38:14] local.INFO: Trần Quản Trị vào trang sự kiện
  
[2017-11-12 23:38:25] local.DEBUG: Trần Quản Trị xem thông tin sự kiện 2
  
[2017-11-12 23:38:39] local.DEBUG: Trần Quản Trị cập nhật sự kiện 2
  
[2017-11-12 23:38:39] local.DEBUG: Trần Quản Trị xem thông tin sự kiện 2
  
[2017-11-12 23:39:03] local.INFO: Trần Quản Trị vào trang sự kiện
  
[2017-11-12 23:39:05] local.INFO: Trần Quản Trị vào trang sự kiện
  
[2017-11-12 23:39:07] local.INFO: Trần Quản Trị vào trang sự kiện
  
[2017-11-12 23:39:13] local.INFO: Trần Quản Trị vào trang sự kiện
  
[2017-11-12 23:39:17] local.INFO: Trần Quản Trị vào trang sự kiện
  
[2017-11-12 23:39:20] local.INFO: Trần Quản Trị vào trang sự kiện
  
[2017-11-12 23:40:36] local.INFO: Trần Quản Trị vào trang sự kiện
  
[2017-11-12 23:41:57] local.INFO: Trần Quản Trị vào trang sự kiện
  
[2017-11-12 23:42:01] local.DEBUG: Thêm số liệu loại ds 1 của sự kiên 2 thất bại
  
[2017-11-12 23:42:01] local.DEBUG: Thêm số liệu loại ds 2 của sự kiên 2 thất bại
  
[2017-11-12 23:42:01] local.DEBUG: Thêm số liệu loại ds 2 của sự kiên 2 thất bại
  
[2017-11-12 23:42:01] local.DEBUG: Thêm số liệu loại ds 3 của sự kiên 2 thất bại
  
[2017-11-12 23:42:01] local.DEBUG: Thêm số liệu loại ds 3 của sự kiên 2 thất bại
  
[2017-11-12 23:42:01] local.DEBUG: Thêm số liệu loại ds 3 của sự kiên 2 thất bại
  
[2017-11-12 23:42:01] local.DEBUG: Thêm số liệu loại ds 4 của sự kiên 2 thất bại
  
[2017-11-12 23:42:01] local.DEBUG: Thêm số liệu loại ds 4 của sự kiên 2 thất bại
  
[2017-11-12 23:42:01] local.DEBUG: Thêm số liệu loại ds 4 của sự kiên 2 thất bại
  
[2017-11-12 23:42:01] local.DEBUG: Thêm số liệu loại ds 4 của sự kiên 2 thất bại
  
[2017-11-12 23:42:01] local.DEBUG: Thêm số liệu loại ds 7 của sự kiên 2 thất bại
  
[2017-11-12 23:42:01] local.DEBUG: Thêm số liệu loại ds 7 của sự kiên 2 thất bại
  
[2017-11-12 23:42:01] local.DEBUG: Thêm số liệu loại ds 7 của sự kiên 2 thất bại
  
[2017-11-12 23:42:01] local.DEBUG: Thêm số liệu loại ds 7 của sự kiên 2 thất bại
  
[2017-11-12 23:42:01] local.DEBUG: Thêm số liệu loại ds 7 của sự kiên 2 thất bại
  
[2017-11-12 23:42:05] local.INFO: Trần Quản Trị vào trang sự kiện
  
[2017-11-12 23:43:31] local.DEBUG: Trần Quản Trị xem thông tin sự kiện 2
  
[2017-11-12 23:43:44] local.DEBUG: Trần Quản Trị cập nhật sự kiện 2
  
[2017-11-12 23:43:45] local.DEBUG: Trần Quản Trị xem thông tin sự kiện 2
  
[2017-11-12 23:47:01] local.DEBUG: Thêm số liệu loại ds 1 của sự kiên 2 thất bại
  
[2017-11-12 23:47:01] local.DEBUG: Thêm số liệu loại ds 2 của sự kiên 2 thất bại
  
[2017-11-12 23:47:01] local.DEBUG: Thêm số liệu loại ds 2 của sự kiên 2 thất bại
  
[2017-11-12 23:47:01] local.DEBUG: Thêm số liệu loại ds 3 của sự kiên 2 thất bại
  
[2017-11-12 23:47:01] local.DEBUG: Thêm số liệu loại ds 3 của sự kiên 2 thất bại
  
[2017-11-12 23:47:01] local.DEBUG: Thêm số liệu loại ds 3 của sự kiên 2 thất bại
  
[2017-11-12 23:47:01] local.DEBUG: Thêm số liệu loại ds 4 của sự kiên 2 thất bại
  
[2017-11-12 23:47:01] local.DEBUG: Thêm số liệu loại ds 4 của sự kiên 2 thất bại
  
[2017-11-12 23:47:01] local.DEBUG: Thêm số liệu loại ds 4 của sự kiên 2 thất bại
  
[2017-11-12 23:47:01] local.DEBUG: Thêm số liệu loại ds 4 của sự kiên 2 thất bại
  
[2017-11-12 23:47:01] local.DEBUG: Thêm số liệu loại ds 7 của sự kiên 2 thất bại
  
[2017-11-12 23:47:01] local.DEBUG: Thêm số liệu loại ds 7 của sự kiên 2 thất bại
  
[2017-11-12 23:47:01] local.DEBUG: Thêm số liệu loại ds 7 của sự kiên 2 thất bại
  
[2017-11-12 23:47:01] local.DEBUG: Thêm số liệu loại ds 7 của sự kiên 2 thất bại
  
[2017-11-12 23:47:01] local.DEBUG: Thêm số liệu loại ds 7 của sự kiên 2 thất bại
  
[2017-11-12 23:47:25] local.INFO: Trần Quản Trị vào trang sự kiện
  
[2017-11-12 23:49:44] local.INFO: Trần Quản Trị vào trang sự kiện
  
[2017-11-12 23:49:47] local.INFO: Trần Quản Trị vào trang sự kiện
  
[2017-11-12 23:49:53] local.INFO: Trần Quản Trị vào trang sự kiện
  
[2017-11-12 23:50:20] local.INFO: Trần Quản Trị vào trang sự kiện
  
[2017-11-12 23:51:07] local.DEBUG: Trần Quản Trị xem thông tin sự kiện 2
  
[2017-11-12 23:51:16] local.DEBUG: Trần Quản Trị cập nhật sự kiện 2
  
[2017-11-12 23:51:16] local.DEBUG: Trần Quản Trị xem thông tin sự kiện 2
  
[2017-11-12 23:53:35] local.INFO: Trần Quản Trị vào trang sự kiện
  
[2017-11-12 23:53:41] local.INFO: Trần Quản Trị vào trang sự kiện
  
[2017-11-12 23:54:00] local.DEBUG: Thêm số liệu loại ds 1 của sự kiên 2 thất bại
  
[2017-11-12 23:54:00] local.DEBUG: Thêm số liệu loại ds 2 của sự kiên 2 thất bại
  
[2017-11-12 23:54:00] local.DEBUG: Thêm số liệu loại ds 2 của sự kiên 2 thất bại
  
[2017-11-12 23:54:00] local.DEBUG: Thêm số liệu loại ds 3 của sự kiên 2 thất bại
  
[2017-11-12 23:54:00] local.DEBUG: Thêm số liệu loại ds 3 của sự kiên 2 thất bại
  
[2017-11-12 23:54:00] local.DEBUG: Thêm số liệu loại ds 3 của sự kiên 2 thất bại
  
[2017-11-12 23:54:00] local.DEBUG: Thêm số liệu loại ds 4 của sự kiên 2 thất bại
  
[2017-11-12 23:54:00] local.DEBUG: Thêm số liệu loại ds 4 của sự kiên 2 thất bại
  
[2017-11-12 23:54:00] local.DEBUG: Thêm số liệu loại ds 4 của sự kiên 2 thất bại
  
[2017-11-12 23:54:00] local.DEBUG: Thêm số liệu loại ds 4 của sự kiên 2 thất bại
  
[2017-11-12 23:54:00] local.DEBUG: Thêm số liệu loại ds 7 của sự kiên 2 thất bại
  
[2017-11-12 23:54:00] local.DEBUG: Thêm số liệu loại ds 7 của sự kiên 2 thất bại
  
[2017-11-12 23:54:00] local.DEBUG: Thêm số liệu loại ds 7 của sự kiên 2 thất bại
  
[2017-11-12 23:54:00] local.DEBUG: Thêm số liệu loại ds 7 của sự kiên 2 thất bại
  
[2017-11-12 23:54:00] local.DEBUG: Thêm số liệu loại ds 7 của sự kiên 2 thất bại
  
[2017-11-12 23:54:24] local.INFO: Trần Quản Trị vào trang sự kiện
  
[2017-11-12 23:55:53] local.DEBUG: Trần Quản Trị xem thông tin sự kiện 2
  
[2017-11-12 23:56:08] local.DEBUG: Trần Quản Trị cập nhật sự kiện 2
  
[2017-11-12 23:56:08] local.DEBUG: Trần Quản Trị xem thông tin sự kiện 2
  
[2017-11-12 23:59:00] local.DEBUG: Thêm số liệu loại ds 1 của sự kiên 2 thất bại
  
[2017-11-12 23:59:00] local.DEBUG: Thêm số liệu loại ds 2 của sự kiên 2 thất bại
  
[2017-11-12 23:59:00] local.DEBUG: Thêm số liệu loại ds 2 của sự kiên 2 thất bại
  
[2017-11-12 23:59:00] local.DEBUG: Thêm số liệu loại ds 3 của sự kiên 2 thất bại
  
[2017-11-12 23:59:00] local.DEBUG: Thêm số liệu loại ds 3 của sự kiên 2 thất bại
  
[2017-11-12 23:59:00] local.DEBUG: Thêm số liệu loại ds 3 của sự kiên 2 thất bại
  
[2017-11-12 23:59:00] local.DEBUG: Thêm số liệu loại ds 4 của sự kiên 2 thất bại
  
[2017-11-12 23:59:00] local.DEBUG: Thêm số liệu loại ds 4 của sự kiên 2 thất bại
  
[2017-11-12 23:59:00] local.DEBUG: Thêm số liệu loại ds 4 của sự kiên 2 thất bại
  
[2017-11-12 23:59:00] local.DEBUG: Thêm số liệu loại ds 4 của sự kiên 2 thất bại
  
[2017-11-12 23:59:00] local.DEBUG: Thêm số liệu loại ds 7 của sự kiên 2 thất bại
  
[2017-11-12 23:59:00] local.DEBUG: Thêm số liệu loại ds 7 của sự kiên 2 thất bại
  
[2017-11-12 23:59:00] local.DEBUG: Thêm số liệu loại ds 7 của sự kiên 2 thất bại
  
[2017-11-12 23:59:00] local.DEBUG: Thêm số liệu loại ds 7 của sự kiên 2 thất bại
  
[2017-11-12 23:59:00] local.DEBUG: Thêm số liệu loại ds 7 của sự kiên 2 thất bại
  
