[17-11-2017 12:11:38am] INFO: Trần Quản Trị vào trang sự kiện

﻿[17-11-2017 12:11:41am] Debug: Trần Quản Trị xem thông tin sự kiện 1

﻿[17-11-2017 12:11:57am] Debug: Trần Quản Trị cập nhật sự kiện 1

﻿[17-11-2017 12:11:57am] Debug: Trần Quản Trị xem thông tin sự kiện 1

﻿[17-11-2017 12:11:21am] INFO: Trần Quản Trị vào trang sinh viên

﻿[17-11-2017 12:11:28am] Debug: Trần Quản Trị xóa sinh viên B1600006

﻿[17-11-2017 12:11:29am] INFO: Trần Quản Trị vào trang sinh viên

﻿[17-11-2017 12:11:31am] Debug: Trần Quản Trị xóa sinh viên B1305056

﻿[17-11-2017 12:11:32am] INFO: Trần Quản Trị vào trang sinh viên

﻿[17-11-2017 12:11:33am] INFO: Trần Quản Trị vào trang cán bộ

﻿[17-11-2017 12:11:37am] Debug: Trần Quản Trị hủy thẻ cán bộ 00123459

﻿[17-11-2017 12:11:37am] INFO: Trần Quản Trị vào trang cán bộ

﻿[17-11-2017 12:11:01am] INFO: Trần Quản Trị vào trang sinh viên

﻿[17-11-2017 12:11:06am] Debug: Trần Quản Trị xóa sinh viên B1600006

﻿[17-11-2017 12:11:06am] INFO: Trần Quản Trị vào trang sinh viên

﻿[17-11-2017 12:11:58am] INFO: Trần Quản Trị vào trang sinh viên

﻿[17-11-2017 12:11:00am] Debug: Trần Quản Trị xóa sinh viên B1600006

﻿[17-11-2017 12:11:01am] INFO: Trần Quản Trị vào trang sinh viên

﻿[17-11-2017 12:11:28am] INFO: Trần Quản Trị vào trang sinh viên

﻿[17-11-2017 12:11:31am] Debug: Trần Quản Trị xóa sinh viên B1600006

﻿[17-11-2017 12:11:32am] INFO: Trần Quản Trị vào trang sinh viên

﻿[17-11-2017 12:11:52am] INFO: Trần Quản Trị vào trang sinh viên

﻿[17-11-2017 12:11:55am] Debug: Trần Quản Trị xóa sinh viên B1600006

﻿[17-11-2017 12:11:55am] INFO: Trần Quản Trị vào trang sinh viên

﻿[17-11-2017 12:11:22am] INFO: Trần Quản Trị vào trang sinh viên

﻿[17-11-2017 12:11:26am] Debug: Trần Quản Trị xóa sinh viên B1600006

﻿[17-11-2017 12:11:26am] INFO: Trần Quản Trị vào trang sinh viên

﻿[17-11-2017 01:11:47am] INFO: Trần Quản Trị vào trang sinh viên

﻿[17-11-2017 01:11:50am] Debug: Trần Quản Trị xóa sinh viên B1600006

﻿[17-11-2017 01:11:50am] INFO: Trần Quản Trị vào trang sinh viên

﻿[17-11-2017 01:11:08am] INFO: Trần Quản Trị vào trang sinh viên

﻿[17-11-2017 01:11:09am] INFO: Trần Quản Trị vào trang cán bộ

﻿[17-11-2017 01:11:13am] INFO: Trần Quản Trị vào trang cán bộ

﻿[17-11-2017 01:11:16am] INFO: Trần Quản Trị vào trang cán bộ

﻿[17-11-2017 01:11:20am] Debug: Trần Quản Trị xóa cán bộ B1500009

﻿[17-11-2017 01:11:21am] INFO: Trần Quản Trị vào trang cán bộ

﻿[17-11-2017 01:11:24am] Debug: Trần Quản Trị tìm cán bộ theo từ khóa 'minh'

﻿[17-11-2017 01:11:27am] Debug: Trần Quản Trị xóa cán bộ B1305056

﻿[17-11-2017 01:11:27am] INFO: Trần Quản Trị vào trang cán bộ

﻿[17-11-2017 01:11:59am] Debug: Trần Quản Trị tìm cán bộ theo từ khóa 'minh'

﻿[17-11-2017 01:11:04am] Debug: Trần Quản Trị xóa cán bộ B1305056

﻿[17-11-2017 01:11:04am] INFO: Trần Quản Trị vào trang cán bộ

﻿[17-11-2017 01:11:28am] Debug: Trần Quản Trị tìm cán bộ theo từ khóa 'minh'

﻿[17-11-2017 01:11:28am] Debug: Trần Quản Trị tìm cán bộ theo từ khóa 'minh'

﻿[17-11-2017 01:11:31am] Debug: Trần Quản Trị xóa cán bộ B1305056

﻿[17-11-2017 01:11:31am] INFO: Trần Quản Trị vào trang cán bộ

﻿[17-11-2017 02:11:56pm] INFO: Quản trị viên Trần Quản Trị đăng nhập vào hệ thống

﻿[17-11-2017 02:11:57pm] INFO: Hiển thị kết quả thống kê sự kiện 2

﻿[17-11-2017 02:11:53pm] INFO: Trần Quản Trị vào trang sự kiện

﻿[17-11-2017 02:11:58pm] Debug: Trần Quản Trị xem thông tin sự kiện 1

﻿[17-11-2017 02:11:28pm] Debug: Trần Quản Trị cập nhật sự kiện 1

﻿[17-11-2017 02:11:28pm] Debug: Trần Quản Trị xem thông tin sự kiện 1

﻿[17-11-2017 02:11:08pm] INFO: Trần Quản Trị vào trang sự kiện

﻿[17-11-2017 02:11:55pm] Debug: Gửi mail thành công đến vanb1305056@student.ctu.edu.vn

﻿[17-11-2017 02:11:26pm] INFO: Trần Quản Trị vào trang sự kiện

﻿[17-11-2017 02:11:08pm] INFO: Trần Quản Trị vào trang sự kiện

﻿[17-11-2017 02:11:40pm] INFO: Trần Quản Trị vào trang sự kiện

﻿[17-11-2017 02:11:50pm] INFO: Trần Quản Trị vào trang sự kiện

﻿[17-11-2017 02:11:27pm] Debug: Trần Quản Trị xem thông tin sự kiện 1

﻿[17-11-2017 02:11:35pm] Debug: Trần Quản Trị cập nhật sự kiện 1

﻿[17-11-2017 02:11:36pm] Debug: Trần Quản Trị xem thông tin sự kiện 1

﻿[17-11-2017 02:11:13pm] Debug: Gửi mail đến vanb1305056@student.ctu.edu.vn thất bại

﻿[17-11-2017 02:11:47pm] Debug: Trần Quản Trị cập nhật sự kiện 1

﻿[17-11-2017 02:11:47pm] Debug: Trần Quản Trị xem thông tin sự kiện 1

﻿[17-11-2017 02:11:01pm] Debug: Gửi mail thành công đến vanb1305056@student.ctu.edu.vn

﻿[17-11-2017 02:11:01pm] Debug: Trần Quản Trị cập nhật sự kiện 1

﻿[17-11-2017 02:11:01pm] Debug: Trần Quản Trị xem thông tin sự kiện 1

﻿[17-11-2017 02:11:30pm] Debug: Gửi mail thành công đến vanb1305056@student.ctu.edu.vn

﻿[17-11-2017 02:11:24pm] Debug: Trần Quản Trị cập nhật sự kiện 1

﻿[17-11-2017 02:11:24pm] Debug: Trần Quản Trị xem thông tin sự kiện 1

﻿[17-11-2017 02:11:39pm] Debug: Gửi mail thành công đến vanb1305056@student.ctu.edu.vn

﻿[17-11-2017 02:11:48pm] Debug: Gửi mail thành công đến vanb1305056@student.ctu.edu.vn

﻿[17-11-2017 02:11:12pm] INFO: Trần Quản Trị vào trang sự kiện

﻿[17-11-2017 03:11:14pm] INFO: Trần Quản Trị vào trang sự kiện

﻿[17-11-2017 03:11:18pm] INFO: Trần Quản Trị vào trang sự kiện

﻿[17-11-2017 03:11:23pm] Debug: Trần Quản Trị xem thông tin sự kiện 1

﻿[17-11-2017 03:11:42pm] Debug: Trần Quản Trị cập nhật sự kiện 1

﻿[17-11-2017 03:11:42pm] Debug: Trần Quản Trị xem thông tin sự kiện 1

﻿[17-11-2017 03:11:35pm] Debug: Gửi mail thành công đến vanb1305056@student.ctu.edu.vn

﻿[17-11-2017 03:11:04pm] INFO: Trần Quản Trị vào trang sự kiện

﻿[17-11-2017 03:11:07pm] INFO: Trần Quản Trị vào trang sự kiện

﻿[17-11-2017 03:11:25pm] INFO: Trần Quản Trị vào trang sự kiện

﻿[17-11-2017 03:11:27pm] Debug: Trần Quản Trị xem thông tin sự kiện 1

﻿[17-11-2017 03:11:46pm] Debug: Trần Quản Trị cập nhật sự kiện 1

﻿[17-11-2017 03:11:46pm] Debug: Trần Quản Trị xem thông tin sự kiện 1

﻿[17-11-2017 03:11:05pm] Debug: Gửi mail thành công đến vanb1305056@student.ctu.edu.vn

﻿[17-11-2017 03:11:47pm] Debug: Gửi mail thành công đến vanb1305056@student.ctu.edu.vn

﻿[17-11-2017 03:11:05pm] INFO: Trần Quản Trị vào trang sự kiện

﻿[17-11-2017 03:11:16pm] INFO: Trần Quản Trị vào trang sự kiện

﻿[17-11-2017 03:11:29pm] INFO: Trần Quản Trị vào trang sự kiện

﻿[17-11-2017 03:11:35pm] INFO: Trần Quản Trị vào trang sự kiện

﻿[17-11-2017 03:11:44pm] INFO: Trần Quản Trị vào trang sự kiện

﻿[17-11-2017 03:11:45pm] Debug: Trần Quản Trị xem thông tin sự kiện 1

﻿[17-11-2017 03:11:57pm] Debug: Trần Quản Trị cập nhật sự kiện 1

﻿[17-11-2017 03:11:57pm] Debug: Trần Quản Trị xem thông tin sự kiện 1

﻿[17-11-2017 03:11:14pm] Debug: Trần Quản Trị cập nhật sự kiện 1

﻿[17-11-2017 03:11:14pm] Debug: Trần Quản Trị xem thông tin sự kiện 1

﻿[17-11-2017 03:11:33pm] Debug: Gửi mail thành công đến vanb1305056@student.ctu.edu.vn

﻿[17-11-2017 03:11:04pm] Debug: Gửi mail thành công đến vanb1305056@student.ctu.edu.vn

﻿[17-11-2017 04:11:49pm] Debug: Trần Quản Trị cập nhật sự kiện 1

﻿[17-11-2017 04:11:49pm] Debug: Trần Quản Trị xem thông tin sự kiện 1

﻿[17-11-2017 04:11:09pm] Debug: Trần Quản Trị cập nhật sự kiện 1

﻿[17-11-2017 04:11:09pm] Debug: Trần Quản Trị xem thông tin sự kiện 1

﻿[17-11-2017 04:11:24pm] Debug: Gửi mail thành công đến vanb1305056@student.ctu.edu.vn

﻿[17-11-2017 04:11:43pm] Debug: Gửi mail thành công đến vanb1305056@student.ctu.edu.vn

﻿[17-11-2017 04:11:16pm] INFO: Trần Quản Trị vào trang sự kiện

﻿[17-11-2017 04:11:19pm] INFO: Trần Quản Trị vào trang sự kiện

﻿[17-11-2017 04:11:59pm] INFO: Trần Quản Trị vào trang sự kiện

﻿[17-11-2017 04:11:52pm] INFO: Trần Quản Trị vào trang sự kiện

﻿[17-11-2017 09:11:49pm] INFO: Quản trị viên Trần Quản Trị đăng nhập vào hệ thống

﻿[17-11-2017 09:11:50pm] INFO: Hiển thị kết quả thống kê sự kiện 1

﻿[17-11-2017 10:11:15pm] INFO: Trần Quản Trị vào trang cán bộ

﻿[17-11-2017 10:11:32pm] Debug: Trần Quản Trị xóa cán bộ 00123456

﻿[17-11-2017 10:11:33pm] INFO: Trần Quản Trị vào trang cán bộ

