[15-11-2017 08:11:14am] INFO: Quản trị viên Trần Quản Trị đăng nhập vào hệ thống

﻿[15-11-2017 08:11:15am] INFO: Hiển thị kết quả thống kê sự kiện 7

﻿[15-11-2017 08:11:25am] INFO: Trần Quản Trị vào trang cán bộ

﻿[15-11-2017 10:11:01am] INFO: Trần Quản Trị vào trang sự kiện

﻿[15-11-2017 01:11:39pm] Alert: Đăng nhập sai thông tin

﻿[15-11-2017 01:11:49pm] INFO: Quản trị viên Trần Quản Trị đăng nhập vào hệ thống

﻿[15-11-2017 01:11:50pm] INFO: Hiển thị kết quả thống kê sự kiện 7

﻿[15-11-2017 08:11:10pm] INFO: Quản trị viên Trần Quản Trị đăng nhập vào hệ thống

﻿[15-11-2017 08:11:11pm] INFO: Hiển thị kết quả thống kê sự kiện 7

﻿[15-11-2017 08:11:48pm] INFO: Trần Quản Trị vào trang sinh viên

﻿[15-11-2017 08:11:53pm] INFO: Trần Quản Trị vào trang cán bộ

﻿[15-11-2017 08:11:04pm] INFO: Trần Quản Trị vào trang cán bộ

﻿[15-11-2017 08:11:18pm] INFO: Trần Quản Trị vào trang cán bộ

﻿[15-11-2017 08:11:51pm] INFO: Trần Quản Trị vào trang cán bộ

﻿[15-11-2017 08:11:10pm] INFO: Trần Quản Trị vào trang sinh viên

﻿[15-11-2017 08:11:19pm] INFO: Trần Quản Trị vào trang sinh viên

﻿[15-11-2017 08:11:22pm] INFO: Trần Quản Trị vào trang sinh viên

﻿[15-11-2017 08:11:26pm] INFO: Trần Quản Trị vào trang sinh viên

﻿[15-11-2017 08:11:39pm] INFO: Trần Quản Trị vào trang sự kiện

﻿[15-11-2017 08:11:43pm] INFO: Hiển thị kết quả thống kê sự kiện 7

﻿[15-11-2017 08:11:53pm] INFO: Hiển thị kết quả thống kê sự kiện 7

﻿[15-11-2017 08:11:18pm] INFO: Trần Quản Trị vào trang sinh viên

﻿[15-11-2017 08:11:25pm] INFO: Trần Quản Trị vào trang sinh viên

﻿[15-11-2017 08:11:40pm] INFO: Hiển thị kết quả thống kê sự kiện 7

﻿[15-11-2017 09:11:41pm] INFO: Trần Quản Trị vào trang sự kiện

﻿[15-11-2017 09:11:43pm] INFO: Trần Quản Trị vào trang sinh viên

﻿[15-11-2017 09:11:50pm] INFO: Trần Quản Trị vào trang cán bộ

﻿[15-11-2017 09:11:52pm] INFO: Trần Quản Trị vào trang sinh viên

﻿[15-11-2017 09:11:30pm] INFO: Trần Quản Trị vào trang sinh viên

﻿[15-11-2017 09:11:41pm] INFO: Trần Quản Trị vào trang sự kiện

﻿[15-11-2017 09:11:46pm] INFO: Trần Quản Trị vào trang cán bộ

﻿[15-11-2017 09:11:51pm] INFO: Hiển thị kết quả thống kê sự kiện 7

﻿[15-11-2017 09:11:11pm] INFO: Trần Quản Trị vào trang sinh viên

﻿[15-11-2017 09:11:09pm] INFO: Trần Quản Trị vào trang sinh viên

