[18-11-2017 11:11:09am] Alert: Đăng nhập sai email

﻿[18-11-2017 01:11:46pm] INFO: Quản trị viên Trần Quản Trị đăng nhập vào hệ thống

﻿[18-11-2017 01:11:47pm] INFO: Hiển thị kết quả thống kê sự kiện 1

﻿[18-11-2017 01:11:54pm] INFO: Trần Quản Trị vào trang thống kê

﻿[18-11-2017 01:11:55pm] INFO: Hiển thị kết quả thống kê sự kiện 1

﻿[18-11-2017 01:11:00pm] INFO: Trần Quản Trị vào trang thống kê

﻿[18-11-2017 01:11:01pm] INFO: Hiển thị kết quả thống kê sự kiện 1

﻿[18-11-2017 01:11:05pm] INFO: Trần Quản Trị đăng xuất khỏi hệ thống

﻿[18-11-2017 01:11:12pm] INFO: Quản trị viên Trần Quản Trị đăng nhập vào hệ thống

﻿[18-11-2017 01:11:13pm] INFO: Hiển thị kết quả thống kê sự kiện 1

﻿[18-11-2017 02:11:23pm] INFO: Trần Quản Trị đăng xuất khỏi hệ thống

﻿[18-11-2017 02:11:36pm] INFO: Quản trị viên Trần Quản Trị đăng nhập vào hệ thống

﻿[18-11-2017 02:11:37pm] INFO: Hiển thị kết quả thống kê sự kiện 1

﻿[18-11-2017 02:11:40pm] INFO: Trần Quản Trị đăng xuất khỏi hệ thống

﻿[18-11-2017 02:11:47pm] INFO: Quản trị viên Trần Quản Trị đăng nhập vào hệ thống

﻿[18-11-2017 02:11:48pm] INFO: Hiển thị kết quả thống kê sự kiện 1

﻿[18-11-2017 02:11:21pm] INFO: Trần Quản Trị xem kết quả thống kê sự kiện 1

﻿[18-11-2017 02:11:29pm] INFO: Trần Quản Trị vào trang sự kiện

﻿[18-11-2017 02:11:31pm] INFO: Trần Quản Trị xem kết quả thống kê sự kiện 1

﻿[18-11-2017 02:11:18pm] INFO: Trần Quản Trị xem kết quả thống kê sự kiện 1

﻿[18-11-2017 02:11:27pm] INFO: Trần Quản Trị xem kết quả thống kê sự kiện 4

﻿[18-11-2017 03:11:55pm] Debug: Tính loại ds cần chuyển cho B1500003 thành công

﻿[18-11-2017 03:11:55pm] Debug: Chuyển danh sách cho B1500003 thành công

﻿[18-11-2017 03:11:55pm] Debug: Cập nhật số liệu thống kê cho B1500003 thành công

﻿[18-11-2017 03:11:55pm] INFO: Trần Quản Trị chuyển danh sách cho sv B1500003 từ 2 sang 3 thành công

﻿[18-11-2017 03:11:56pm] INFO: Trần Quản Trị xem kết quả thống kê sự kiện 4

﻿[18-11-2017 03:11:43pm] INFO: Trần Quản Trị xem kết quả thống kê sự kiện 4

﻿[18-11-2017 03:11:31pm] INFO: Trần Quản Trị xem kết quả thống kê sự kiện 4

﻿[18-11-2017 03:11:46pm] Debug: Tính loại ds cần chuyển cho B1700001 thành công

﻿[18-11-2017 03:11:46pm] Debug: Chuyển danh sách cho B1700001 thành công

﻿[18-11-2017 03:11:46pm] Debug: Cập nhật số liệu thống kê cho B1700001 thành công

﻿[18-11-2017 03:11:46pm] INFO: Trần Quản Trị chuyển danh sách cho sv B1700001 từ 2 sang 1 thành công

﻿[18-11-2017 03:11:46pm] INFO: Trần Quản Trị xem kết quả thống kê sự kiện 4

﻿[18-11-2017 03:11:44pm] INFO: Trần Quản Trị xem kết quả thống kê sự kiện 4

﻿[18-11-2017 03:11:42pm] INFO: Trần Quản Trị vào trang sự kiện

﻿[18-11-2017 03:11:28pm] INFO: Trần Quản Trị vào trang sự kiện

﻿[18-11-2017 03:11:30pm] Debug: Trần Quản Trị xem thông tin sự kiện 1

﻿[18-11-2017 03:11:50pm] Debug: Trần Quản Trị cập nhật sự kiện 1

﻿[18-11-2017 03:11:50pm] Debug: Trần Quản Trị xem thông tin sự kiện 1

﻿[18-11-2017 03:11:53pm] INFO: Trần Quản Trị vào trang sự kiện

﻿[18-11-2017 03:11:22pm] Debug: Gửi mail thành công đến vanb1305056@student.ctu.edu.vn

﻿[18-11-2017 03:11:26pm] INFO: Trần Quản Trị vào trang sự kiện

﻿[18-11-2017 03:11:28pm] INFO: Trần Quản Trị vào trang sự kiện

﻿[18-11-2017 03:11:58pm] Debug: Trần Quản Trị xem thông tin sự kiện 1

﻿[18-11-2017 03:11:08pm] Debug: Trần Quản Trị cập nhật sự kiện 1

﻿[18-11-2017 03:11:08pm] Debug: Trần Quản Trị xem thông tin sự kiện 1

﻿[18-11-2017 03:11:43pm] Debug: Gửi mail thành công đến vanb1305056@student.ctu.edu.vn

﻿[18-11-2017 03:11:28pm] INFO: Trần Quản Trị vào trang sinh viên

﻿[18-11-2017 03:11:32pm] INFO: Trần Quản Trị vào trang cán bộ

﻿[18-11-2017 03:11:49pm] INFO: Trần Quản Trị vào trang sự kiện

﻿[18-11-2017 03:11:51pm] Debug: Trần Quản Trị xem thông tin sự kiện 1

﻿[18-11-2017 03:11:04pm] Debug: Trần Quản Trị cập nhật sự kiện 1

﻿[18-11-2017 03:11:05pm] Debug: Trần Quản Trị xem thông tin sự kiện 1

﻿[18-11-2017 03:11:02pm] Debug: Gửi mail thành công đến vanb1305056@student.ctu.edu.vn

﻿[18-11-2017 03:11:05pm] INFO: Trần Quản Trị vào trang sự kiện

﻿[18-11-2017 03:11:08pm] INFO: Trần Quản Trị vào trang sự kiện

