[2017-11-11 15:08:46] local.INFO: Trần Quản Trị vào trang sự kiện
  
[2017-11-11 15:13:58] local.INFO: Trần Quản Trị vào trang sự kiện
  
[2017-11-11 15:14:01] local.INFO: Hiển thị kết quả thống kê sự kiện 12
  
[2017-11-11 15:15:01] local.INFO: Hiển thị kết quả thống kê sự kiện 12
  
[2017-11-11 15:15:12] local.INFO: Hiển thị kết quả thống kê sự kiện 12
  
[2017-11-11 15:15:54] local.INFO: Hiển thị kết quả thống kê sự kiện 12
  
[2017-11-11 15:19:44] local.INFO: Hiển thị kết quả thống kê sự kiện 12
  
[2017-11-11 15:20:18] local.INFO: Hiển thị kết quả thống kê sự kiện 12
  
[2017-11-11 15:20:29] local.INFO: Hiển thị kết quả thống kê sự kiện 12
  
[2017-11-11 15:20:37] local.INFO: Hiển thị kết quả thống kê sự kiện 12
  
[2017-11-11 15:20:47] local.INFO: Trần Quản Trị vào trang sự kiện
  
[2017-11-11 15:20:52] local.DEBUG: Trần Quản Trị xóa sự kiện 12
  
[2017-11-11 15:20:53] local.INFO: Trần Quản Trị vào trang sự kiện
  
[2017-11-11 15:21:05] local.DEBUG: Trần Quản Trị thêm sự kiện Sự kiện ABC
  
[2017-11-11 15:21:05] local.INFO: Trần Quản Trị vào trang sự kiện
  
[2017-11-11 15:21:11] local.INFO: Trần Quản Trị vào trang sự kiện
  
[2017-11-11 15:25:22] local.INFO: Trần Quản Trị vào trang thống kê
  
[2017-11-11 15:25:22] local.INFO: Hiển thị kết quả thống kê sự kiện 13
  
[2017-11-11 17:02:55] local.INFO: Trần Quản Trị đăng xuất khỏi hệ thống
  
[2017-11-11 19:31:31] local.ALERT: Hết phiên làm việc, đăng nhập để vào trang thống kê
  
[2017-11-11 19:31:40] local.INFO: Quản trị viên Trần Quản Trị đăng nhập vào hệ thống
  
[2017-11-11 19:31:40] local.INFO: Hiển thị kết quả thống kê sự kiện 13
  
[2017-11-11 19:34:52] local.INFO: Trần Quản Trị vào trang sự kiện
  
[2017-11-11 19:35:49] local.INFO: Trần Quản Trị vào trang sự kiện
  
[2017-11-11 19:35:49] local.INFO: Trần Quản Trị vào trang sự kiện
  
[2017-11-11 19:47:37] local.INFO: Trần Quản Trị vào trang đăng ký thẻ
  
[2017-11-11 19:51:19] local.INFO: Trần Quản Trị vào trang sinh viên
  
