[18-11-2017 06:11:58pm] Debug: Đã import cán bộ 00123456

﻿[18-11-2017 06:11:58pm] Debug: Đã import thẻ 0005706269 cho cán bộ 00123456

﻿[18-11-2017 06:11:58pm] Debug: Đã import cán bộ 00123457

﻿[18-11-2017 06:11:58pm] Debug: Đã import cán bộ 00123458

﻿[18-11-2017 06:11:58pm] Debug: Đã import cán bộ 00123459

﻿[18-11-2017 06:11:58pm] Debug: Đã import cán bộ 00123460

﻿[18-11-2017 06:11:58pm] Debug: Đã import cán bộ 00123461

﻿[18-11-2017 06:11:58pm] Debug: Đã import cán bộ 00123462

﻿[18-11-2017 06:11:59pm] Debug: Đã import cán bộ 00123463

﻿[18-11-2017 06:11:59pm] Debug: Đã import cán bộ 00123464

﻿[18-11-2017 06:11:59pm] Debug: Đã import cán bộ 00123465

﻿[18-11-2017 06:11:59pm] Debug: Đã import cán bộ 00123466

﻿[18-11-2017 06:11:59pm] Debug: Đã import cán bộ 00123467

﻿[18-11-2017 08:11:00pm] Debug: Trần Quản Trị xóa thẻ cán bộ 00123456 thành công

﻿[18-11-2017 08:11:00pm] Debug: Trần Quản Trị xóa đăng ký sự kiện cán bộ 00123456 thành công

﻿[18-11-2017 08:11:00pm] Debug: Trần Quản Trị xóa thông tin cán bộ 00123456 thành công

﻿[18-11-2017 08:11:10pm] Debug: Đã import cán bộ 00123456

﻿[18-11-2017 08:11:10pm] Debug: Đã import thẻ 0005706269 cho cán bộ 00123456

﻿[18-11-2017 08:11:10pm] Debug: Import cán bộ 00123457 thất bại

﻿[18-11-2017 08:11:58pm] Debug: Trần Quản Trị xóa thẻ cán bộ 00123456 thành công

﻿[18-11-2017 08:11:58pm] Debug: Trần Quản Trị xóa đăng ký sự kiện cán bộ 00123456 thành công

﻿[18-11-2017 08:11:58pm] Debug: Trần Quản Trị xóa thông tin cán bộ 00123456 thành công

﻿[18-11-2017 08:11:37pm] Debug: Trần Quản Trị xóa thẻ sinh viên B1600006 thành công

﻿[18-11-2017 08:11:37pm] Debug: Trần Quản Trị xóa đăng ký sự kiện sinh viên B1600006 thành công

﻿[18-11-2017 08:11:37pm] Debug: Trần Quản Trị xóa thông tin sinh viên B1600006 thành công

﻿[18-11-2017 08:11:34pm] Debug: Trần Quản Trị xóa thẻ sinh viên B1500003 thành công

﻿[18-11-2017 08:11:34pm] Debug: Trần Quản Trị xóa đăng ký sự kiện sinh viên B1500003 thành công

﻿[18-11-2017 08:11:34pm] Debug: Trần Quản Trị xóa thông tin sinh viên B1500003 thành công

﻿[18-11-2017 08:11:36pm] Debug: Trần Quản Trị xóa thẻ sinh viên B1700001 thành công

﻿[18-11-2017 08:11:36pm] Debug: Trần Quản Trị xóa đăng ký sự kiện sinh viên B1700001 thành công

﻿[18-11-2017 08:11:36pm] Debug: Trần Quản Trị xóa thông tin sinh viên B1700001 thành công

﻿[18-11-2017 08:11:38pm] Debug: Trần Quản Trị xóa thẻ sinh viên B1700002 thành công

﻿[18-11-2017 08:11:38pm] Debug: Trần Quản Trị xóa đăng ký sự kiện sinh viên B1700002 thành công

﻿[18-11-2017 08:11:38pm] Debug: Trần Quản Trị xóa thông tin sinh viên B1700002 thành công

