[21-11-2017 10:11:45am] INFO: Trần Quản Trị vào trang sự kiện

﻿[21-11-2017 10:11:56am] INFO: Trần Quản Trị vào trang sự kiện

﻿[21-11-2017 11:11:02am] INFO: Trần Quản Trị vào trang sự kiện

﻿[21-11-2017 11:11:04am] INFO: Trần Quản Trị vào trang sự kiện

﻿[21-11-2017 11:11:09am] Debug: Trần Quản Trị thêm sự kiện 1

﻿[21-11-2017 11:11:09am] INFO: Trần Quản Trị vào trang sự kiện

﻿[21-11-2017 11:11:25am] Debug: Có lỗi khi import sự kiện 1 ở sheet thứ 1

﻿[21-11-2017 11:11:32am] Debug: Có lỗi khi import sự kiện 1 ở sheet thứ 1

﻿[21-11-2017 11:11:14am] Debug: Có lỗi khi import sự kiện 1 ở sheet thứ 1

﻿[21-11-2017 11:11:17am] INFO: Trần Quản Trị vào trang sự kiện

﻿[21-11-2017 11:11:20am] INFO: Trần Quản Trị vào trang sinh viên

﻿[21-11-2017 11:11:26am] Debug: import thành công 3 sinh viên

﻿[21-11-2017 11:11:26am] INFO: Trần Quản Trị vào trang sinh viên

﻿[21-11-2017 11:11:30am] INFO: Trần Quản Trị vào trang cán bộ

﻿[21-11-2017 11:11:36am] Debug: import thành công 12 cán bộ

﻿[21-11-2017 11:11:36am] INFO: Trần Quản Trị vào trang cán bộ

﻿[21-11-2017 11:11:41am] INFO: Trần Quản Trị vào trang sự kiện

﻿[21-11-2017 11:11:49am] Debug: import danh sách đăng ký sự kiện 1 thành công

﻿[21-11-2017 11:11:49am] INFO: Trần Quản Trị vào trang sự kiện

﻿[21-11-2017 11:11:50am] Debug: Trần Quản Trị xem thông tin sự kiện 1

﻿[21-11-2017 11:11:43am] INFO: Trần Quản Trị vào trang sự kiện

﻿[21-11-2017 11:11:57am] INFO: Quản trị viên Trần Quản Trị đăng nhập vào hệ thống

﻿[21-11-2017 11:11:57am] INFO: Hiển thị trang thống kê rỗng

﻿[21-11-2017 11:11:59am] INFO: Trần Quản Trị vào trang sự kiện

﻿[21-11-2017 11:11:01am] Debug: Trần Quản Trị xem thông tin sự kiện 1

﻿[21-11-2017 11:11:17am] Debug: Trần Quản Trị cập nhật sự kiện 1

﻿[21-11-2017 11:11:17am] Debug: Trần Quản Trị xem thông tin sự kiện 1

﻿[21-11-2017 11:11:21am] Debug: Trần Quản Trị cập nhật sự kiện 1

﻿[21-11-2017 11:11:21am] Debug: Trần Quản Trị xem thông tin sự kiện 1

﻿[21-11-2017 11:11:24am] INFO: Trần Quản Trị vào trang sự kiện

﻿[21-11-2017 11:11:30am] INFO: Trần Quản Trị vào trang sự kiện

﻿[21-11-2017 11:11:00am] Debug: Gửi mail thành công đến vanb1305056@student.ctu.edu.vn

﻿[21-11-2017 11:11:49am] INFO: Trần Quản Trị vào trang thống kê

﻿[21-11-2017 11:11:49am] INFO: Hiển thị trang thống kê rỗng

﻿[21-11-2017 11:11:53am] INFO: Trần Quản Trị vào trang sự kiện

﻿[21-11-2017 11:11:01am] Debug: Trần Quản Trị xem thông tin sự kiện 1

﻿[21-11-2017 11:11:32am] INFO: Trần Quản Trị vào trang sự kiện

﻿[21-11-2017 11:11:14am] INFO: Quản trị viên Trần Quản Trị đăng nhập vào hệ thống

﻿[21-11-2017 11:11:15am] INFO: Hiển thị trang thống kê rỗng

﻿[21-11-2017 11:11:21am] INFO: Trần Quản Trị vào trang sự kiện

﻿[21-11-2017 11:11:23am] Debug: Trần Quản Trị xem thông tin sự kiện 1

﻿[21-11-2017 11:11:33am] Debug: Trần Quản Trị cập nhật sự kiện 1

﻿[21-11-2017 11:11:34am] Debug: Trần Quản Trị xem thông tin sự kiện 1

﻿[21-11-2017 11:11:37am] INFO: Trần Quản Trị vào trang sự kiện

﻿[21-11-2017 11:11:16am] INFO: Trần Quản Trị vào trang sự kiện

﻿[21-11-2017 11:11:21am] Debug: Trần Quản Trị xem thông tin sự kiện 1

﻿[21-11-2017 11:11:36am] Debug: Gửi mail thành công đến vanb1305056@student.ctu.edu.vn

﻿[21-11-2017 11:11:22am] INFO: Trần Quản Trị vào trang thống kê

﻿[21-11-2017 11:11:23am] INFO: Hiển thị trang thống kê rỗng

﻿[21-11-2017 11:11:25am] INFO: Trần Quản Trị vào trang sự kiện

﻿[21-11-2017 11:11:25am] INFO: Trần Quản Trị vào trang sự kiện

﻿[21-11-2017 11:11:06am] INFO: Trần Quản Trị vào trang sự kiện

﻿[21-11-2017 11:11:27am] INFO: Trần Quản Trị vào trang sự kiện

﻿[21-11-2017 11:11:04am] INFO: Trần Quản Trị xem kết quả thống kê sự kiện 1

﻿[21-11-2017 11:11:15am] Debug: Tính loại ds cần chuyển cho B1500003 thành công

﻿[21-11-2017 11:11:15am] Debug: Chuyển danh sách cho B1500003 thành công

﻿[21-11-2017 11:11:15am] INFO: Trần Quản Trị chuyển danh sách cho sv B1500003 từ 2 sang 1 thành công

﻿[21-11-2017 11:11:16am] INFO: Trần Quản Trị xem kết quả thống kê sự kiện 1

﻿[21-11-2017 11:11:36am] Debug: Tính loại ds cần chuyển cho 00123456 thành công

﻿[21-11-2017 11:11:36am] Debug: Chuyển danh sách cho 00123456 thành công

﻿[21-11-2017 11:11:36am] INFO: Trần Quản Trị chuyển danh sách cho cb 00123456 từ 3 sang 2 thành công

﻿[21-11-2017 11:11:37am] INFO: Trần Quản Trị xem kết quả thống kê sự kiện 1

﻿[21-11-2017 11:11:20am] INFO: Trần Quản Trị vào trang sự kiện

﻿[21-11-2017 12:11:28pm] INFO: Trần Quản Trị vào trang sự kiện

﻿[21-11-2017 12:11:20pm] Debug: Trần Quản Trị thêm sự kiện 2

﻿[21-11-2017 12:11:20pm] INFO: Trần Quản Trị vào trang sự kiện

﻿[21-11-2017 12:11:35pm] Debug: import danh sách đăng ký sự kiện 2 thành công

﻿[21-11-2017 12:11:35pm] INFO: Trần Quản Trị vào trang sự kiện

﻿[21-11-2017 12:11:19pm] INFO: Trần Quản Trị vào trang thống kê

﻿[21-11-2017 12:11:20pm] INFO: Trần Quản Trị xem kết quả thống kê sự kiện 1

﻿[21-11-2017 12:11:45pm] INFO: Trần Quản Trị vào trang sinh viên

﻿[21-11-2017 12:11:52pm] Debug: Trần Quản Trị xóa sinh viên B1500001

﻿[21-11-2017 12:11:53pm] INFO: Trần Quản Trị vào trang sinh viên

﻿[21-11-2017 12:11:59pm] INFO: Trần Quản Trị vào trang sinh viên

﻿[21-11-2017 12:11:02pm] INFO: Trần Quản Trị vào trang sự kiện

﻿[21-11-2017 12:11:25pm] INFO: Trần Quản Trị vào trang sự kiện

﻿[21-11-2017 12:11:27pm] Debug: Trần Quản Trị xem thông tin sự kiện 1

﻿[21-11-2017 12:11:46pm] Debug: Trần Quản Trị cập nhật sự kiện 1

﻿[21-11-2017 12:11:46pm] Debug: Trần Quản Trị xem thông tin sự kiện 1

﻿[21-11-2017 12:11:49pm] INFO: Trần Quản Trị vào trang sự kiện

﻿[21-11-2017 12:11:13pm] Debug: Gửi mail thành công đến vanb1305056@student.ctu.edu.vn

﻿[21-11-2017 12:11:06pm] INFO: Trần Quản Trị vào trang sự kiện

﻿[21-11-2017 12:11:11pm] INFO: Trần Quản Trị xem kết quả thống kê sự kiện 1

﻿[21-11-2017 12:11:41pm] INFO: Trần Quản Trị vào trang thống kê

﻿[21-11-2017 12:11:42pm] INFO: Hiển thị trang thống kê rỗng

﻿[21-11-2017 12:11:43pm] INFO: Trần Quản Trị vào trang sự kiện

