[21-11-2017 11:11:25am] Debug: Đã đăng kí sự kiện 1 thất bại

﻿[21-11-2017 11:11:32am] Debug: Đã đăng kí sự kiện 1 thất bại

﻿[21-11-2017 11:11:14am] Debug: Đã đăng kí sự kiện 1 thất bại

﻿[21-11-2017 11:11:25am] Debug: Đã import sinh viên B1700001

﻿[21-11-2017 11:11:25am] Debug: Đã import thẻ 0000958866 cho sinh viên B1700001

﻿[21-11-2017 11:11:26am] Debug: Đã import sinh viên B1700002

﻿[21-11-2017 11:11:26am] Debug: Đã import thẻ 0000958819 cho sinh viên B1700002

﻿[21-11-2017 11:11:26am] Debug: Đã import sinh viên B1500003

﻿[21-11-2017 11:11:26am] Debug: Đã import thẻ 0001352398 cho sinh viên B1500003

﻿[21-11-2017 11:11:35am] Debug: Đã import cán bộ 00123456

﻿[21-11-2017 11:11:35am] Debug: Đã import thẻ 0005706269 cho cán bộ 00123456

﻿[21-11-2017 11:11:35am] Debug: Đã import cán bộ 00123457

﻿[21-11-2017 11:11:35am] Debug: Đã import cán bộ 00123458

﻿[21-11-2017 11:11:35am] Debug: Đã import cán bộ 00123459

﻿[21-11-2017 11:11:35am] Debug: Đã import cán bộ 00123460

﻿[21-11-2017 11:11:35am] Debug: Đã import cán bộ 00123461

﻿[21-11-2017 11:11:35am] Debug: Đã import cán bộ 00123462

﻿[21-11-2017 11:11:35am] Debug: Đã import cán bộ 00123463

﻿[21-11-2017 11:11:35am] Debug: Đã import cán bộ 00123464

﻿[21-11-2017 11:11:35am] Debug: Đã import cán bộ 00123465

﻿[21-11-2017 11:11:35am] Debug: Đã import cán bộ 00123466

﻿[21-11-2017 11:11:36am] Debug: Đã import cán bộ 00123467

﻿[21-11-2017 11:11:48am] Debug: Đã đăng kí sự kiện cho sinh viên B1700001

﻿[21-11-2017 11:11:48am] Debug: Đã đăng kí sự kiện cho sinh viên B1700002

﻿[21-11-2017 11:11:48am] Debug: Đã đăng kí sự kiện cho sinh viên B1500003

﻿[21-11-2017 11:11:49am] Debug: Đã đăng kí sự kiện cho cán bộ 00123456

﻿[21-11-2017 12:11:35pm] Debug: Đã đăng kí sự kiện cho sinh viên B1700001

﻿[21-11-2017 12:11:35pm] Debug: Đã đăng kí sự kiện cho sinh viên B1700002

﻿[21-11-2017 12:11:35pm] Debug: Đã đăng kí sự kiện cho sinh viên B1500003

﻿[21-11-2017 12:11:35pm] Debug: Đã đăng kí sự kiện cho cán bộ 00123456

﻿[21-11-2017 12:11:52pm] Debug: Trần Quản Trị xóa thẻ sinh viên B1500001 thành công

﻿[21-11-2017 12:11:52pm] Debug: Trần Quản Trị xóa đăng ký sự kiện sinh viên B1500001 thành công

﻿[21-11-2017 12:11:52pm] Debug: Trần Quản Trị xóa thông tin sinh viên B1500001 thành công

