[2017-11-13 13:20:43] local.INFO: Trần Quản Trị vào trang sinh viên
  
[2017-11-13 13:20:49] local.INFO: Trần Quản Trị vào trang cán bộ
  
[2017-11-13 13:20:50] local.INFO: Trần Quản Trị vào trang sinh viên
  
[2017-11-13 13:21:34] local.INFO: Trần Quản Trị vào trang sinh viên
  
[2017-11-13 13:21:58] local.INFO: Trần Quản Trị vào trang sinh viên
  
[2017-11-13 13:22:01] local.INFO: Trần Quản Trị vào trang sự kiện
  
[2017-11-13 13:22:04] local.INFO: Hiển thị kết quả thống kê sự kiện 2
  
[2017-11-13 13:22:19] local.INFO: Trần Quản Trị vào trang sự kiện
  
[2017-11-13 13:22:28] local.INFO: Trần Quản Trị vào trang sự kiện
  
[2017-11-13 13:22:38] local.INFO: Trần Quản Trị vào trang cán bộ
  
[2017-11-13 13:22:40] local.INFO: Trần Quản Trị vào trang sinh viên
  
[2017-11-13 13:23:12] local.DEBUG: Trần Quản Trị xóa sinh viên B1500003
  
[2017-11-13 13:23:13] local.INFO: Trần Quản Trị vào trang sinh viên
  
[2017-11-13 13:23:15] local.DEBUG: Trần Quản Trị xóa sinh viên B1700001
  
[2017-11-13 13:23:15] local.INFO: Trần Quản Trị vào trang sinh viên
  
[2017-11-13 13:23:17] local.DEBUG: Trần Quản Trị xóa sinh viên B1700002
  
[2017-11-13 13:23:17] local.INFO: Trần Quản Trị vào trang sinh viên
  
[2017-11-13 13:23:22] local.INFO: Trần Quản Trị vào trang sự kiện
  
[2017-11-13 13:23:42] local.INFO: Trần Quản Trị vào trang sự kiện
  
[2017-11-13 13:23:46] local.INFO: Trần Quản Trị vào trang sinh viên
  
[2017-11-13 14:07:46] local.INFO: Hiển thị kết quả thống kê sự kiện 2
  
[2017-11-13 14:09:44] local.INFO: Hiển thị kết quả thống kê sự kiện 2
  
[2017-11-13 14:14:45] local.INFO: Trần Quản Trị vào trang sinh viên
  
[2017-11-13 14:15:02] local.INFO: Trần Quản Trị vào trang sinh viên
  
[2017-11-13 14:15:10] local.DEBUG: Trần Quản Trị thêm sinh viên B1600006
  
[2017-11-13 14:15:10] local.INFO: Trần Quản Trị vào trang sinh viên
  
[2017-11-13 14:20:13] local.DEBUG: Trần Quản Trị chọn cập nhật thẻ 0001352398 cho chủ thẻ B1600006
  
[2017-11-13 14:20:13] local.DEBUG: Sinh viên B1600006 đã cập nhật mã thẻ thành 0001352398
  
[2017-11-13 14:20:13] local.DEBUG: Sinh viên B1600006 đã cập nhật mã thẻ thành 0001352398
  
[2017-11-13 14:20:13] local.INFO: Trần Quản Trị vào trang sinh viên
  
[2017-11-13 14:21:09] local.DEBUG: Trần Quản Trị chọn cập nhật thẻ 0005706269 cho chủ thẻ B1600006
  
[2017-11-13 14:21:09] local.INFO: Thẻ 0005706269 đã có cán bộ sở hữu
  
[2017-11-13 14:21:09] local.INFO: Thẻ 0005706269 đã có cán bộ sở hữu
  
[2017-11-13 14:21:12] local.INFO: Trần Quản Trị vào trang sinh viên
  
[2017-11-13 14:21:21] local.DEBUG: Trần Quản Trị hủy thẻ sinh viên B1600006
  
[2017-11-13 14:21:21] local.INFO: Trần Quản Trị vào trang sinh viên
  
[2017-11-13 14:21:24] local.DEBUG: Trần Quản Trị chọn cập nhật thẻ 0001352398 cho chủ thẻ B1600006
  
[2017-11-13 14:21:24] local.DEBUG: Sinh viên B1600006 đã cập nhật mã thẻ thành 0001352398
  
[2017-11-13 14:21:24] local.DEBUG: Sinh viên B1600006 đã cập nhật mã thẻ thành 0001352398
  
[2017-11-13 14:21:25] local.INFO: Trần Quản Trị vào trang sinh viên
  
[2017-11-13 14:21:58] local.DEBUG: Trần Quản Trị xem thông tin sinh viên B1600006
  
[2017-11-13 14:22:02] local.INFO: Trần Quản Trị vào trang sinh viên
  
[2017-11-13 14:22:05] local.DEBUG: Trần Quản Trị tìm sinh viên theo từ khóa 'nhân'
  
[2017-11-13 14:22:07] local.DEBUG: Trần Quản Trị xem thông tin sinh viên B1600006
  
[2017-11-13 14:22:13] local.DEBUG: Trần Quản Trị cập nhật sinh viên B1600006
  
[2017-11-13 14:22:14] local.DEBUG: Trần Quản Trị xem thông tin sinh viên B1600006
  
[2017-11-13 14:23:23] local.DEBUG: Trần Quản Trị cập nhật sinh viên B1600006
  
[2017-11-13 14:23:24] local.DEBUG: Trần Quản Trị xem thông tin sinh viên B1600006
  
[2017-11-13 14:23:29] local.INFO: Trần Quản Trị vào trang sinh viên
  
[2017-11-13 14:31:03] local.DEBUG: Trần Quản Trị thêm sinh viên B1305056
  
[2017-11-13 14:31:04] local.INFO: Trần Quản Trị vào trang sinh viên
  
[2017-11-13 14:33:34] local.DEBUG: Trần Quản Trị thêm sinh viên B1600007
  
[2017-11-13 14:33:34] local.INFO: Trần Quản Trị vào trang sinh viên
  
[2017-11-13 14:33:39] local.DEBUG: Trần Quản Trị xóa sinh viên B1305056
  
[2017-11-13 14:33:39] local.INFO: Trần Quản Trị vào trang sinh viên
  
[2017-11-13 14:33:43] local.DEBUG: Trần Quản Trị tìm sinh viên theo từ khóa 'thối'
  
[2017-11-13 14:33:46] local.DEBUG: Trần Quản Trị xóa sinh viên B1600007
  
[2017-11-13 14:33:47] local.INFO: Trần Quản Trị vào trang sinh viên
  
[2017-11-13 14:33:49] local.DEBUG: Trần Quản Trị xem thông tin sinh viên B1600006
  
[2017-11-13 14:33:52] local.DEBUG: Trần Quản Trị xóa sinh viên B1600006
  
[2017-11-13 14:33:52] local.INFO: Trần Quản Trị vào trang sinh viên
  
[2017-11-13 14:33:55] local.INFO: Hiển thị kết quả thống kê sự kiện 2
  
[2017-11-13 16:02:26] local.INFO: Trần Quản Trị vào trang sinh viên
  
[2017-11-13 16:02:41] local.INFO: Trần Quản Trị chọn import sinh viên vào hệ thống
  
[2017-11-13 16:02:43] local.INFO: Trần Quản Trị vào trang sinh viên
  
[2017-11-13 16:02:48] local.INFO: Hiển thị kết quả thống kê sự kiện 2
  
[2017-11-13 16:05:01] local.INFO: Trần Quản Trị vào trang sinh viên
  
[2017-11-13 16:17:16] local.INFO: Trần Quản Trị vào trang sự kiện
  
[2017-11-13 16:18:53] local.DEBUG: Trần Quản Trị thêm sự kiện sư kiện 3
  
[2017-11-13 16:18:53] local.INFO: Trần Quản Trị vào trang sự kiện
  
[2017-11-13 16:19:09] local.INFO: Trần Quản Trị chọn import danh sách đăng ký sự kiện3 vào hệ thống
  
[2017-11-13 16:19:15] local.INFO: Trần Quản Trị vào trang sự kiện
  
[2017-11-13 16:22:07] local.INFO: Trần Quản Trị vào trang sự kiện
  
[2017-11-13 16:23:04] local.INFO: Trần Quản Trị vào trang sinh viên
  
[2017-11-13 16:23:08] local.DEBUG: Trần Quản Trị xóa sinh viên B1600006
  
[2017-11-13 16:23:08] local.INFO: Trần Quản Trị vào trang sinh viên
  
[2017-11-13 16:23:10] local.INFO: Hiển thị kết quả thống kê sự kiện 3
  
[2017-11-13 16:24:24] local.INFO: Trần Quản Trị vào trang sinh viên
  
[2017-11-13 17:16:37] local.INFO: Trần Quản Trị vào trang sự kiện
  
[2017-11-13 17:16:41] local.DEBUG: Trần Quản Trị xóa sự kiện 3
  
[2017-11-13 17:16:41] local.INFO: Trần Quản Trị vào trang sự kiện
  
[2017-11-13 17:16:54] local.DEBUG: Trần Quản Trị thêm sự kiện Sự kiện ABC
  
[2017-11-13 17:16:54] local.INFO: Trần Quản Trị vào trang sự kiện
  
[2017-11-13 17:17:19] local.INFO: Trần Quản Trị chọn import danh sách đăng ký sự kiện4 vào hệ thống
  
[2017-11-13 17:17:20] local.INFO: Trần Quản Trị vào trang sự kiện
  
[2017-11-13 17:19:27] local.INFO: Trần Quản Trị vào trang sự kiện
  
[2017-11-13 17:19:35] local.INFO: Trần Quản Trị vào trang sự kiện
  
[2017-11-13 17:20:04] local.INFO: Trần Quản Trị vào trang sự kiện
  
[2017-11-13 17:21:15] local.INFO: Trần Quản Trị vào trang sự kiện
  
[2017-11-13 17:21:28] local.DEBUG: Trần Quản Trị thêm sự kiện Sự kiện ABC
  
[2017-11-13 17:21:28] local.INFO: Trần Quản Trị vào trang sự kiện
  
[2017-11-13 17:21:34] local.INFO: Trần Quản Trị chọn import danh sách đăng ký sự kiện5 vào hệ thống
  
[2017-11-13 17:21:35] local.INFO: Trần Quản Trị vào trang sự kiện
  
[2017-11-13 17:25:07] local.INFO: Trần Quản Trị vào trang sự kiện
  
[2017-11-13 17:25:09] local.INFO: Trần Quản Trị vào trang sự kiện
  
[2017-11-13 17:25:58] local.DEBUG: Trần Quản Trị xem thông tin sự kiện 5
  
[2017-11-13 17:26:07] local.DEBUG: Trần Quản Trị cập nhật sự kiện 5
  
[2017-11-13 17:26:08] local.DEBUG: Trần Quản Trị xem thông tin sự kiện 5
  
[2017-11-13 17:30:08] local.INFO: Trần Quản Trị vào trang sự kiện
  
[2017-11-13 17:30:11] local.INFO: Hiển thị kết quả thống kê sự kiện 5
  
[2017-11-13 17:31:46] local.INFO: Trần Quản Trị vào trang sự kiện
  
[2017-11-13 17:31:53] local.DEBUG: Trần Quản Trị xóa sự kiện 2
  
[2017-11-13 17:31:53] local.INFO: Trần Quản Trị vào trang sự kiện
  
[2017-11-13 17:31:55] local.DEBUG: Trần Quản Trị xóa sự kiện 4
  
[2017-11-13 17:31:56] local.INFO: Trần Quản Trị vào trang sự kiện
  
[2017-11-13 17:31:58] local.DEBUG: Trần Quản Trị xóa sự kiện 5
  
[2017-11-13 17:31:58] local.INFO: Trần Quản Trị vào trang sự kiện
  
[2017-11-13 17:32:01] local.DEBUG: Trần Quản Trị xóa sự kiện 1
  
[2017-11-13 17:32:01] local.INFO: Trần Quản Trị vào trang sự kiện
  
[2017-11-13 17:32:16] local.DEBUG: Trần Quản Trị thêm sự kiện Sự kiện ăn uống hàn quốc
  
[2017-11-13 17:32:16] local.INFO: Trần Quản Trị vào trang sự kiện
  
[2017-11-13 17:32:22] local.INFO: Trần Quản Trị chọn import danh sách đăng ký sự kiện6 vào hệ thống
  
[2017-11-13 17:32:23] local.INFO: Trần Quản Trị vào trang sự kiện
  
[2017-11-13 17:37:00] local.INFO: Trần Quản Trị vào trang sự kiện
  
[2017-11-13 17:37:49] local.INFO: Trần Quản Trị vào trang sinh viên
  
[2017-11-13 17:37:54] local.DEBUG: Trần Quản Trị xóa sinh viên B1600006
  
[2017-11-13 17:37:54] local.INFO: Trần Quản Trị vào trang sinh viên
  
[2017-11-13 17:37:58] local.INFO: Hiển thị kết quả thống kê sự kiện 6
  
[2017-11-13 17:40:57] local.INFO: Trần Quản Trị vào trang sinh viên
  
[2017-11-13 17:41:02] local.DEBUG: Trần Quản Trị xóa sinh viên B1700001
  
[2017-11-13 17:41:02] local.INFO: Trần Quản Trị vào trang sinh viên
  
[2017-11-13 17:41:10] local.INFO: Hiển thị kết quả thống kê sự kiện 6
  
[2017-11-13 17:44:57] local.INFO: Hiển thị kết quả thống kê sự kiện 6
  
[2017-11-13 17:45:48] local.INFO: Trần Quản Trị vào trang sự kiện
  
[2017-11-13 17:45:52] local.DEBUG: Trần Quản Trị xóa sự kiện 6
  
[2017-11-13 17:45:52] local.INFO: Trần Quản Trị vào trang sự kiện
  
[2017-11-13 17:46:03] local.DEBUG: Trần Quản Trị thêm sự kiện Sự kiện ABC
  
[2017-11-13 17:46:04] local.INFO: Trần Quản Trị vào trang sự kiện
  
[2017-11-13 17:46:13] local.INFO: Trần Quản Trị chọn import danh sách đăng ký sự kiện7 vào hệ thống
  
[2017-11-13 17:46:13] local.DEBUG: Có lỗi khi import sự kiện 7 ở sheet thứ 1
  
[2017-11-13 17:46:19] local.INFO: Trần Quản Trị vào trang sinh viên
  
[2017-11-13 17:46:23] local.DEBUG: Trần Quản Trị xóa sinh viên B1305056
  
[2017-11-13 17:46:24] local.INFO: Trần Quản Trị vào trang sinh viên
  
[2017-11-13 17:46:25] local.DEBUG: Trần Quản Trị xóa sinh viên B1500003
  
[2017-11-13 17:46:26] local.INFO: Trần Quản Trị vào trang sinh viên
  
[2017-11-13 17:46:27] local.DEBUG: Trần Quản Trị xóa sinh viên B1700002
  
[2017-11-13 17:46:28] local.INFO: Trần Quản Trị vào trang sinh viên
  
[2017-11-13 17:46:40] local.INFO: Trần Quản Trị chọn import sinh viên vào hệ thống
  
[2017-11-13 17:46:41] local.INFO: Trần Quản Trị vào trang sinh viên
  
[2017-11-13 17:46:42] local.INFO: Trần Quản Trị vào trang sự kiện
  
[2017-11-13 17:46:50] local.INFO: Trần Quản Trị chọn import danh sách đăng ký sự kiện7 vào hệ thống
  
[2017-11-13 17:46:50] local.INFO: Trần Quản Trị vào trang sự kiện
  
[2017-11-13 17:46:52] local.DEBUG: Trần Quản Trị xem thông tin sự kiện 7
  
[2017-11-13 17:50:23] local.INFO: Trần Quản Trị vào trang sự kiện
  
[2017-11-13 17:50:29] local.DEBUG: Trần Quản Trị xóa sự kiện 7
  
[2017-11-13 17:50:29] local.INFO: Trần Quản Trị vào trang sự kiện
  
[2017-11-13 17:50:43] local.DEBUG: Trần Quản Trị thêm sự kiện Sự kiện ăn uống hàn quốc
  
[2017-11-13 17:50:44] local.INFO: Trần Quản Trị vào trang sự kiện
  
[2017-11-13 17:50:56] local.INFO: Trần Quản Trị chọn import danh sách đăng ký sự kiện8 vào hệ thống
  
[2017-11-13 17:50:57] local.INFO: Trần Quản Trị vào trang sự kiện
  
[2017-11-13 17:51:23] local.INFO: Trần Quản Trị vào trang sinh viên
  
[2017-11-13 17:51:26] local.DEBUG: Trần Quản Trị xóa sinh viên B1305056
  
[2017-11-13 17:51:27] local.INFO: Trần Quản Trị vào trang sinh viên
  
[2017-11-13 17:54:07] local.INFO: Trần Quản Trị vào trang sự kiện
  
[2017-11-13 17:55:22] local.INFO: Trần Quản Trị vào trang sinh viên
  
[2017-11-13 17:57:56] local.INFO: Trần Quản Trị vào trang sinh viên
  
[2017-11-13 17:58:19] local.INFO: Hiển thị kết quả thống kê sự kiện 8
  
[2017-11-13 18:24:48] local.INFO: Trần Quản Trị vào trang sự kiện
  
[2017-11-13 18:25:02] local.DEBUG: Trần Quản Trị thêm sự kiện Sự kiện ABC
  
[2017-11-13 18:25:03] local.INFO: Trần Quản Trị vào trang sự kiện
  
[2017-11-13 18:25:08] local.INFO: Trần Quản Trị chọn import danh sách đăng ký sự kiện9 vào hệ thống
  
[2017-11-13 18:25:09] local.DEBUG: Có lỗi khi import sự kiện 9 ở sheet thứ 1
  
[2017-11-13 18:25:26] local.DEBUG: Trần Quản Trị xóa sự kiện 8
  
[2017-11-13 18:25:26] local.INFO: Trần Quản Trị vào trang sự kiện
  
[2017-11-13 18:25:29] local.DEBUG: Trần Quản Trị xóa sự kiện 9
  
[2017-11-13 18:25:29] local.INFO: Trần Quản Trị vào trang sự kiện
  
[2017-11-13 18:25:58] local.INFO: Trần Quản Trị vào trang sự kiện
  
[2017-11-13 18:26:38] local.DEBUG: Trần Quản Trị thêm sự kiện Sự kiện ABC
  
[2017-11-13 18:26:39] local.INFO: Trần Quản Trị vào trang sự kiện
  
[2017-11-13 18:26:45] local.INFO: Trần Quản Trị chọn import danh sách đăng ký sự kiện1 vào hệ thống
  
[2017-11-13 18:26:45] local.DEBUG: Có lỗi khi import sự kiện 1 ở sheet thứ 1
  
[2017-11-13 18:27:15] local.INFO: Trần Quản Trị vào trang sinh viên
  
[2017-11-13 18:27:24] local.DEBUG: Trần Quản Trị xóa sinh viên 00123458
  
[2017-11-13 18:27:24] local.INFO: Trần Quản Trị vào trang sinh viên
  
[2017-11-13 18:27:26] local.DEBUG: Trần Quản Trị xóa sinh viên B1305056
  
[2017-11-13 18:27:26] local.INFO: Trần Quản Trị vào trang sinh viên
  
[2017-11-13 18:27:28] local.DEBUG: Trần Quản Trị xóa sinh viên B1500003
  
[2017-11-13 18:27:29] local.INFO: Trần Quản Trị vào trang sinh viên
  
[2017-11-13 18:27:30] local.DEBUG: Trần Quản Trị xóa sinh viên B1700002
  
[2017-11-13 18:27:31] local.INFO: Trần Quản Trị vào trang sinh viên
  
[2017-11-13 18:27:35] local.INFO: Trần Quản Trị chọn import sinh viên vào hệ thống
  
[2017-11-13 18:27:36] local.INFO: Trần Quản Trị vào trang sinh viên
  
[2017-11-13 18:27:36] local.INFO: Trần Quản Trị vào trang cán bộ
  
[2017-11-13 18:27:39] local.INFO: Trần Quản Trị vào trang sinh viên
  
[2017-11-13 18:27:47] local.INFO: Trần Quản Trị chọn import danh sách đăng ký sự kiện1 vào hệ thống
  
[2017-11-13 18:27:48] local.INFO: Trần Quản Trị vào trang sự kiện
  
[2017-11-13 18:27:51] local.DEBUG: Trần Quản Trị xem thông tin sự kiện 1
  
[2017-11-13 18:27:58] local.DEBUG: Trần Quản Trị cập nhật sự kiện 1
  
[2017-11-13 18:27:58] local.DEBUG: Trần Quản Trị xem thông tin sự kiện 1
  
[2017-11-13 18:28:11] local.INFO: Trần Quản Trị vào trang sự kiện
  
[2017-11-13 18:28:22] local.DEBUG: Trần Quản Trị xem thông tin sự kiện 1
  
[2017-11-13 18:28:26] local.DEBUG: Trần Quản Trị cập nhật sự kiện 1
  
[2017-11-13 18:28:27] local.DEBUG: Trần Quản Trị xem thông tin sự kiện 1
  
[2017-11-13 18:31:05] local.INFO: Trần Quản Trị vào trang sự kiện
  
[2017-11-13 18:31:08] local.INFO: Hiển thị kết quả thống kê sự kiện 1
  
[2017-11-13 18:32:27] local.INFO: Trần Quản Trị vào trang sự kiện
  
[2017-11-13 18:32:43] local.DEBUG: Trần Quản Trị thêm sự kiện Sự kiện ăn uống hàn quốc
  
[2017-11-13 18:32:44] local.INFO: Trần Quản Trị vào trang sự kiện
  
[2017-11-13 18:32:49] local.INFO: Trần Quản Trị chọn import danh sách đăng ký sự kiện2 vào hệ thống
  
[2017-11-13 18:32:50] local.INFO: Trần Quản Trị vào trang sự kiện
  
[2017-11-13 18:34:13] local.INFO: Hiển thị kết quả thống kê sự kiện 1
  
[2017-11-13 18:34:17] local.INFO: Trần Quản Trị vào trang sự kiện
  
[2017-11-13 18:36:13] local.INFO: Trần Quản Trị vào trang sự kiện
  
[2017-11-13 18:36:26] local.DEBUG: Trần Quản Trị thêm sự kiện Sự kiện thử nghiệm sự kiện
  
[2017-11-13 18:36:26] local.INFO: Trần Quản Trị vào trang sự kiện
  
[2017-11-13 18:36:32] local.INFO: Trần Quản Trị chọn import danh sách đăng ký sự kiện3 vào hệ thống
  
[2017-11-13 18:36:33] local.INFO: Trần Quản Trị vào trang sự kiện
  
[2017-11-13 18:36:45] local.INFO: Trần Quản Trị vào trang sự kiện
  
[2017-11-13 18:45:40] local.INFO: Trần Quản Trị vào trang sinh viên
  
[2017-11-13 18:46:48] local.INFO: Trần Quản Trị vào trang cán bộ
  
[2017-11-13 18:46:58] local.INFO: Trần Quản Trị vào trang sinh viên
  
[2017-11-13 18:47:19] local.INFO: Trần Quản Trị vào trang sự kiện
  
[2017-11-13 18:52:26] local.INFO: Trần Quản Trị vào trang sinh viên
  
[2017-11-13 19:07:39] local.INFO: Trần Quản Trị vào trang sinh viên
  
[2017-11-13 19:13:14] local.INFO: Hiển thị kết quả thống kê sự kiện 3
  
[2017-11-13 19:14:55] local.INFO: Trần Quản Trị vào trang sự kiện
  
[2017-11-13 19:20:10] local.INFO: Trần Quản Trị vào trang sinh viên
  
[2017-11-13 19:20:14] local.DEBUG: Trần Quản Trị xóa sinh viên B1700001
  
[2017-11-13 19:20:15] local.INFO: Trần Quản Trị vào trang sinh viên
  
[2017-11-13 19:20:17] local.INFO: Hiển thị kết quả thống kê sự kiện 3
  
[2017-11-13 19:23:11] local.INFO: Trần Quản Trị vào trang sinh viên
  
[2017-11-13 19:23:17] local.INFO: Trần Quản Trị chọn import sinh viên vào hệ thống
  
[2017-11-13 19:23:18] local.INFO: Trần Quản Trị vào trang sinh viên
  
[2017-11-13 19:36:10] local.INFO: Trần Quản Trị vào trang sự kiện
  
[2017-11-13 19:40:25] local.INFO: Hiển thị kết quả thống kê sự kiện 3
  
[2017-11-13 19:40:32] local.INFO: Trần Quản Trị vào trang sinh viên
  
[2017-11-13 19:40:35] local.DEBUG: Trần Quản Trị xóa sinh viên B1700001
  
[2017-11-13 19:40:35] local.INFO: Trần Quản Trị vào trang sinh viên
  
[2017-11-13 19:41:09] local.DEBUG: Trần Quản Trị xóa sinh viên B1500003
  
[2017-11-13 19:41:10] local.INFO: Trần Quản Trị vào trang sinh viên
  
[2017-11-13 19:41:12] local.INFO: Hiển thị kết quả thống kê sự kiện 3
  
[2017-11-13 19:43:08] local.INFO: Hiển thị kết quả thống kê sự kiện 3
  
[2017-11-13 19:45:52] local.INFO: Trần Quản Trị vào trang sinh viên
  
[2017-11-13 19:45:56] local.DEBUG: Trần Quản Trị xóa sinh viên B1700002
  
[2017-11-13 19:45:56] local.INFO: Trần Quản Trị vào trang sinh viên
  
[2017-11-13 19:45:57] local.INFO: Trần Quản Trị vào trang cán bộ
  
[2017-11-13 19:46:00] local.DEBUG: Trần Quản Trị xóa cán bộ 00123456
  
[2017-11-13 19:46:01] local.INFO: Trần Quản Trị vào trang cán bộ
  
[2017-11-13 19:46:17] local.INFO: Trần Quản Trị vào trang cán bộ
  
[2017-11-13 19:46:25] local.INFO: Trần Quản Trị vào trang sự kiện
  
[2017-11-13 19:46:28] local.DEBUG: Trần Quản Trị xóa sự kiện 1
  
[2017-11-13 19:46:28] local.INFO: Trần Quản Trị vào trang sự kiện
  
[2017-11-13 19:46:30] local.DEBUG: Trần Quản Trị xóa sự kiện 2
  
[2017-11-13 19:46:30] local.INFO: Trần Quản Trị vào trang sự kiện
  
[2017-11-13 19:46:31] local.DEBUG: Trần Quản Trị xóa sự kiện 3
  
[2017-11-13 19:46:32] local.INFO: Trần Quản Trị vào trang sự kiện
  
[2017-11-13 19:46:33] local.INFO: Trần Quản Trị vào trang sự kiện
  
[2017-11-13 19:46:44] local.DEBUG: Trần Quản Trị thêm sự kiện Sự kiện ABC
  
[2017-11-13 19:46:44] local.INFO: Trần Quản Trị vào trang sự kiện
  
[2017-11-13 19:46:46] local.INFO: Trần Quản Trị vào trang sinh viên
  
[2017-11-13 19:46:53] local.INFO: Trần Quản Trị chọn import sinh viên vào hệ thống
  
[2017-11-13 19:46:54] local.INFO: Trần Quản Trị vào trang sinh viên
  
[2017-11-13 19:46:56] local.INFO: Trần Quản Trị vào trang cán bộ
  
[2017-11-13 19:47:00] local.INFO: Trần Quản Trị chọn import cán bộ vào hệ thống
  
[2017-11-13 19:47:01] local.DEBUG: Có lỗi khi import sự kiện  ở dòng thứ 8
  
[2017-11-13 19:47:07] local.INFO: Trần Quản Trị vào trang cán bộ
  
[2017-11-13 19:47:10] local.INFO: Trần Quản Trị vào trang cán bộ
  
[2017-11-13 19:47:13] local.INFO: Trần Quản Trị vào trang cán bộ
  
[2017-11-13 19:47:16] local.DEBUG: Trần Quản Trị xóa cán bộ 00123456
  
[2017-11-13 19:47:16] local.INFO: Trần Quản Trị vào trang cán bộ
  
[2017-11-13 19:47:44] local.INFO: Trần Quản Trị vào trang cán bộ
  
[2017-11-13 19:47:46] local.DEBUG: Trần Quản Trị xóa cán bộ 00123463
  
[2017-11-13 19:47:47] local.INFO: Trần Quản Trị vào trang cán bộ
  
[2017-11-13 19:47:58] local.INFO: Trần Quản Trị chọn import cán bộ vào hệ thống
  
[2017-11-13 19:48:00] local.INFO: Trần Quản Trị vào trang cán bộ
  
[2017-11-13 19:48:06] local.INFO: Trần Quản Trị vào trang sự kiện
  
[2017-11-13 19:48:12] local.INFO: Trần Quản Trị chọn import danh sách đăng ký sự kiện4 vào hệ thống
  
[2017-11-13 19:48:13] local.INFO: Trần Quản Trị vào trang sự kiện
  
[2017-11-13 19:48:16] local.DEBUG: Trần Quản Trị xem thông tin sự kiện 4
  
[2017-11-13 19:50:09] local.DEBUG: Trần Quản Trị cập nhật sự kiện 4
  
[2017-11-13 19:50:09] local.DEBUG: Trần Quản Trị xem thông tin sự kiện 4
  
[2017-11-13 19:53:09] local.INFO: Trần Quản Trị vào trang sự kiện
  
[2017-11-13 19:53:23] local.DEBUG: Trần Quản Trị thêm sự kiện Sự kiện ăn uống hàn quốc
  
[2017-11-13 19:53:23] local.INFO: Trần Quản Trị vào trang sự kiện
  
[2017-11-13 19:53:29] local.INFO: Trần Quản Trị chọn import danh sách đăng ký sự kiện5 vào hệ thống
  
[2017-11-13 19:53:30] local.INFO: Trần Quản Trị vào trang sự kiện
  
[2017-11-13 20:03:09] local.INFO: Trần Quản Trị vào trang sự kiện
  
[2017-11-13 20:03:16] local.INFO: Hiển thị kết quả thống kê sự kiện 5
  
[2017-11-13 20:03:23] local.INFO: Trần Quản Trị vào trang sự kiện
  
[2017-11-13 20:03:25] local.INFO: Hiển thị kết quả thống kê sự kiện 5
  
[2017-11-13 20:03:48] local.INFO: Trần Quản Trị vào trang sự kiện
  
[2017-11-13 20:04:00] local.DEBUG: Trần Quản Trị thêm sự kiện Sự kiện thử nghiệm sự kiện
  
[2017-11-13 20:04:00] local.INFO: Trần Quản Trị vào trang sự kiện
  
[2017-11-13 20:04:08] local.INFO: Trần Quản Trị chọn import danh sách đăng ký sự kiện6 vào hệ thống
  
[2017-11-13 20:04:09] local.INFO: Trần Quản Trị vào trang sự kiện
  
[2017-11-13 20:07:47] local.INFO: Trần Quản Trị vào trang sự kiện
  
[2017-11-13 20:07:52] local.INFO: Hiển thị kết quả thống kê sự kiện 6
  
[2017-11-13 20:08:47] local.INFO: Trần Quản Trị vào trang sinh viên
  
[2017-11-13 20:08:51] local.INFO: Trần Quản Trị vào trang sinh viên
  
[2017-11-13 20:08:54] local.DEBUG: Trần Quản Trị xóa sinh viên B1700002
  
[2017-11-13 20:08:55] local.INFO: Trần Quản Trị vào trang sinh viên
  
[2017-11-13 20:08:57] local.INFO: Hiển thị kết quả thống kê sự kiện 6
  
[2017-11-13 20:09:25] local.INFO: Trần Quản Trị vào trang sự kiện
  
[2017-11-13 20:09:32] local.DEBUG: Trần Quản Trị xóa sự kiện 4
  
[2017-11-13 20:09:32] local.INFO: Trần Quản Trị vào trang sự kiện
  
[2017-11-13 20:09:33] local.DEBUG: Trần Quản Trị xóa sự kiện 5
  
[2017-11-13 20:09:34] local.INFO: Trần Quản Trị vào trang sự kiện
  
[2017-11-13 20:09:35] local.DEBUG: Trần Quản Trị xóa sự kiện 6
  
[2017-11-13 20:09:35] local.INFO: Trần Quản Trị vào trang sự kiện
  
[2017-11-13 20:09:37] local.INFO: Trần Quản Trị vào trang cán bộ
  
[2017-11-13 20:10:01] local.DEBUG: Trần Quản Trị xóa cán bộ 00123456
  
[2017-11-13 20:10:01] local.INFO: Trần Quản Trị vào trang cán bộ
  
[2017-11-13 20:10:04] local.INFO: Trần Quản Trị vào trang cán bộ
  
[2017-11-13 20:10:06] local.INFO: Trần Quản Trị vào trang cán bộ
  
[2017-11-13 20:10:09] local.INFO: Trần Quản Trị vào trang cán bộ
  
[2017-11-13 20:10:11] local.INFO: Trần Quản Trị vào trang cán bộ
  
[2017-11-13 20:10:14] local.INFO: Trần Quản Trị vào trang cán bộ
  
[2017-11-13 20:10:51] local.INFO: Trần Quản Trị vào trang cán bộ
  
[2017-11-13 20:10:52] local.INFO: Trần Quản Trị vào trang sinh viên
  
[2017-11-13 20:10:56] local.DEBUG: Trần Quản Trị xóa sinh viên 00123457
  
[2017-11-13 20:10:57] local.INFO: Trần Quản Trị vào trang sinh viên
  
[2017-11-13 20:10:58] local.DEBUG: Trần Quản Trị xóa sinh viên B1305056
  
[2017-11-13 20:10:59] local.INFO: Trần Quản Trị vào trang sinh viên
  
[2017-11-13 20:11:00] local.DEBUG: Trần Quản Trị xóa sinh viên B1500003
  
[2017-11-13 20:11:00] local.INFO: Trần Quản Trị vào trang sinh viên
  
[2017-11-13 20:11:02] local.DEBUG: Trần Quản Trị xóa sinh viên B1600006
  
[2017-11-13 20:11:02] local.INFO: Trần Quản Trị vào trang sinh viên
  
[2017-11-13 20:11:04] local.DEBUG: Trần Quản Trị xóa sinh viên B1700001
  
[2017-11-13 20:11:04] local.INFO: Trần Quản Trị vào trang sinh viên
  
[2017-11-13 20:11:17] local.INFO: Trần Quản Trị chọn import sinh viên vào hệ thống
  
[2017-11-13 20:11:18] local.INFO: Trần Quản Trị vào trang sinh viên
  
[2017-11-13 20:11:25] local.DEBUG: Trần Quản Trị xóa sinh viên B1500003
  
[2017-11-13 20:11:25] local.INFO: Trần Quản Trị vào trang sinh viên
  
[2017-11-13 20:11:27] local.DEBUG: Trần Quản Trị xóa sinh viên B1700001
  
[2017-11-13 20:11:27] local.INFO: Trần Quản Trị vào trang sinh viên
  
[2017-11-13 20:11:28] local.DEBUG: Trần Quản Trị xóa sinh viên B1700002
  
[2017-11-13 20:11:29] local.INFO: Trần Quản Trị vào trang sinh viên
  
[2017-11-13 20:11:41] local.INFO: Trần Quản Trị chọn import sinh viên vào hệ thống
  
[2017-11-13 20:11:42] local.INFO: Trần Quản Trị vào trang sinh viên
  
[2017-11-13 20:11:49] local.DEBUG: Trần Quản Trị xóa sinh viên B1500003
  
[2017-11-13 20:11:49] local.INFO: Trần Quản Trị vào trang sinh viên
  
[2017-11-13 20:11:51] local.DEBUG: Trần Quản Trị xóa sinh viên B1700001
  
[2017-11-13 20:11:51] local.INFO: Trần Quản Trị vào trang sinh viên
  
[2017-11-13 20:11:52] local.DEBUG: Trần Quản Trị xóa sinh viên B1700002
  
[2017-11-13 20:11:53] local.INFO: Trần Quản Trị vào trang sinh viên
  
[2017-11-13 20:12:06] local.INFO: Trần Quản Trị chọn import sinh viên vào hệ thống
  
[2017-11-13 20:12:07] local.INFO: Trần Quản Trị vào trang sinh viên
  
[2017-11-13 20:12:09] local.INFO: Trần Quản Trị vào trang cán bộ
  
[2017-11-13 20:12:14] local.INFO: Trần Quản Trị chọn import cán bộ vào hệ thống
  
[2017-11-13 20:12:15] local.INFO: Trần Quản Trị vào trang cán bộ
  
[2017-11-13 20:12:18] local.INFO: Trần Quản Trị vào trang cán bộ
  
[2017-11-13 20:12:20] local.INFO: Trần Quản Trị vào trang cán bộ
  
[2017-11-13 20:12:27] local.INFO: Trần Quản Trị vào trang cán bộ
  
[2017-11-13 20:12:39] local.DEBUG: Trần Quản Trị chọn cập nhật thẻ 0000978805 cho chủ thẻ 00123459
  
[2017-11-13 20:12:39] local.DEBUG: Cán bộ 00123459 đã cập nhật mã thẻ thành 0000978805
  
[2017-11-13 20:12:39] local.DEBUG: Cán bộ 00123459 đã cập nhật mã thẻ thành 0000978805
  
[2017-11-13 20:12:39] local.INFO: Trần Quản Trị vào trang cán bộ
  
[2017-11-13 20:12:54] local.DEBUG: Trần Quản Trị xóa cán bộ 00123456
  
[2017-11-13 20:12:54] local.INFO: Trần Quản Trị vào trang cán bộ
  
[2017-11-13 20:12:56] local.DEBUG: Trần Quản Trị xóa cán bộ 00123459
  
[2017-11-13 20:12:57] local.INFO: Trần Quản Trị vào trang cán bộ
  
[2017-11-13 20:13:10] local.INFO: Trần Quản Trị vào trang cán bộ
  
[2017-11-13 20:13:42] local.INFO: Trần Quản Trị vào trang sinh viên
  
[2017-11-13 20:13:43] local.INFO: Trần Quản Trị vào trang cán bộ
  
[2017-11-13 20:13:49] local.INFO: Trần Quản Trị chọn import cán bộ vào hệ thống
  
[2017-11-13 20:13:50] local.INFO: Trần Quản Trị vào trang cán bộ
  
[2017-11-13 20:16:26] local.INFO: Hiển thị trang thống kê rỗng
  
[2017-11-13 20:16:44] local.INFO: Hiển thị trang thống kê rỗng
  
[2017-11-13 20:16:48] local.INFO: Trần Quản Trị vào trang sự kiện
  
[2017-11-13 20:16:59] local.DEBUG: Trần Quản Trị thêm sự kiện Sự kiện ABC
  
[2017-11-13 20:17:00] local.INFO: Trần Quản Trị vào trang sự kiện
  
[2017-11-13 20:17:10] local.INFO: Trần Quản Trị chọn import danh sách đăng ký sự kiện7 vào hệ thống
  
[2017-11-13 20:17:11] local.INFO: Trần Quản Trị vào trang sự kiện
  
[2017-11-13 20:21:11] local.INFO: Trần Quản Trị vào trang sự kiện
  
[2017-11-13 20:21:13] local.INFO: Hiển thị kết quả thống kê sự kiện 7
  
[2017-11-13 20:21:22] local.DEBUG: Tính loại ds cần chuyển thành công
  
[2017-11-13 20:21:22] local.DEBUG: Chuyển danh sách điểm danh thành công
  
[2017-11-13 20:21:22] local.DEBUG: Chuyển danh sách điểm danh thành công
  
[2017-11-13 20:21:22] local.DEBUG: Cập nhật số liệu thống kê thành công
  
[2017-11-13 20:21:22] local.DEBUG: Cập nhật số liệu thống kê thành công
  
[2017-11-13 20:21:22] local.DEBUG: Cập nhật số liệu thống kê thành công
  
[2017-11-13 20:21:22] local.INFO: Chuyển danh sách cho sv B1500003 từ 2 sang 1 thành công
  
[2017-11-13 20:21:22] local.INFO: Chuyển danh sách cho sv B1500003 từ 2 sang 1 thành công
  
[2017-11-13 20:21:22] local.INFO: Chuyển danh sách cho sv B1500003 từ 2 sang 1 thành công
  
[2017-11-13 20:21:22] local.INFO: Chuyển danh sách cho sv B1500003 từ 2 sang 1 thành công
  
[2017-11-13 20:21:36] local.DEBUG: Tính loại ds cần chuyển thành công
  
[2017-11-13 20:21:36] local.DEBUG: Chuyển danh sách điểm danh thành công
  
[2017-11-13 20:21:36] local.DEBUG: Chuyển danh sách điểm danh thành công
  
[2017-11-13 20:21:36] local.DEBUG: Cập nhật số liệu thống kê thành công
  
[2017-11-13 20:21:36] local.DEBUG: Cập nhật số liệu thống kê thành công
  
[2017-11-13 20:21:36] local.DEBUG: Cập nhật số liệu thống kê thành công
  
[2017-11-13 20:21:36] local.INFO: Chuyển danh sách cho cb 00123456 từ 2 sang 2 thành công
  
[2017-11-13 20:21:36] local.INFO: Chuyển danh sách cho cb 00123456 từ 2 sang 2 thành công
  
[2017-11-13 20:21:36] local.INFO: Chuyển danh sách cho cb 00123456 từ 2 sang 2 thành công
  
[2017-11-13 20:21:36] local.INFO: Chuyển danh sách cho cb 00123456 từ 2 sang 2 thành công
  
[2017-11-13 20:21:46] local.DEBUG: Tính loại ds cần chuyển thành công
  
[2017-11-13 20:21:46] local.DEBUG: Chuyển danh sách điểm danh thành công
  
[2017-11-13 20:21:46] local.DEBUG: Chuyển danh sách điểm danh thành công
  
[2017-11-13 20:21:46] local.DEBUG: Cập nhật số liệu thống kê thành công
  
[2017-11-13 20:21:46] local.DEBUG: Cập nhật số liệu thống kê thành công
  
[2017-11-13 20:21:46] local.DEBUG: Cập nhật số liệu thống kê thành công
  
[2017-11-13 20:21:46] local.INFO: Chuyển danh sách cho cb 00123456 từ 2 sang 3 thành công
  
[2017-11-13 20:21:46] local.INFO: Chuyển danh sách cho cb 00123456 từ 2 sang 3 thành công
  
[2017-11-13 20:21:46] local.INFO: Chuyển danh sách cho cb 00123456 từ 2 sang 3 thành công
  
[2017-11-13 20:21:46] local.INFO: Chuyển danh sách cho cb 00123456 từ 2 sang 3 thành công
  
[2017-11-13 20:21:55] local.DEBUG: Tính loại ds cần chuyển thành công
  
[2017-11-13 20:21:55] local.DEBUG: Chuyển danh sách điểm danh thành công
  
[2017-11-13 20:21:55] local.DEBUG: Chuyển danh sách điểm danh thành công
  
[2017-11-13 20:21:55] local.DEBUG: Cập nhật số liệu thống kê thành công
  
[2017-11-13 20:21:55] local.DEBUG: Cập nhật số liệu thống kê thành công
  
[2017-11-13 20:21:55] local.DEBUG: Cập nhật số liệu thống kê thành công
  
[2017-11-13 20:21:55] local.INFO: Chuyển danh sách cho cb 00123456 từ 3 sang 4 thành công
  
[2017-11-13 20:21:55] local.INFO: Chuyển danh sách cho cb 00123456 từ 3 sang 4 thành công
  
[2017-11-13 20:21:55] local.INFO: Chuyển danh sách cho cb 00123456 từ 3 sang 4 thành công
  
[2017-11-13 20:21:55] local.INFO: Chuyển danh sách cho cb 00123456 từ 3 sang 4 thành công
  
[2017-11-13 20:22:06] local.DEBUG: Tính loại ds cần chuyển thành công
  
[2017-11-13 20:22:06] local.DEBUG: Chuyển danh sách điểm danh thành công
  
[2017-11-13 20:22:06] local.DEBUG: Chuyển danh sách điểm danh thành công
  
[2017-11-13 20:22:06] local.DEBUG: Cập nhật số liệu thống kê thành công
  
[2017-11-13 20:22:06] local.DEBUG: Cập nhật số liệu thống kê thành công
  
[2017-11-13 20:22:06] local.DEBUG: Cập nhật số liệu thống kê thành công
  
[2017-11-13 20:22:06] local.INFO: Chuyển danh sách cho sv B1500003 từ 1 sang 2 thành công
  
[2017-11-13 20:22:06] local.INFO: Chuyển danh sách cho sv B1500003 từ 1 sang 2 thành công
  
[2017-11-13 20:22:06] local.INFO: Chuyển danh sách cho sv B1500003 từ 1 sang 2 thành công
  
[2017-11-13 20:22:06] local.INFO: Chuyển danh sách cho sv B1500003 từ 1 sang 2 thành công
  
[2017-11-13 20:26:13] local.INFO: Trần Quản Trị vào trang sự kiện
  
[2017-11-13 20:26:20] local.INFO: Hiển thị kết quả thống kê sự kiện 7
  
[2017-11-13 20:27:54] local.INFO: Trần Quản Trị vào trang sự kiện
  
[2017-11-13 20:27:58] local.DEBUG: Trần Quản Trị tìm sự kiện theo từ khóa 'xyz'
  
[2017-11-13 20:28:03] local.INFO: Hiển thị kết quả thống kê sự kiện 7
  
