[2017-11-13 18:29:16] local.DEBUG: Đăng ký sự kiện (chưa đăng ký) cho cán bộ 00123463 thành công
  
[2017-11-13 18:29:16] local.DEBUG: Điểm danh vào (chưa đăng ký sự kiện) trước cho cán bộ 00123463 thành công
  
[2017-11-13 18:29:16] local.DEBUG: Điểm danh vào (chưa đăng ký sự kiện) trước cho cán bộ 00123463 thành công
  
[2017-11-13 18:29:16] local.INFO: 0000978805 - chủ thẻ 00123463 điểm danh vào.
  
[2017-11-13 18:29:16] local.INFO: 0000978805 - chủ thẻ 00123463 điểm danh vào.
  
[2017-11-13 18:31:00] local.DEBUG: Thêm số liệu thành công loại ds 1 của sự kiên 1
  
[2017-11-13 18:31:00] local.DEBUG: Thêm số liệu thành công loại ds 2 của sự kiên 1
  
[2017-11-13 18:31:00] local.DEBUG: Thêm số liệu thành công loại ds 2 của sự kiên 1
  
[2017-11-13 18:31:00] local.DEBUG: Thêm số liệu thành công loại ds 3 của sự kiên 1
  
[2017-11-13 18:31:00] local.DEBUG: Thêm số liệu thành công loại ds 3 của sự kiên 1
  
[2017-11-13 18:31:00] local.DEBUG: Thêm số liệu thành công loại ds 3 của sự kiên 1
  
[2017-11-13 18:31:00] local.DEBUG: Thêm số liệu thành công loại ds 4 của sự kiên 1
  
[2017-11-13 18:31:00] local.DEBUG: Thêm số liệu thành công loại ds 4 của sự kiên 1
  
[2017-11-13 18:31:00] local.DEBUG: Thêm số liệu thành công loại ds 4 của sự kiên 1
  
[2017-11-13 18:31:00] local.DEBUG: Thêm số liệu thành công loại ds 4 của sự kiên 1
  
[2017-11-13 18:31:00] local.DEBUG: Thêm số liệu thành công loại ds 7 của sự kiên 1
  
[2017-11-13 18:31:00] local.DEBUG: Thêm số liệu thành công loại ds 7 của sự kiên 1
  
[2017-11-13 18:31:00] local.DEBUG: Thêm số liệu thành công loại ds 7 của sự kiên 1
  
[2017-11-13 18:31:00] local.DEBUG: Thêm số liệu thành công loại ds 7 của sự kiên 1
  
[2017-11-13 18:31:00] local.DEBUG: Thêm số liệu thành công loại ds 7 của sự kiên 1
  
[2017-11-13 18:31:00] local.INFO: Thống kê sự kiên 1 thành công
  
[2017-11-13 18:31:00] local.INFO: Thống kê sự kiên 1 thành công
  
[2017-11-13 18:31:00] local.INFO: Thống kê sự kiên 1 thành công
  
[2017-11-13 18:31:00] local.INFO: Thống kê sự kiên 1 thành công
  
[2017-11-13 18:31:00] local.INFO: Thống kê sự kiên 1 thành công
  
[2017-11-13 19:45:08] local.DEBUG: Thêm số liệu thành công loại ds 1 của sự kiên 1
  
[2017-11-13 19:45:08] local.DEBUG: Thêm số liệu thành công loại ds 2 của sự kiên 1
  
[2017-11-13 19:45:08] local.DEBUG: Thêm số liệu thành công loại ds 2 của sự kiên 1
  
[2017-11-13 19:45:08] local.DEBUG: Thêm số liệu thành công loại ds 3 của sự kiên 1
  
[2017-11-13 19:45:08] local.DEBUG: Thêm số liệu thành công loại ds 3 của sự kiên 1
  
[2017-11-13 19:45:08] local.DEBUG: Thêm số liệu thành công loại ds 3 của sự kiên 1
  
[2017-11-13 19:45:08] local.DEBUG: Thêm số liệu thành công loại ds 4 của sự kiên 1
  
[2017-11-13 19:45:08] local.DEBUG: Thêm số liệu thành công loại ds 4 của sự kiên 1
  
[2017-11-13 19:45:08] local.DEBUG: Thêm số liệu thành công loại ds 4 của sự kiên 1
  
[2017-11-13 19:45:08] local.DEBUG: Thêm số liệu thành công loại ds 4 của sự kiên 1
  
[2017-11-13 19:45:08] local.DEBUG: Thêm số liệu thành công loại ds 7 của sự kiên 1
  
[2017-11-13 19:45:08] local.DEBUG: Thêm số liệu thành công loại ds 7 của sự kiên 1
  
[2017-11-13 19:45:08] local.DEBUG: Thêm số liệu thành công loại ds 7 của sự kiên 1
  
[2017-11-13 19:45:08] local.DEBUG: Thêm số liệu thành công loại ds 7 của sự kiên 1
  
[2017-11-13 19:45:08] local.DEBUG: Thêm số liệu thành công loại ds 7 của sự kiên 1
  
[2017-11-13 19:45:08] local.INFO: Thống kê sự kiên 1 thành công
  
[2017-11-13 19:45:08] local.INFO: Thống kê sự kiên 1 thành công
  
[2017-11-13 19:45:08] local.INFO: Thống kê sự kiên 1 thành công
  
[2017-11-13 19:45:08] local.INFO: Thống kê sự kiên 1 thành công
  
[2017-11-13 19:45:08] local.INFO: Thống kê sự kiên 1 thành công
  
