[2017-11-11 15:22:02] local.INFO: Nhận mã thẻ 0001352398
  
[2017-11-11 15:22:03] local.INFO: 0001352398 - chủ thẻ B1500003 điểm danh vào.
  
[2017-11-11 15:22:04] local.INFO: Nhận mã thẻ 0000958819
  
[2017-11-11 15:22:05] local.INFO: 0000958819 - chủ thẻ B1700002 điểm danh vào.
  
[2017-11-11 15:22:07] local.INFO: Nhận mã thẻ 0005706269
  
[2017-11-11 15:22:07] local.INFO: 0005706269 - chủ thẻ 00123456 điểm danh vào.
  
[2017-11-11 15:22:09] local.INFO: Nhận mã thẻ 0000978805
  
[2017-11-11 15:22:09] local.INFO: 0000978805 - chủ thẻ 00123458 điểm danh vào.
  
[2017-11-11 15:22:14] local.INFO: Nhận mã thẻ 0007185273
  
[2017-11-11 15:22:15] local.INFO: 0007185273 - chủ thẻ B1305056 điểm danh vào.
  
[2017-11-11 15:23:02] local.INFO: Nhận mã thẻ 0000958866
  
[2017-11-11 15:23:03] local.INFO: 0000958866 - chủ thẻ B1700001 điểm danh ra.
  
[2017-11-11 15:23:04] local.INFO: Nhận mã thẻ 0001352122
  
[2017-11-11 15:23:04] local.INFO: 0001352122 - chủ thẻ B1500009 điểm danh ra.
  
[2017-11-11 15:23:06] local.INFO: Nhận mã thẻ 0000978805
  
[2017-11-11 15:23:06] local.INFO: 0000978805 - chủ thẻ 00123458 điểm danh ra.
  
[2017-11-11 15:23:08] local.INFO: Nhận mã thẻ 0005706269
  
[2017-11-11 15:23:08] local.INFO: 0005706269 - chủ thẻ 00123456 điểm danh ra.
  
[2017-11-11 15:23:10] local.INFO: Nhận mã thẻ 0001352398
  
[2017-11-11 15:23:11] local.INFO: 0001352398 - chủ thẻ B1500003 điểm danh ra.
  
[2017-11-11 15:23:12] local.INFO: Nhận mã thẻ 0007185273
  
[2017-11-11 15:23:13] local.INFO: 0007185273 - chủ thẻ B1305056 điểm danh ra.
  
