[2017-11-13 09:17:53] local.INFO: Kích hoạt điểm danh sự kiện 1
  
[2017-11-13 09:17:54] local.ERROR: ErrorException: Trying to get property of non-object in D:\Van\Giao Trinh\LUAN VAN\PROJECT\Sources\DD_RFID\storage\framework\views\06cd18bbf88f4760a6d07ebea608014dfa5492cd.php:52
Stack trace:
#0 D:\Van\Giao Trinh\LUAN VAN\PROJECT\Sources\DD_RFID\storage\framework\views\06cd18bbf88f4760a6d07ebea608014dfa5492cd.php(52): Illuminate\Foundation\Bootstrap\HandleExceptions->handleError(8, 'Trying to get p...', 'D:\\Van\\Giao Tri...', 52, Array)
#1 D:\Van\Giao Trinh\LUAN VAN\PROJECT\Sources\DD_RFID\vendor\laravel\framework\src\Illuminate\View\Engines\PhpEngine.php(42): include('D:\\Van\\Giao Tri...')
#2 D:\Van\Giao Trinh\LUAN VAN\PROJECT\Sources\DD_RFID\vendor\laravel\framework\src\Illuminate\View\Engines\CompilerEngine.php(59): Illuminate\View\Engines\PhpEngine->evaluatePath('D:\\Van\\Giao Tri...', Array)
#3 D:\Van\Giao Trinh\LUAN VAN\PROJECT\Sources\DD_RFID\vendor\laravel\framework\src\Illuminate\View\View.php(137): Illuminate\View\Engines\CompilerEngine->get('D:\\Van\\Giao Tri...', Array)
#4 D:\Van\Giao Trinh\LUAN VAN\PROJECT\Sources\DD_RFID\vendor\laravel\framework\src\Illuminate\View\View.php(120): Illuminate\View\View->getContents()
#5 D:\Van\Giao Trinh\LUAN VAN\PROJECT\Sources\DD_RFID\vendor\laravel\framework\src\Illuminate\View\View.php(85): Illuminate\View\View->renderContents()
#6 D:\Van\Giao Trinh\LUAN VAN\PROJECT\Sources\DD_RFID\vendor\laravel\framework\src\Illuminate\Http\Response.php(38): Illuminate\View\View->render()
#7 D:\Van\Giao Trinh\LUAN VAN\PROJECT\Sources\DD_RFID\vendor\symfony\http-foundation\Response.php(201): Illuminate\Http\Response->setContent(Object(Illuminate\View\View))
#8 D:\Van\Giao Trinh\LUAN VAN\PROJECT\Sources\DD_RFID\vendor\laravel\framework\src\Illuminate\Routing\Router.php(615): Symfony\Component\HttpFoundation\Response->__construct(Object(Illuminate\View\View))
#9 D:\Van\Giao Trinh\LUAN VAN\PROJECT\Sources\DD_RFID\vendor\laravel\framework\src\Illuminate\Routing\Router.php(572): Illuminate\Routing\Router->prepareResponse(Object(Illuminate\Http\Request), Object(Illuminate\View\View))
#10 D:\Van\Giao Trinh\LUAN VAN\PROJECT\Sources\DD_RFID\vendor\laravel\framework\src\Illuminate\Routing\Pipeline.php(30): Illuminate\Routing\Router->Illuminate\Routing\{closure}(Object(Illuminate\Http\Request))
#11 D:\Van\Giao Trinh\LUAN VAN\PROJECT\Sources\DD_RFID\vendor\laravel\framework\src\Illuminate\Routing\Middleware\SubstituteBindings.php(41): Illuminate\Routing\Pipeline->Illuminate\Routing\{closure}(Object(Illuminate\Http\Request))
#12 D:\Van\Giao Trinh\LUAN VAN\PROJECT\Sources\DD_RFID\vendor\laravel\framework\src\Illuminate\Pipeline\Pipeline.php(148): Illuminate\Routing\Middleware\SubstituteBindings->handle(Object(Illuminate\Http\Request), Object(Closure))
#13 D:\Van\Giao Trinh\LUAN VAN\PROJECT\Sources\DD_RFID\vendor\laravel\framework\src\Illuminate\Routing\Pipeline.php(53): Illuminate\Pipeline\Pipeline->Illuminate\Pipeline\{closure}(Object(Illuminate\Http\Request))
#14 D:\Van\Giao Trinh\LUAN VAN\PROJECT\Sources\DD_RFID\vendor\laravel\framework\src\Illuminate\Foundation\Http\Middleware\VerifyCsrfToken.php(65): Illuminate\Routing\Pipeline->Illuminate\Routing\{closure}(Object(Illuminate\Http\Request))
#15 D:\Van\Giao Trinh\LUAN VAN\PROJECT\Sources\DD_RFID\vendor\laravel\framework\src\Illuminate\Pipeline\Pipeline.php(148): Illuminate\Foundation\Http\Middleware\VerifyCsrfToken->handle(Object(Illuminate\Http\Request), Object(Closure))
#16 D:\Van\Giao Trinh\LUAN VAN\PROJECT\Sources\DD_RFID\vendor\laravel\framework\src\Illuminate\Routing\Pipeline.php(53): Illuminate\Pipeline\Pipeline->Illuminate\Pipeline\{closure}(Object(Illuminate\Http\Request))
#17 D:\Van\Giao Trinh\LUAN VAN\PROJECT\Sources\DD_RFID\vendor\laravel\framework\src\Illuminate\View\Middleware\ShareErrorsFromSession.php(49): Illuminate\Routing\Pipeline->Illuminate\Routing\{closure}(Object(Illuminate\Http\Request))
#18 D:\Van\Giao Trinh\LUAN VAN\PROJECT\Sources\DD_RFID\vendor\laravel\framework\src\Illuminate\Pipeline\Pipeline.php(148): Illuminate\View\Middleware\ShareErrorsFromSession->handle(Object(Illuminate\Http\Request), Object(Closure))
#19 D:\Van\Giao Trinh\LUAN VAN\PROJECT\Sources\DD_RFID\vendor\laravel\framework\src\Illuminate\Routing\Pipeline.php(53): Illuminate\Pipeline\Pipeline->Illuminate\Pipeline\{closure}(Object(Illuminate\Http\Request))
#20 D:\Van\Giao Trinh\LUAN VAN\PROJECT\Sources\DD_RFID\vendor\laravel\framework\src\Illuminate\Session\Middleware\StartSession.php(64): Illuminate\Routing\Pipeline->Illuminate\Routing\{closure}(Object(Illuminate\Http\Request))
#21 D:\Van\Giao Trinh\LUAN VAN\PROJECT\Sources\DD_RFID\vendor\laravel\framework\src\Illuminate\Pipeline\Pipeline.php(148): Illuminate\Session\Middleware\StartSession->handle(Object(Illuminate\Http\Request), Object(Closure))
#22 D:\Van\Giao Trinh\LUAN VAN\PROJECT\Sources\DD_RFID\vendor\laravel\framework\src\Illuminate\Routing\Pipeline.php(53): Illuminate\Pipeline\Pipeline->Illuminate\Pipeline\{closure}(Object(Illuminate\Http\Request))
#23 D:\Van\Giao Trinh\LUAN VAN\PROJECT\Sources\DD_RFID\vendor\laravel\framework\src\Illuminate\Cookie\Middleware\AddQueuedCookiesToResponse.php(37): Illuminate\Routing\Pipeline->Illuminate\Routing\{closure}(Object(Illuminate\Http\Request))
#24 D:\Van\Giao Trinh\LUAN VAN\PROJECT\Sources\DD_RFID\vendor\laravel\framework\src\Illuminate\Pipeline\Pipeline.php(148): Illuminate\Cookie\Middleware\AddQueuedCookiesToResponse->handle(Object(Illuminate\Http\Request), Object(Closure))
#25 D:\Van\Giao Trinh\LUAN VAN\PROJECT\Sources\DD_RFID\vendor\laravel\framework\src\Illuminate\Routing\Pipeline.php(53): Illuminate\Pipeline\Pipeline->Illuminate\Pipeline\{closure}(Object(Illuminate\Http\Request))
#26 D:\Van\Giao Trinh\LUAN VAN\PROJECT\Sources\DD_RFID\vendor\laravel\framework\src\Illuminate\Cookie\Middleware\EncryptCookies.php(59): Illuminate\Routing\Pipeline->Illuminate\Routing\{closure}(Object(Illuminate\Http\Request))
#27 D:\Van\Giao Trinh\LUAN VAN\PROJECT\Sources\DD_RFID\vendor\laravel\framework\src\Illuminate\Pipeline\Pipeline.php(148): Illuminate\Cookie\Middleware\EncryptCookies->handle(Object(Illuminate\Http\Request), Object(Closure))
#28 D:\Van\Giao Trinh\LUAN VAN\PROJECT\Sources\DD_RFID\vendor\laravel\framework\src\Illuminate\Routing\Pipeline.php(53): Illuminate\Pipeline\Pipeline->Illuminate\Pipeline\{closure}(Object(Illuminate\Http\Request))
#29 D:\Van\Giao Trinh\LUAN VAN\PROJECT\Sources\DD_RFID\vendor\laravel\framework\src\Illuminate\Pipeline\Pipeline.php(102): Illuminate\Routing\Pipeline->Illuminate\Routing\{closure}(Object(Illuminate\Http\Request))
#30 D:\Van\Giao Trinh\LUAN VAN\PROJECT\Sources\DD_RFID\vendor\laravel\framework\src\Illuminate\Routing\Router.php(574): Illuminate\Pipeline\Pipeline->then(Object(Closure))
#31 D:\Van\Giao Trinh\LUAN VAN\PROJECT\Sources\DD_RFID\vendor\laravel\framework\src\Illuminate\Routing\Router.php(533): Illuminate\Routing\Router->runRouteWithinStack(Object(Illuminate\Routing\Route), Object(Illuminate\Http\Request))
#32 D:\Van\Giao Trinh\LUAN VAN\PROJECT\Sources\DD_RFID\vendor\laravel\framework\src\Illuminate\Routing\Router.php(511): Illuminate\Routing\Router->dispatchToRoute(Object(Illuminate\Http\Request))
#33 D:\Van\Giao Trinh\LUAN VAN\PROJECT\Sources\DD_RFID\vendor\laravel\framework\src\Illuminate\Foundation\Http\Kernel.php(176): Illuminate\Routing\Router->dispatch(Object(Illuminate\Http\Request))
#34 D:\Van\Giao Trinh\LUAN VAN\PROJECT\Sources\DD_RFID\vendor\laravel\framework\src\Illuminate\Routing\Pipeline.php(30): Illuminate\Foundation\Http\Kernel->Illuminate\Foundation\Http\{closure}(Object(Illuminate\Http\Request))
#35 D:\Van\Giao Trinh\LUAN VAN\PROJECT\Sources\DD_RFID\vendor\laravel\framework\src\Illuminate\Foundation\Http\Middleware\TransformsRequest.php(30): Illuminate\Routing\Pipeline->Illuminate\Routing\{closure}(Object(Illuminate\Http\Request))
#36 D:\Van\Giao Trinh\LUAN VAN\PROJECT\Sources\DD_RFID\vendor\laravel\framework\src\Illuminate\Pipeline\Pipeline.php(148): Illuminate\Foundation\Http\Middleware\TransformsRequest->handle(Object(Illuminate\Http\Request), Object(Closure))
#37 D:\Van\Giao Trinh\LUAN VAN\PROJECT\Sources\DD_RFID\vendor\laravel\framework\src\Illuminate\Routing\Pipeline.php(53): Illuminate\Pipeline\Pipeline->Illuminate\Pipeline\{closure}(Object(Illuminate\Http\Request))
#38 D:\Van\Giao Trinh\LUAN VAN\PROJECT\Sources\DD_RFID\vendor\laravel\framework\src\Illuminate\Foundation\Http\Middleware\TransformsRequest.php(30): Illuminate\Routing\Pipeline->Illuminate\Routing\{closure}(Object(Illuminate\Http\Request))
#39 D:\Van\Giao Trinh\LUAN VAN\PROJECT\Sources\DD_RFID\vendor\laravel\framework\src\Illuminate\Pipeline\Pipeline.php(148): Illuminate\Foundation\Http\Middleware\TransformsRequest->handle(Object(Illuminate\Http\Request), Object(Closure))
#40 D:\Van\Giao Trinh\LUAN VAN\PROJECT\Sources\DD_RFID\vendor\laravel\framework\src\Illuminate\Routing\Pipeline.php(53): Illuminate\Pipeline\Pipeline->Illuminate\Pipeline\{closure}(Object(Illuminate\Http\Request))
#41 D:\Van\Giao Trinh\LUAN VAN\PROJECT\Sources\DD_RFID\vendor\laravel\framework\src\Illuminate\Foundation\Http\Middleware\ValidatePostSize.php(27): Illuminate\Routing\Pipeline->Illuminate\Routing\{closure}(Object(Illuminate\Http\Request))
#42 D:\Van\Giao Trinh\LUAN VAN\PROJECT\Sources\DD_RFID\vendor\laravel\framework\src\Illuminate\Pipeline\Pipeline.php(148): Illuminate\Foundation\Http\Middleware\ValidatePostSize->handle(Object(Illuminate\Http\Request), Object(Closure))
#43 D:\Van\Giao Trinh\LUAN VAN\PROJECT\Sources\DD_RFID\vendor\laravel\framework\src\Illuminate\Routing\Pipeline.php(53): Illuminate\Pipeline\Pipeline->Illuminate\Pipeline\{closure}(Object(Illuminate\Http\Request))
#44 D:\Van\Giao Trinh\LUAN VAN\PROJECT\Sources\DD_RFID\vendor\laravel\framework\src\Illuminate\Foundation\Http\Middleware\CheckForMaintenanceMode.php(46): Illuminate\Routing\Pipeline->Illuminate\Routing\{closure}(Object(Illuminate\Http\Request))
#45 D:\Van\Giao Trinh\LUAN VAN\PROJECT\Sources\DD_RFID\vendor\laravel\framework\src\Illuminate\Pipeline\Pipeline.php(148): Illuminate\Foundation\Http\Middleware\CheckForMaintenanceMode->handle(Object(Illuminate\Http\Request), Object(Closure))
#46 D:\Van\Giao Trinh\LUAN VAN\PROJECT\Sources\DD_RFID\vendor\laravel\framework\src\Illuminate\Routing\Pipeline.php(53): Illuminate\Pipeline\Pipeline->Illuminate\Pipeline\{closure}(Object(Illuminate\Http\Request))
#47 D:\Van\Giao Trinh\LUAN VAN\PROJECT\Sources\DD_RFID\vendor\laravel\framework\src\Illuminate\Pipeline\Pipeline.php(102): Illuminate\Routing\Pipeline->Illuminate\Routing\{closure}(Object(Illuminate\Http\Request))
#48 D:\Van\Giao Trinh\LUAN VAN\PROJECT\Sources\DD_RFID\vendor\laravel\framework\src\Illuminate\Foundation\Http\Kernel.php(151): Illuminate\Pipeline\Pipeline->then(Object(Closure))
#49 D:\Van\Giao Trinh\LUAN VAN\PROJECT\Sources\DD_RFID\vendor\laravel\framework\src\Illuminate\Foundation\Http\Kernel.php(116): Illuminate\Foundation\Http\Kernel->sendRequestThroughRouter(Object(Illuminate\Http\Request))
#50 D:\Van\Giao Trinh\LUAN VAN\PROJECT\Sources\DD_RFID\public\index.php(53): Illuminate\Foundation\Http\Kernel->handle(Object(Illuminate\Http\Request))
#51 {main}

Next ErrorException: Trying to get property of non-object (View: D:\Van\Giao Trinh\LUAN VAN\PROJECT\Sources\DD_RFID\resources\views\home.blade.php) in D:\Van\Giao Trinh\LUAN VAN\PROJECT\Sources\DD_RFID\storage\framework\views\06cd18bbf88f4760a6d07ebea608014dfa5492cd.php:52
Stack trace:
#0 D:\Van\Giao Trinh\LUAN VAN\PROJECT\Sources\DD_RFID\vendor\laravel\framework\src\Illuminate\View\Engines\PhpEngine.php(44): Illuminate\View\Engines\CompilerEngine->handleViewException(Object(ErrorException), 1)
#1 D:\Van\Giao Trinh\LUAN VAN\PROJECT\Sources\DD_RFID\vendor\laravel\framework\src\Illuminate\View\Engines\CompilerEngine.php(59): Illuminate\View\Engines\PhpEngine->evaluatePath('D:\\Van\\Giao Tri...', Array)
#2 D:\Van\Giao Trinh\LUAN VAN\PROJECT\Sources\DD_RFID\vendor\laravel\framework\src\Illuminate\View\View.php(137): Illuminate\View\Engines\CompilerEngine->get('D:\\Van\\Giao Tri...', Array)
#3 D:\Van\Giao Trinh\LUAN VAN\PROJECT\Sources\DD_RFID\vendor\laravel\framework\src\Illuminate\View\View.php(120): Illuminate\View\View->getContents()
#4 D:\Van\Giao Trinh\LUAN VAN\PROJECT\Sources\DD_RFID\vendor\laravel\framework\src\Illuminate\View\View.php(85): Illuminate\View\View->renderContents()
#5 D:\Van\Giao Trinh\LUAN VAN\PROJECT\Sources\DD_RFID\vendor\laravel\framework\src\Illuminate\Http\Response.php(38): Illuminate\View\View->render()
#6 D:\Van\Giao Trinh\LUAN VAN\PROJECT\Sources\DD_RFID\vendor\symfony\http-foundation\Response.php(201): Illuminate\Http\Response->setContent(Object(Illuminate\View\View))
#7 D:\Van\Giao Trinh\LUAN VAN\PROJECT\Sources\DD_RFID\vendor\laravel\framework\src\Illuminate\Routing\Router.php(615): Symfony\Component\HttpFoundation\Response->__construct(Object(Illuminate\View\View))
#8 D:\Van\Giao Trinh\LUAN VAN\PROJECT\Sources\DD_RFID\vendor\laravel\framework\src\Illuminate\Routing\Router.php(572): Illuminate\Routing\Router->prepareResponse(Object(Illuminate\Http\Request), Object(Illuminate\View\View))
#9 D:\Van\Giao Trinh\LUAN VAN\PROJECT\Sources\DD_RFID\vendor\laravel\framework\src\Illuminate\Routing\Pipeline.php(30): Illuminate\Routing\Router->Illuminate\Routing\{closure}(Object(Illuminate\Http\Request))
#10 D:\Van\Giao Trinh\LUAN VAN\PROJECT\Sources\DD_RFID\vendor\laravel\framework\src\Illuminate\Routing\Middleware\SubstituteBindings.php(41): Illuminate\Routing\Pipeline->Illuminate\Routing\{closure}(Object(Illuminate\Http\Request))
#11 D:\Van\Giao Trinh\LUAN VAN\PROJECT\Sources\DD_RFID\vendor\laravel\framework\src\Illuminate\Pipeline\Pipeline.php(148): Illuminate\Routing\Middleware\SubstituteBindings->handle(Object(Illuminate\Http\Request), Object(Closure))
#12 D:\Van\Giao Trinh\LUAN VAN\PROJECT\Sources\DD_RFID\vendor\laravel\framework\src\Illuminate\Routing\Pipeline.php(53): Illuminate\Pipeline\Pipeline->Illuminate\Pipeline\{closure}(Object(Illuminate\Http\Request))
#13 D:\Van\Giao Trinh\LUAN VAN\PROJECT\Sources\DD_RFID\vendor\laravel\framework\src\Illuminate\Foundation\Http\Middleware\VerifyCsrfToken.php(65): Illuminate\Routing\Pipeline->Illuminate\Routing\{closure}(Object(Illuminate\Http\Request))
#14 D:\Van\Giao Trinh\LUAN VAN\PROJECT\Sources\DD_RFID\vendor\laravel\framework\src\Illuminate\Pipeline\Pipeline.php(148): Illuminate\Foundation\Http\Middleware\VerifyCsrfToken->handle(Object(Illuminate\Http\Request), Object(Closure))
#15 D:\Van\Giao Trinh\LUAN VAN\PROJECT\Sources\DD_RFID\vendor\laravel\framework\src\Illuminate\Routing\Pipeline.php(53): Illuminate\Pipeline\Pipeline->Illuminate\Pipeline\{closure}(Object(Illuminate\Http\Request))
#16 D:\Van\Giao Trinh\LUAN VAN\PROJECT\Sources\DD_RFID\vendor\laravel\framework\src\Illuminate\View\Middleware\ShareErrorsFromSession.php(49): Illuminate\Routing\Pipeline->Illuminate\Routing\{closure}(Object(Illuminate\Http\Request))
#17 D:\Van\Giao Trinh\LUAN VAN\PROJECT\Sources\DD_RFID\vendor\laravel\framework\src\Illuminate\Pipeline\Pipeline.php(148): Illuminate\View\Middleware\ShareErrorsFromSession->handle(Object(Illuminate\Http\Request), Object(Closure))
#18 D:\Van\Giao Trinh\LUAN VAN\PROJECT\Sources\DD_RFID\vendor\laravel\framework\src\Illuminate\Routing\Pipeline.php(53): Illuminate\Pipeline\Pipeline->Illuminate\Pipeline\{closure}(Object(Illuminate\Http\Request))
#19 D:\Van\Giao Trinh\LUAN VAN\PROJECT\Sources\DD_RFID\vendor\laravel\framework\src\Illuminate\Session\Middleware\StartSession.php(64): Illuminate\Routing\Pipeline->Illuminate\Routing\{closure}(Object(Illuminate\Http\Request))
#20 D:\Van\Giao Trinh\LUAN VAN\PROJECT\Sources\DD_RFID\vendor\laravel\framework\src\Illuminate\Pipeline\Pipeline.php(148): Illuminate\Session\Middleware\StartSession->handle(Object(Illuminate\Http\Request), Object(Closure))
#21 D:\Van\Giao Trinh\LUAN VAN\PROJECT\Sources\DD_RFID\vendor\laravel\framework\src\Illuminate\Routing\Pipeline.php(53): Illuminate\Pipeline\Pipeline->Illuminate\Pipeline\{closure}(Object(Illuminate\Http\Request))
#22 D:\Van\Giao Trinh\LUAN VAN\PROJECT\Sources\DD_RFID\vendor\laravel\framework\src\Illuminate\Cookie\Middleware\AddQueuedCookiesToResponse.php(37): Illuminate\Routing\Pipeline->Illuminate\Routing\{closure}(Object(Illuminate\Http\Request))
#23 D:\Van\Giao Trinh\LUAN VAN\PROJECT\Sources\DD_RFID\vendor\laravel\framework\src\Illuminate\Pipeline\Pipeline.php(148): Illuminate\Cookie\Middleware\AddQueuedCookiesToResponse->handle(Object(Illuminate\Http\Request), Object(Closure))
#24 D:\Van\Giao Trinh\LUAN VAN\PROJECT\Sources\DD_RFID\vendor\laravel\framework\src\Illuminate\Routing\Pipeline.php(53): Illuminate\Pipeline\Pipeline->Illuminate\Pipeline\{closure}(Object(Illuminate\Http\Request))
#25 D:\Van\Giao Trinh\LUAN VAN\PROJECT\Sources\DD_RFID\vendor\laravel\framework\src\Illuminate\Cookie\Middleware\EncryptCookies.php(59): Illuminate\Routing\Pipeline->Illuminate\Routing\{closure}(Object(Illuminate\Http\Request))
#26 D:\Van\Giao Trinh\LUAN VAN\PROJECT\Sources\DD_RFID\vendor\laravel\framework\src\Illuminate\Pipeline\Pipeline.php(148): Illuminate\Cookie\Middleware\EncryptCookies->handle(Object(Illuminate\Http\Request), Object(Closure))
#27 D:\Van\Giao Trinh\LUAN VAN\PROJECT\Sources\DD_RFID\vendor\laravel\framework\src\Illuminate\Routing\Pipeline.php(53): Illuminate\Pipeline\Pipeline->Illuminate\Pipeline\{closure}(Object(Illuminate\Http\Request))
#28 D:\Van\Giao Trinh\LUAN VAN\PROJECT\Sources\DD_RFID\vendor\laravel\framework\src\Illuminate\Pipeline\Pipeline.php(102): Illuminate\Routing\Pipeline->Illuminate\Routing\{closure}(Object(Illuminate\Http\Request))
#29 D:\Van\Giao Trinh\LUAN VAN\PROJECT\Sources\DD_RFID\vendor\laravel\framework\src\Illuminate\Routing\Router.php(574): Illuminate\Pipeline\Pipeline->then(Object(Closure))
#30 D:\Van\Giao Trinh\LUAN VAN\PROJECT\Sources\DD_RFID\vendor\laravel\framework\src\Illuminate\Routing\Router.php(533): Illuminate\Routing\Router->runRouteWithinStack(Object(Illuminate\Routing\Route), Object(Illuminate\Http\Request))
#31 D:\Van\Giao Trinh\LUAN VAN\PROJECT\Sources\DD_RFID\vendor\laravel\framework\src\Illuminate\Routing\Router.php(511): Illuminate\Routing\Router->dispatchToRoute(Object(Illuminate\Http\Request))
#32 D:\Van\Giao Trinh\LUAN VAN\PROJECT\Sources\DD_RFID\vendor\laravel\framework\src\Illuminate\Foundation\Http\Kernel.php(176): Illuminate\Routing\Router->dispatch(Object(Illuminate\Http\Request))
#33 D:\Van\Giao Trinh\LUAN VAN\PROJECT\Sources\DD_RFID\vendor\laravel\framework\src\Illuminate\Routing\Pipeline.php(30): Illuminate\Foundation\Http\Kernel->Illuminate\Foundation\Http\{closure}(Object(Illuminate\Http\Request))
#34 D:\Van\Giao Trinh\LUAN VAN\PROJECT\Sources\DD_RFID\vendor\laravel\framework\src\Illuminate\Foundation\Http\Middleware\TransformsRequest.php(30): Illuminate\Routing\Pipeline->Illuminate\Routing\{closure}(Object(Illuminate\Http\Request))
#35 D:\Van\Giao Trinh\LUAN VAN\PROJECT\Sources\DD_RFID\vendor\laravel\framework\src\Illuminate\Pipeline\Pipeline.php(148): Illuminate\Foundation\Http\Middleware\TransformsRequest->handle(Object(Illuminate\Http\Request), Object(Closure))
#36 D:\Van\Giao Trinh\LUAN VAN\PROJECT\Sources\DD_RFID\vendor\laravel\framework\src\Illuminate\Routing\Pipeline.php(53): Illuminate\Pipeline\Pipeline->Illuminate\Pipeline\{closure}(Object(Illuminate\Http\Request))
#37 D:\Van\Giao Trinh\LUAN VAN\PROJECT\Sources\DD_RFID\vendor\laravel\framework\src\Illuminate\Foundation\Http\Middleware\TransformsRequest.php(30): Illuminate\Routing\Pipeline->Illuminate\Routing\{closure}(Object(Illuminate\Http\Request))
#38 D:\Van\Giao Trinh\LUAN VAN\PROJECT\Sources\DD_RFID\vendor\laravel\framework\src\Illuminate\Pipeline\Pipeline.php(148): Illuminate\Foundation\Http\Middleware\TransformsRequest->handle(Object(Illuminate\Http\Request), Object(Closure))
#39 D:\Van\Giao Trinh\LUAN VAN\PROJECT\Sources\DD_RFID\vendor\laravel\framework\src\Illuminate\Routing\Pipeline.php(53): Illuminate\Pipeline\Pipeline->Illuminate\Pipeline\{closure}(Object(Illuminate\Http\Request))
#40 D:\Van\Giao Trinh\LUAN VAN\PROJECT\Sources\DD_RFID\vendor\laravel\framework\src\Illuminate\Foundation\Http\Middleware\ValidatePostSize.php(27): Illuminate\Routing\Pipeline->Illuminate\Routing\{closure}(Object(Illuminate\Http\Request))
#41 D:\Van\Giao Trinh\LUAN VAN\PROJECT\Sources\DD_RFID\vendor\laravel\framework\src\Illuminate\Pipeline\Pipeline.php(148): Illuminate\Foundation\Http\Middleware\ValidatePostSize->handle(Object(Illuminate\Http\Request), Object(Closure))
#42 D:\Van\Giao Trinh\LUAN VAN\PROJECT\Sources\DD_RFID\vendor\laravel\framework\src\Illuminate\Routing\Pipeline.php(53): Illuminate\Pipeline\Pipeline->Illuminate\Pipeline\{closure}(Object(Illuminate\Http\Request))
#43 D:\Van\Giao Trinh\LUAN VAN\PROJECT\Sources\DD_RFID\vendor\laravel\framework\src\Illuminate\Foundation\Http\Middleware\CheckForMaintenanceMode.php(46): Illuminate\Routing\Pipeline->Illuminate\Routing\{closure}(Object(Illuminate\Http\Request))
#44 D:\Van\Giao Trinh\LUAN VAN\PROJECT\Sources\DD_RFID\vendor\laravel\framework\src\Illuminate\Pipeline\Pipeline.php(148): Illuminate\Foundation\Http\Middleware\CheckForMaintenanceMode->handle(Object(Illuminate\Http\Request), Object(Closure))
#45 D:\Van\Giao Trinh\LUAN VAN\PROJECT\Sources\DD_RFID\vendor\laravel\framework\src\Illuminate\Routing\Pipeline.php(53): Illuminate\Pipeline\Pipeline->Illuminate\Pipeline\{closure}(Object(Illuminate\Http\Request))
#46 D:\Van\Giao Trinh\LUAN VAN\PROJECT\Sources\DD_RFID\vendor\laravel\framework\src\Illuminate\Pipeline\Pipeline.php(102): Illuminate\Routing\Pipeline->Illuminate\Routing\{closure}(Object(Illuminate\Http\Request))
#47 D:\Van\Giao Trinh\LUAN VAN\PROJECT\Sources\DD_RFID\vendor\laravel\framework\src\Illuminate\Foundation\Http\Kernel.php(151): Illuminate\Pipeline\Pipeline->then(Object(Closure))
#48 D:\Van\Giao Trinh\LUAN VAN\PROJECT\Sources\DD_RFID\vendor\laravel\framework\src\Illuminate\Foundation\Http\Kernel.php(116): Illuminate\Foundation\Http\Kernel->sendRequestThroughRouter(Object(Illuminate\Http\Request))
#49 D:\Van\Giao Trinh\LUAN VAN\PROJECT\Sources\DD_RFID\public\index.php(53): Illuminate\Foundation\Http\Kernel->handle(Object(Illuminate\Http\Request))
#50 {main}  
[2017-11-13 18:28:32] local.INFO: Kích hoạt điểm danh sự kiện 1
  
[2017-11-13 18:29:00] local.INFO: Sự kiện 1 bắt đầu điểm danh vào
  
[2017-11-13 18:29:16] local.INFO: Nhận mã thẻ 0000978805
  
[2017-11-13 18:29:16] local.INFO: 0000978805 - chủ thẻ 00123463 điểm danh vào.
  
[2017-11-13 18:29:17] local.INFO: Nhận mã thẻ 0005706269
  
[2017-11-13 18:29:18] local.INFO: 0005706269 - chủ thẻ 00123456 điểm danh vào.
  
[2017-11-13 18:29:20] local.INFO: Nhận mã thẻ 0000958866
  
[2017-11-13 18:29:20] local.INFO: 0000958866 - chủ thẻ B1700001 điểm danh vào.
  
[2017-11-13 18:29:22] local.INFO: Nhận mã thẻ 0001352398
  
[2017-11-13 18:29:22] local.INFO: 0001352398 - chủ thẻ B1500003 điểm danh vào.
  
[2017-11-13 18:30:00] local.INFO: Sự kiện 1 bắt đầu điểm danh ra
  
[2017-11-13 18:30:12] local.INFO: Nhận mã thẻ 0001352122
  
[2017-11-13 18:30:25] local.INFO: Nhận mã thẻ 0000958866
  
[2017-11-13 18:30:25] local.INFO: 0000958866 - chủ thẻ B1700001 điểm danh ra.
  
[2017-11-13 18:30:32] local.INFO: Nhận mã thẻ 0000978805
  
[2017-11-13 18:30:32] local.INFO: 0000978805 - chủ thẻ 00123463 điểm danh ra.
  
[2017-11-13 18:30:32] local.INFO: Nhận mã thẻ 706269
  
[2017-11-13 18:30:47] local.INFO: Nhận mã thẻ 0000978805
  
[2017-11-13 18:30:47] local.INFO: 0000978805 - chủ thẻ 00123463 điểm danh ra nhiều lần.
  
[2017-11-13 18:30:52] local.INFO: Nhận mã thẻ 0000958819
  
[2017-11-13 18:30:55] local.INFO: 0000958819 - chủ thẻ B1700002 điểm danh ra.
  
[2017-11-13 18:31:00] local.INFO: Sự kiện 1 kết thúc điểm danh
  
[2017-11-13 18:31:00] local.INFO: Thống kê sự kiên 1 thành công
  
[2017-11-13 19:45:08] local.INFO: Thống kê sự kiên 1 thành công
  
