[2017-11-12 21:14:22] local.INFO: Nhận mã thẻ 0005706269
  
[2017-11-12 21:14:23] local.INFO: 0005706269 - chủ thẻ 00123456 điểm danh vào.
  
[2017-11-12 21:14:27] local.INFO: Nhận mã thẻ 0001352398
  
[2017-11-12 21:14:27] local.INFO: 0001352398 - chủ thẻ B1500003 điểm danh vào.
  
[2017-11-12 21:14:30] local.INFO: Nhận mã thẻ 0000958866
  
[2017-11-12 21:14:31] local.INFO: 0000958866 - chủ thẻ B1700001 điểm danh vào.
  
[2017-11-12 21:14:40] local.INFO: Nhận mã thẻ 0000978805
  
[2017-11-12 21:14:40] local.INFO: 0000978805 - chủ thẻ 00123463 điểm danh vào.
  
[2017-11-12 21:14:44] local.INFO: Nhận mã thẻ 0001352122
  
[2017-11-12 21:14:59] local.INFO: Điểm danh nặc danh thất bại, sinh viên B1500003 đã tồn tại
  
[2017-11-12 21:15:03] local.INFO: Nhận mã thẻ 0001352122
  
[2017-11-12 21:15:14] local.INFO: 0001352122 của sinh viên B1305056 điểm danh nặc danh thành công
  
[2017-11-12 21:15:21] local.INFO: Nhận mã thẻ 0001352122
  
[2017-11-12 21:15:21] local.INFO: 0001352122 - chủ thẻ B1305056 điểm danh vào nhiều lần.
  
[2017-11-12 21:16:08] local.INFO: Nhận mã thẻ 0007185273
  
[2017-11-12 21:16:16] local.INFO: Điểm danh nặc danh thất bại, cán bộ 00123458 đã tồn tại
  
[2017-11-12 21:16:24] local.INFO: Nhận mã thẻ 0007185273
  
[2017-11-12 21:16:31] local.INFO: Điểm danh nặc danh thất bại, cán bộ 00123458 đã tồn tại
  
[2017-11-12 21:16:35] local.INFO: Nhận mã thẻ 0007185273
  
[2017-11-12 21:16:44] local.INFO: 0007185273 của sinh viên 00123499 điểm danh nặc danh thành công
  
[2017-11-12 21:16:54] local.INFO: Nhận mã thẻ 0005706269
  
[2017-11-12 21:16:55] local.INFO: 0005706269 - chủ thẻ 00123456 điểm danh ra.
  
[2017-11-12 21:16:56] local.INFO: Nhận mã thẻ 0000958866
  
[2017-11-12 21:16:57] local.INFO: 0000958866 - chủ thẻ B1700001 điểm danh ra.
  
[2017-11-12 21:16:58] local.INFO: Nhận mã thẻ 0000958819
  
[2017-11-12 21:16:58] local.INFO: 0000958819 - chủ thẻ B1700002 điểm danh ra.
  
[2017-11-12 21:17:00] local.INFO: Nhận mã thẻ 0000978805
  
[2017-11-12 21:17:00] local.INFO: 0000978805 - chủ thẻ 00123463 điểm danh ra.
  
[2017-11-12 21:17:02] local.INFO: Nhận mã thẻ 0001352122
  
[2017-11-12 21:17:02] local.INFO: 0001352122 - chủ thẻ B1305056 điểm danh ra.
  
