[2017-11-13 19:52:10] local.DEBUG: Thêm thông tin nặc danh sinh viên B1600006 thành công
  
[2017-11-13 19:52:10] local.DEBUG: Đăng ký thẻ nặc danh cho sinh viên B1600006 thành công
  
[2017-11-13 19:52:10] local.DEBUG: Đăng ký thẻ nặc danh cho sinh viên B1600006 thành công
  
[2017-11-13 19:52:10] local.DEBUG: Đăng ký sự kiện nặc danh cho sinh viên B1600006 thành công
  
[2017-11-13 19:52:10] local.DEBUG: Đăng ký sự kiện nặc danh cho sinh viên B1600006 thành công
  
[2017-11-13 19:52:10] local.DEBUG: Đăng ký sự kiện nặc danh cho sinh viên B1600006 thành công
  
[2017-11-13 19:52:10] local.DEBUG: Điểm danh ra nặc danh cho sinh viên B1600006 thành công
  
[2017-11-13 19:52:10] local.DEBUG: Điểm danh ra nặc danh cho sinh viên B1600006 thành công
  
[2017-11-13 19:52:10] local.DEBUG: Điểm danh ra nặc danh cho sinh viên B1600006 thành công
  
[2017-11-13 19:52:10] local.DEBUG: Điểm danh ra nặc danh cho sinh viên B1600006 thành công
  
[2017-11-13 19:52:10] local.INFO: 0000978805 của sinh viên B1600006 điểm danh nặc danh thành công
  
[2017-11-13 19:52:10] local.INFO: 0000978805 của sinh viên B1600006 điểm danh nặc danh thành công
  
[2017-11-13 19:52:10] local.INFO: 0000978805 của sinh viên B1600006 điểm danh nặc danh thành công
  
[2017-11-13 19:52:10] local.INFO: 0000978805 của sinh viên B1600006 điểm danh nặc danh thành công
  
[2017-11-13 19:53:00] local.DEBUG: Thêm số liệu thành công loại ds 1 của sự kiên 4
  
[2017-11-13 19:53:00] local.DEBUG: Thêm số liệu thành công loại ds 2 của sự kiên 4
  
[2017-11-13 19:53:00] local.DEBUG: Thêm số liệu thành công loại ds 2 của sự kiên 4
  
[2017-11-13 19:53:00] local.DEBUG: Thêm số liệu thành công loại ds 3 của sự kiên 4
  
[2017-11-13 19:53:00] local.DEBUG: Thêm số liệu thành công loại ds 3 của sự kiên 4
  
[2017-11-13 19:53:00] local.DEBUG: Thêm số liệu thành công loại ds 3 của sự kiên 4
  
[2017-11-13 19:53:00] local.DEBUG: Thêm số liệu thành công loại ds 4 của sự kiên 4
  
[2017-11-13 19:53:00] local.DEBUG: Thêm số liệu thành công loại ds 4 của sự kiên 4
  
[2017-11-13 19:53:00] local.DEBUG: Thêm số liệu thành công loại ds 4 của sự kiên 4
  
[2017-11-13 19:53:00] local.DEBUG: Thêm số liệu thành công loại ds 4 của sự kiên 4
  
[2017-11-13 19:53:00] local.DEBUG: Thêm số liệu thành công loại ds 7 của sự kiên 4
  
[2017-11-13 19:53:00] local.DEBUG: Thêm số liệu thành công loại ds 7 của sự kiên 4
  
[2017-11-13 19:53:00] local.DEBUG: Thêm số liệu thành công loại ds 7 của sự kiên 4
  
[2017-11-13 19:53:00] local.DEBUG: Thêm số liệu thành công loại ds 7 của sự kiên 4
  
[2017-11-13 19:53:00] local.DEBUG: Thêm số liệu thành công loại ds 7 của sự kiên 4
  
[2017-11-13 19:53:00] local.INFO: Thống kê sự kiên 4 thành công
  
[2017-11-13 19:53:00] local.INFO: Thống kê sự kiên 4 thành công
  
[2017-11-13 19:53:00] local.INFO: Thống kê sự kiên 4 thành công
  
[2017-11-13 19:53:00] local.INFO: Thống kê sự kiên 4 thành công
  
[2017-11-13 19:53:00] local.INFO: Thống kê sự kiên 4 thành công
  
[2017-11-13 20:03:31] local.DEBUG: Thêm số liệu thành công loại ds 1 của sự kiên 4
  
[2017-11-13 20:03:31] local.DEBUG: Thêm số liệu thành công loại ds 2 của sự kiên 4
  
[2017-11-13 20:03:31] local.DEBUG: Thêm số liệu thành công loại ds 2 của sự kiên 4
  
[2017-11-13 20:03:31] local.DEBUG: Thêm số liệu thành công loại ds 3 của sự kiên 4
  
[2017-11-13 20:03:31] local.DEBUG: Thêm số liệu thành công loại ds 3 của sự kiên 4
  
[2017-11-13 20:03:31] local.DEBUG: Thêm số liệu thành công loại ds 3 của sự kiên 4
  
[2017-11-13 20:03:31] local.DEBUG: Thêm số liệu thành công loại ds 4 của sự kiên 4
  
[2017-11-13 20:03:31] local.DEBUG: Thêm số liệu thành công loại ds 4 của sự kiên 4
  
[2017-11-13 20:03:31] local.DEBUG: Thêm số liệu thành công loại ds 4 của sự kiên 4
  
[2017-11-13 20:03:31] local.DEBUG: Thêm số liệu thành công loại ds 4 của sự kiên 4
  
[2017-11-13 20:03:31] local.DEBUG: Thêm số liệu thành công loại ds 7 của sự kiên 4
  
[2017-11-13 20:03:31] local.DEBUG: Thêm số liệu thành công loại ds 7 của sự kiên 4
  
[2017-11-13 20:03:31] local.DEBUG: Thêm số liệu thành công loại ds 7 của sự kiên 4
  
[2017-11-13 20:03:31] local.DEBUG: Thêm số liệu thành công loại ds 7 của sự kiên 4
  
[2017-11-13 20:03:31] local.DEBUG: Thêm số liệu thành công loại ds 7 của sự kiên 4
  
[2017-11-13 20:03:31] local.INFO: Thống kê sự kiên 4 thành công
  
[2017-11-13 20:03:31] local.INFO: Thống kê sự kiên 4 thành công
  
[2017-11-13 20:03:31] local.INFO: Thống kê sự kiên 4 thành công
  
[2017-11-13 20:03:31] local.INFO: Thống kê sự kiên 4 thành công
  
[2017-11-13 20:03:31] local.INFO: Thống kê sự kiên 4 thành công
  
