[18-11-2017 01:11:47pm] Debug: Thêm số liệu thành công loại ds 1 của sự kiên 1

﻿[18-11-2017 01:11:47pm] Debug: Thêm số liệu thành công loại ds 2 của sự kiên 1

﻿[18-11-2017 01:11:47pm] Debug: Thêm số liệu thành công loại ds 3 của sự kiên 1

﻿[18-11-2017 01:11:47pm] Debug: Thêm số liệu thành công loại ds 4 của sự kiên 1

﻿[18-11-2017 01:11:47pm] Debug: Thêm số liệu thành công loại ds 7 của sự kiên 1

﻿[18-11-2017 01:11:54pm] Debug: Thêm số liệu thành công loại ds 1 của sự kiên 1

﻿[18-11-2017 01:11:54pm] Debug: Thêm số liệu thành công loại ds 2 của sự kiên 1

﻿[18-11-2017 01:11:54pm] Debug: Thêm số liệu thành công loại ds 3 của sự kiên 1

﻿[18-11-2017 01:11:54pm] Debug: Thêm số liệu thành công loại ds 4 của sự kiên 1

﻿[18-11-2017 01:11:54pm] Debug: Thêm số liệu thành công loại ds 7 của sự kiên 1

﻿[18-11-2017 01:11:01pm] Debug: Thêm số liệu thành công loại ds 1 của sự kiên 1

﻿[18-11-2017 01:11:01pm] Debug: Thêm số liệu thành công loại ds 2 của sự kiên 1

﻿[18-11-2017 01:11:01pm] Debug: Thêm số liệu thành công loại ds 3 của sự kiên 1

﻿[18-11-2017 01:11:01pm] Debug: Thêm số liệu thành công loại ds 4 của sự kiên 1

﻿[18-11-2017 01:11:01pm] Debug: Thêm số liệu thành công loại ds 7 của sự kiên 1

﻿[18-11-2017 01:11:13pm] Debug: Thêm số liệu thành công loại ds 1 của sự kiên 1

﻿[18-11-2017 01:11:13pm] Debug: Thêm số liệu thành công loại ds 2 của sự kiên 1

﻿[18-11-2017 01:11:13pm] Debug: Thêm số liệu thành công loại ds 3 của sự kiên 1

﻿[18-11-2017 01:11:13pm] Debug: Thêm số liệu thành công loại ds 4 của sự kiên 1

﻿[18-11-2017 01:11:13pm] Debug: Thêm số liệu thành công loại ds 7 của sự kiên 1

﻿[18-11-2017 02:11:37pm] Debug: Thêm số liệu thành công loại ds 1 của sự kiên 1

﻿[18-11-2017 02:11:37pm] Debug: Thêm số liệu thành công loại ds 2 của sự kiên 1

﻿[18-11-2017 02:11:37pm] Debug: Thêm số liệu thành công loại ds 3 của sự kiên 1

﻿[18-11-2017 02:11:37pm] Debug: Thêm số liệu thành công loại ds 4 của sự kiên 1

﻿[18-11-2017 02:11:37pm] Debug: Thêm số liệu thành công loại ds 7 của sự kiên 1

﻿[18-11-2017 02:11:48pm] Debug: Thêm số liệu thành công loại ds 1 của sự kiên 1

﻿[18-11-2017 02:11:48pm] Debug: Thêm số liệu thành công loại ds 2 của sự kiên 1

﻿[18-11-2017 02:11:48pm] Debug: Thêm số liệu thành công loại ds 3 của sự kiên 1

﻿[18-11-2017 02:11:48pm] Debug: Thêm số liệu thành công loại ds 4 của sự kiên 1

﻿[18-11-2017 02:11:48pm] Debug: Thêm số liệu thành công loại ds 7 của sự kiên 1

﻿[18-11-2017 02:11:21pm] Debug: Thêm số liệu thành công loại ds 1 của sự kiên 1

﻿[18-11-2017 02:11:21pm] Debug: Thêm số liệu thành công loại ds 2 của sự kiên 1

﻿[18-11-2017 02:11:21pm] Debug: Thêm số liệu thành công loại ds 3 của sự kiên 1

﻿[18-11-2017 02:11:21pm] Debug: Thêm số liệu thành công loại ds 4 của sự kiên 1

﻿[18-11-2017 02:11:21pm] Debug: Thêm số liệu thành công loại ds 7 của sự kiên 1

﻿[18-11-2017 02:11:31pm] Debug: Thêm số liệu thành công loại ds 1 của sự kiên 1

﻿[18-11-2017 02:11:31pm] Debug: Thêm số liệu thành công loại ds 2 của sự kiên 1

﻿[18-11-2017 02:11:31pm] Debug: Thêm số liệu thành công loại ds 3 của sự kiên 1

﻿[18-11-2017 02:11:31pm] Debug: Thêm số liệu thành công loại ds 4 của sự kiên 1

﻿[18-11-2017 02:11:31pm] Debug: Thêm số liệu thành công loại ds 7 của sự kiên 1

﻿[18-11-2017 02:11:18pm] Debug: Thêm số liệu thành công loại ds 1 của sự kiên 1

﻿[18-11-2017 02:11:18pm] Debug: Thêm số liệu thành công loại ds 2 của sự kiên 1

﻿[18-11-2017 02:11:18pm] Debug: Thêm số liệu thành công loại ds 3 của sự kiên 1

﻿[18-11-2017 02:11:18pm] Debug: Thêm số liệu thành công loại ds 4 của sự kiên 1

﻿[18-11-2017 02:11:18pm] Debug: Thêm số liệu thành công loại ds 7 của sự kiên 1

﻿[18-11-2017 03:11:23pm] Debug: Thêm thông tin sinh viên B1305056 thành công

﻿[18-11-2017 03:11:23pm] Debug: Đăng ký thẻ mới cho sinh viên B1305056 thành công

﻿[18-11-2017 03:11:23pm] Debug: Đăng ký sự kiện cho sinh viên B1305056 vừa thêm mới vào hệ thống thành công

﻿[18-11-2017 03:11:01pm] Debug: Thêm số liệu loại ds 1 của sự kiên 1 thất bại

﻿[18-11-2017 03:11:01pm] Debug: Thêm số liệu loại ds 2 của sự kiên 1 thất bại

﻿[18-11-2017 03:11:01pm] Debug: Thêm số liệu loại ds 3 của sự kiên 1 thất bại

﻿[18-11-2017 03:11:01pm] Debug: Thêm số liệu loại ds 4 của sự kiên 1 thất bại

﻿[18-11-2017 03:11:01pm] Debug: Thêm số liệu loại ds 7 của sự kiên 1 thất bại

﻿[18-11-2017 03:11:01pm] Debug: Thêm số liệu loại ds 1 của sự kiên 1 thất bại

﻿[18-11-2017 03:11:01pm] Debug: Thêm số liệu loại ds 2 của sự kiên 1 thất bại

﻿[18-11-2017 03:11:01pm] Debug: Thêm số liệu loại ds 3 của sự kiên 1 thất bại

﻿[18-11-2017 03:11:01pm] Debug: Thêm số liệu loại ds 4 của sự kiên 1 thất bại

﻿[18-11-2017 03:11:01pm] Debug: Thêm số liệu loại ds 7 của sự kiên 1 thất bại

﻿[18-11-2017 03:11:00pm] Debug: Thêm số liệu loại ds 1 của sự kiên 1 thất bại

﻿[18-11-2017 03:11:00pm] Debug: Thêm số liệu loại ds 2 của sự kiên 1 thất bại

﻿[18-11-2017 03:11:00pm] Debug: Thêm số liệu loại ds 3 của sự kiên 1 thất bại

﻿[18-11-2017 03:11:00pm] Debug: Thêm số liệu loại ds 4 của sự kiên 1 thất bại

﻿[18-11-2017 03:11:00pm] Debug: Thêm số liệu loại ds 7 của sự kiên 1 thất bại

