[17-11-2017 12:11:53am] Debug: Thêm thông tin nặc danh sinh viên B1600006 thành công

﻿[17-11-2017 12:11:54am] Debug: Đăng ký thẻ nặc danh cho sinh viên B1600006 thành công

﻿[17-11-2017 12:11:54am] Debug: Đăng ký sự kiện nặc danh cho sinh viên B1600006 thành công

﻿[17-11-2017 12:11:54am] Debug: Điểm danh vào nặc danh cho sinh viên B1600006 thành công

﻿[17-11-2017 12:11:48am] Debug: Thêm thông tin nặc danh sinh viên B1600006 thành công

﻿[17-11-2017 12:11:48am] Debug: Đăng ký thẻ nặc danh cho sinh viên B1600006 thành công

﻿[17-11-2017 12:11:48am] Debug: Đăng ký sự kiện nặc danh cho sinh viên B1600006 thành công

﻿[17-11-2017 12:11:49am] Debug: Điểm danh vào nặc danh cho sinh viên B1600006 thành công

﻿[17-11-2017 12:11:19am] Debug: Thêm thông tin nặc danh sinh viên B1600006 thành công

﻿[17-11-2017 12:11:19am] Debug: Đăng ký thẻ nặc danh cho sinh viên B1600006 thành công

﻿[17-11-2017 12:11:19am] Debug: Đăng ký sự kiện nặc danh cho sinh viên B1600006 thành công

﻿[17-11-2017 12:11:19am] Debug: Điểm danh vào nặc danh cho sinh viên B1600006 thành công

﻿[17-11-2017 12:11:44am] Debug: Thêm thông tin nặc danh sinh viên B1600006 thành công

﻿[17-11-2017 12:11:44am] Debug: Đăng ký thẻ nặc danh cho sinh viên B1600006 thành công

﻿[17-11-2017 12:11:44am] Debug: Đăng ký sự kiện nặc danh cho sinh viên B1600006 thành công

﻿[17-11-2017 12:11:44am] Debug: Điểm danh vào nặc danh cho sinh viên B1600006 thành công

﻿[17-11-2017 12:11:13am] Debug: Thêm thông tin nặc danh sinh viên B1600006 thành công

﻿[17-11-2017 12:11:13am] Debug: Đăng ký thẻ nặc danh cho sinh viên B1600006 thành công

﻿[17-11-2017 12:11:13am] Debug: Đăng ký sự kiện nặc danh cho sinh viên B1600006 thành công

﻿[17-11-2017 12:11:13am] Debug: Điểm danh vào nặc danh cho sinh viên B1600006 thành công

﻿[17-11-2017 12:11:09am] Debug: Thêm thông tin nặc danh sinh viên B1600006 thành công

﻿[17-11-2017 12:11:09am] Debug: Đăng ký thẻ nặc danh cho sinh viên B1600006 thành công

﻿[17-11-2017 12:11:09am] Debug: Đăng ký sự kiện nặc danh cho sinh viên B1600006 thành công

﻿[17-11-2017 12:11:10am] Debug: Điểm danh vào nặc danh cho sinh viên B1600006 thành công

﻿[17-11-2017 01:11:21am] Debug: Thêm thông tin cán bộ B1500009 thành công

﻿[17-11-2017 01:11:21am] Debug: Đăng ký thẻ mới cho cán bộ B1500009 thành công

﻿[17-11-2017 01:11:21am] Debug: Đăng ký sự kiện cho cán bộ B1500009 vừa thêm mới vào hệ thống thành công

﻿[17-11-2017 01:11:46am] Debug: Thêm thông tin cán bộ B1305056 thành công

﻿[17-11-2017 01:11:47am] Debug: Đăng ký thẻ mới cho cán bộ B1305056 thành công

﻿[17-11-2017 01:11:47am] Debug: Đăng ký sự kiện cho cán bộ B1305056 vừa thêm mới vào hệ thống thành công

﻿[17-11-2017 01:11:45am] Debug: Thêm thông tin cán bộ B1305056 thành công

﻿[17-11-2017 01:11:45am] Debug: Đăng ký thẻ mới cho cán bộ B1305056 thành công

﻿[17-11-2017 01:11:45am] Debug: Đăng ký sự kiện cho cán bộ B1305056 vừa thêm mới vào hệ thống thành công

﻿[17-11-2017 01:11:22am] Debug: Thêm thông tin cán bộ B1305056 thành công

﻿[17-11-2017 01:11:22am] Debug: Đăng ký thẻ mới cho cán bộ B1305056 thành công

﻿[17-11-2017 01:11:22am] Debug: Đăng ký sự kiện cho cán bộ B1305056 vừa thêm mới vào hệ thống thành công

﻿[17-11-2017 01:11:48am] Debug: Thêm thông tin cán bộ B1305056 thành công

﻿[17-11-2017 01:11:48am] Debug: Đăng ký thẻ mới cho cán bộ B1305056 thành công

﻿[17-11-2017 01:11:48am] Debug: Đăng ký sự kiện cho cán bộ B1305056 vừa thêm mới vào hệ thống thành công

﻿[17-11-2017 02:11:01pm] Debug: Thêm số liệu loại ds 1 của sự kiên 1 thất bại

﻿[17-11-2017 02:11:01pm] Debug: Thêm số liệu loại ds 2 của sự kiên 1 thất bại

﻿[17-11-2017 02:11:01pm] Debug: Thêm số liệu loại ds 3 của sự kiên 1 thất bại

﻿[17-11-2017 02:11:01pm] Debug: Thêm số liệu loại ds 4 của sự kiên 1 thất bại

﻿[17-11-2017 02:11:01pm] Debug: Thêm số liệu loại ds 7 của sự kiên 1 thất bại

﻿[17-11-2017 02:11:01pm] Debug: Thêm số liệu loại ds 1 của sự kiên 1 thất bại

﻿[17-11-2017 02:11:01pm] Debug: Thêm số liệu loại ds 2 của sự kiên 1 thất bại

﻿[17-11-2017 02:11:01pm] Debug: Thêm số liệu loại ds 3 của sự kiên 1 thất bại

﻿[17-11-2017 02:11:01pm] Debug: Thêm số liệu loại ds 4 của sự kiên 1 thất bại

﻿[17-11-2017 02:11:01pm] Debug: Thêm số liệu loại ds 7 của sự kiên 1 thất bại

﻿[17-11-2017 03:11:00pm] Debug: Thêm số liệu loại ds 1 của sự kiên 1 thất bại

﻿[17-11-2017 03:11:00pm] Debug: Thêm số liệu loại ds 2 của sự kiên 1 thất bại

﻿[17-11-2017 03:11:00pm] Debug: Thêm số liệu loại ds 3 của sự kiên 1 thất bại

﻿[17-11-2017 03:11:00pm] Debug: Thêm số liệu loại ds 4 của sự kiên 1 thất bại

﻿[17-11-2017 03:11:00pm] Debug: Thêm số liệu loại ds 7 của sự kiên 1 thất bại

﻿[17-11-2017 03:11:00pm] Debug: Thêm số liệu loại ds 1 của sự kiên 1 thất bại

﻿[17-11-2017 03:11:00pm] Debug: Thêm số liệu loại ds 2 của sự kiên 1 thất bại

﻿[17-11-2017 03:11:00pm] Debug: Thêm số liệu loại ds 3 của sự kiên 1 thất bại

﻿[17-11-2017 03:11:00pm] Debug: Thêm số liệu loại ds 4 của sự kiên 1 thất bại

﻿[17-11-2017 03:11:00pm] Debug: Thêm số liệu loại ds 7 của sự kiên 1 thất bại

﻿[17-11-2017 03:11:32pm] Debug: Thêm số liệu thành công loại ds 1 của sự kiên 1

﻿[17-11-2017 03:11:32pm] Debug: Thêm số liệu thành công loại ds 2 của sự kiên 1

﻿[17-11-2017 03:11:32pm] Debug: Thêm số liệu thành công loại ds 3 của sự kiên 1

﻿[17-11-2017 03:11:32pm] Debug: Thêm số liệu thành công loại ds 4 của sự kiên 1

﻿[17-11-2017 03:11:32pm] Debug: Thêm số liệu thành công loại ds 7 của sự kiên 1

﻿[17-11-2017 04:11:00pm] Debug: Thêm số liệu loại ds 1 của sự kiên 1 thất bại

﻿[17-11-2017 04:11:01pm] Debug: Thêm số liệu loại ds 2 của sự kiên 1 thất bại

﻿[17-11-2017 04:11:01pm] Debug: Thêm số liệu loại ds 3 của sự kiên 1 thất bại

﻿[17-11-2017 04:11:01pm] Debug: Thêm số liệu loại ds 4 của sự kiên 1 thất bại

﻿[17-11-2017 04:11:01pm] Debug: Thêm số liệu loại ds 7 của sự kiên 1 thất bại

﻿[17-11-2017 09:11:50pm] Debug: Thêm số liệu thành công loại ds 1 của sự kiên 1

﻿[17-11-2017 09:11:50pm] Debug: Thêm số liệu thành công loại ds 2 của sự kiên 1

﻿[17-11-2017 09:11:50pm] Debug: Thêm số liệu thành công loại ds 3 của sự kiên 1

﻿[17-11-2017 09:11:50pm] Debug: Thêm số liệu thành công loại ds 4 của sự kiên 1

﻿[17-11-2017 09:11:50pm] Debug: Thêm số liệu thành công loại ds 7 của sự kiên 1

