[2017-11-12 21:14:40] local.DEBUG: Đăng ký sự kiện (chưa đăng ký) cho cán bộ 00123463 thành công
  
[2017-11-12 21:14:40] local.DEBUG: Điểm danh vào (chưa đăng ký sự kiện) trước cho cán bộ 00123463 thành công
  
[2017-11-12 21:14:40] local.DEBUG: Điểm danh vào (chưa đăng ký sự kiện) trước cho cán bộ 00123463 thành công
  
[2017-11-12 21:14:40] local.INFO: 0000978805 - chủ thẻ 00123463 điểm danh vào.
  
[2017-11-12 21:14:40] local.INFO: 0000978805 - chủ thẻ 00123463 điểm danh vào.
  
[2017-11-12 21:15:13] local.DEBUG: Thêm thông tin nặc danh sinh viên B1305056 thành công
  
[2017-11-12 21:15:13] local.DEBUG: Đăng ký thẻ nặc danh cho sinh viên B1305056 thành công
  
[2017-11-12 21:15:13] local.DEBUG: Đăng ký thẻ nặc danh cho sinh viên B1305056 thành công
  
[2017-11-12 21:15:14] local.DEBUG: Đăng ký sự kiện nặc danh cho sinh viên B1305056 thành công
  
[2017-11-12 21:15:14] local.DEBUG: Đăng ký sự kiện nặc danh cho sinh viên B1305056 thành công
  
[2017-11-12 21:15:14] local.DEBUG: Đăng ký sự kiện nặc danh cho sinh viên B1305056 thành công
  
[2017-11-12 21:15:14] local.DEBUG: Điểm danh vào nặc danh cho sinh viên B1305056 thành công
  
[2017-11-12 21:15:14] local.DEBUG: Điểm danh vào nặc danh cho sinh viên B1305056 thành công
  
[2017-11-12 21:15:14] local.DEBUG: Điểm danh vào nặc danh cho sinh viên B1305056 thành công
  
[2017-11-12 21:15:14] local.DEBUG: Điểm danh vào nặc danh cho sinh viên B1305056 thành công
  
[2017-11-12 21:15:14] local.INFO: 0001352122 của sinh viên B1305056 điểm danh nặc danh thành công
  
[2017-11-12 21:15:14] local.INFO: 0001352122 của sinh viên B1305056 điểm danh nặc danh thành công
  
[2017-11-12 21:15:14] local.INFO: 0001352122 của sinh viên B1305056 điểm danh nặc danh thành công
  
[2017-11-12 21:15:14] local.INFO: 0001352122 của sinh viên B1305056 điểm danh nặc danh thành công
  
[2017-11-12 21:16:43] local.DEBUG: Thêm thông tin nặc danh sinh viên 00123499 thành công
  
[2017-11-12 21:16:43] local.DEBUG: Đăng ký thẻ nặc danh cho sinh viên 00123499 thành công
  
[2017-11-12 21:16:43] local.DEBUG: Đăng ký thẻ nặc danh cho sinh viên 00123499 thành công
  
[2017-11-12 21:16:43] local.DEBUG: Đăng ký sự kiện nặc danh cho sinh viên 00123499 thành công
  
[2017-11-12 21:16:43] local.DEBUG: Đăng ký sự kiện nặc danh cho sinh viên 00123499 thành công
  
[2017-11-12 21:16:43] local.DEBUG: Đăng ký sự kiện nặc danh cho sinh viên 00123499 thành công
  
[2017-11-12 21:16:44] local.DEBUG: Điểm danh ra nặc danh cho sinh viên 00123499 thành công
  
[2017-11-12 21:16:44] local.DEBUG: Điểm danh ra nặc danh cho sinh viên 00123499 thành công
  
[2017-11-12 21:16:44] local.DEBUG: Điểm danh ra nặc danh cho sinh viên 00123499 thành công
  
[2017-11-12 21:16:44] local.DEBUG: Điểm danh ra nặc danh cho sinh viên 00123499 thành công
  
[2017-11-12 21:16:44] local.INFO: 0007185273 của sinh viên 00123499 điểm danh nặc danh thành công
  
[2017-11-12 21:16:44] local.INFO: 0007185273 của sinh viên 00123499 điểm danh nặc danh thành công
  
[2017-11-12 21:16:44] local.INFO: 0007185273 của sinh viên 00123499 điểm danh nặc danh thành công
  
[2017-11-12 21:16:44] local.INFO: 0007185273 của sinh viên 00123499 điểm danh nặc danh thành công
  
