[17-11-2017 12:11:18am] INFO: Kích hoạt điểm danh sự kiện 1

﻿[17-11-2017 12:11:00am] INFO: Sự kiện 1 bắt đầu điểm danh vào

﻿[17-11-2017 12:11:33am] INFO: Nhận mã thẻ 0005706269

﻿[17-11-2017 12:11:34am] INFO: 0005706269 - chủ thẻ 00123456 điểm danh vào.

﻿[17-11-2017 12:11:39am] INFO: Nhận mã thẻ 0005706269

﻿[17-11-2017 12:11:39am] INFO: 0005706269 - chủ thẻ 00123456 điểm danh vào nhiều lần.

﻿[17-11-2017 12:11:38am] INFO: Sự kiện 1 bắt đầu điểm danh vào

﻿[17-11-2017 12:11:53am] INFO: Nhận mã thẻ 0001352122

﻿[17-11-2017 12:11:53am] INFO: 0001352122 - chủ thẻ B1500003 điểm danh vào.

﻿[17-11-2017 12:11:06am] INFO: Sự kiện 1 bắt đầu điểm danh vào

﻿[17-11-2017 12:11:15am] INFO: Nhận mã thẻ 0000958819

﻿[17-11-2017 12:11:15am] INFO: 0000958819 - chủ thẻ B1700002 điểm danh vào.

﻿[17-11-2017 12:11:42am] INFO: Nhận mã thẻ 0000978805

﻿[17-11-2017 12:11:54am] INFO: 0000978805 của sinh viên B1600006 điểm danh nặc danh thành công

﻿[17-11-2017 12:11:54am] INFO: Sự kiện 1 bắt đầu điểm danh vào

﻿[17-11-2017 12:11:36am] INFO: Nhận mã thẻ 0001352122

﻿[17-11-2017 12:11:36am] INFO: 0001352122 - chủ thẻ B1500003 điểm danh vào nhiều lần.

﻿[17-11-2017 12:11:39am] INFO: Nhận mã thẻ 0000978805

﻿[17-11-2017 12:11:49am] INFO: 0000978805 của sinh viên B1600006 điểm danh nặc danh thành công

﻿[17-11-2017 12:11:49am] INFO: Sự kiện 1 bắt đầu điểm danh vào

﻿[17-11-2017 12:11:05am] INFO: Nhận mã thẻ 0000978805

﻿[17-11-2017 12:11:19am] INFO: 0000978805 của sinh viên B1600006 điểm danh nặc danh thành công

﻿[17-11-2017 12:11:19am] INFO: Sự kiện 1 bắt đầu điểm danh vào

﻿[17-11-2017 12:11:37am] INFO: Nhận mã thẻ 0000978805

﻿[17-11-2017 12:11:44am] INFO: 0000978805 của sinh viên B1600006 điểm danh nặc danh thành công

﻿[17-11-2017 12:11:44am] INFO: Sự kiện 1 bắt đầu điểm danh vào

﻿[17-11-2017 12:11:59am] INFO: Nhận mã thẻ 0005706269

﻿[17-11-2017 12:11:59am] INFO: 0005706269 - chủ thẻ 00123456 điểm danh vào nhiều lần.

﻿[17-11-2017 12:11:03am] INFO: Nhận mã thẻ 0005706269

﻿[17-11-2017 12:11:03am] INFO: 0005706269 - chủ thẻ 00123456 điểm danh vào nhiều lần.

﻿[17-11-2017 12:11:05am] INFO: Nhận mã thẻ 0000978805

﻿[17-11-2017 12:11:13am] INFO: 0000978805 của sinh viên B1600006 điểm danh nặc danh thành công

﻿[17-11-2017 12:11:14am] INFO: Sự kiện 1 bắt đầu điểm danh vào

﻿[17-11-2017 12:11:29am] INFO: Nhận mã thẻ 0000978805

﻿[17-11-2017 12:11:35am] INFO: Điểm danh nặc danh thất bại, sinh viên B1500003 đã tồn tại

﻿[17-11-2017 12:11:36am] INFO: Sự kiện 1 bắt đầu điểm danh vào

﻿[17-11-2017 12:11:04am] INFO: Nhận mã thẻ 0000978805

﻿[17-11-2017 12:11:10am] INFO: 0000978805 của sinh viên B1600006 điểm danh nặc danh thành công

﻿[17-11-2017 12:11:10am] INFO: Sự kiện 1 bắt đầu điểm danh vào

﻿[17-11-2017 12:11:15am] INFO: Nhận mã thẻ 0000978805

﻿[17-11-2017 12:11:16am] INFO: 0000978805 - chủ thẻ B1600006 điểm danh vào nhiều lần.

﻿[17-11-2017 01:11:44am] INFO: Nhận mã thẻ 0000978805

﻿[17-11-2017 01:11:44am] INFO: 0000978805 - chủ thẻ B1600006 điểm danh vào nhiều lần.

﻿[17-11-2017 01:11:54am] INFO: Nhận mã thẻ 0000978805

﻿[17-11-2017 01:11:21am] INFO: Đăng ký thẻ 0000978805 và thông tin mới cho cán bộ B1500009 thành công.

﻿[17-11-2017 01:11:22am] INFO: Sự kiện 1 bắt đầu điểm danh vào

﻿[17-11-2017 01:11:27am] INFO: Nhận mã thẻ 0000978805

﻿[17-11-2017 01:11:28am] INFO: 0000978805 - chủ thẻ B1500009 điểm danh vào.

﻿[17-11-2017 01:11:04am] INFO: Sự kiện 1 bắt đầu điểm danh vào

﻿[17-11-2017 01:11:47am] INFO: Nhận mã thẻ 0000978805

﻿[17-11-2017 01:11:47am] INFO: Đăng ký thẻ 0000978805 và thông tin mới cho cán bộ B1305056 thành công.

﻿[17-11-2017 01:11:47am] INFO: Sự kiện 1 bắt đầu điểm danh vào

﻿[17-11-2017 01:11:31am] INFO: Nhận mã thẻ 0000978805

﻿[17-11-2017 01:11:45am] INFO: Đăng ký thẻ 0000978805 và thông tin mới cho cán bộ B1305056 thành công.

﻿[17-11-2017 01:11:46am] INFO: Sự kiện 1 bắt đầu điểm danh vào

﻿[17-11-2017 01:11:47am] INFO: Sự kiện 1 bắt đầu điểm danh vào

﻿[17-11-2017 01:11:09am] INFO: Nhận mã thẻ 0000978805

﻿[17-11-2017 01:11:22am] INFO: Đăng ký thẻ 0000978805 và thông tin mới cho cán bộ B1305056 thành công.

﻿[17-11-2017 01:11:22am] INFO: Sự kiện 1 bắt đầu điểm danh vào

﻿[17-11-2017 01:11:35am] INFO: Nhận mã thẻ 0000978805

﻿[17-11-2017 01:11:48am] INFO: Đăng ký thẻ 0000978805 và thông tin mới cho cán bộ B1305056 thành công.

﻿[17-11-2017 01:11:48am] INFO: Sự kiện 1 bắt đầu điểm danh vào

