[2017-11-13 20:05:13] local.DEBUG: Đăng ký sự kiện (chưa đăng ký) cho sinh viên B1600006 thành công
  
[2017-11-13 20:05:13] local.DEBUG: Điểm danh vào (chưa đăng ký sự kiện) trước cho sinh viên B1600006 thành công
  
[2017-11-13 20:05:13] local.DEBUG: Điểm danh vào (chưa đăng ký sự kiện) trước cho sinh viên B1600006 thành công
  
[2017-11-13 20:05:13] local.INFO: 0000978805 - chủ thẻ B1600006 điểm danh vào.
  
[2017-11-13 20:05:13] local.INFO: 0000978805 - chủ thẻ B1600006 điểm danh vào.
  
[2017-11-13 20:05:29] local.DEBUG: Thêm thông tin nặc danh sinh viên 00123457 thành công
  
[2017-11-13 20:05:29] local.DEBUG: Đăng ký thẻ nặc danh cho sinh viên 00123457 thành công
  
[2017-11-13 20:05:29] local.DEBUG: Đăng ký thẻ nặc danh cho sinh viên 00123457 thành công
  
[2017-11-13 20:05:29] local.DEBUG: Đăng ký sự kiện nặc danh cho sinh viên 00123457 thành công
  
[2017-11-13 20:05:29] local.DEBUG: Đăng ký sự kiện nặc danh cho sinh viên 00123457 thành công
  
[2017-11-13 20:05:29] local.DEBUG: Đăng ký sự kiện nặc danh cho sinh viên 00123457 thành công
  
[2017-11-13 20:05:29] local.DEBUG: Điểm danh vào nặc danh cho sinh viên 00123457 thành công
  
[2017-11-13 20:05:29] local.DEBUG: Điểm danh vào nặc danh cho sinh viên 00123457 thành công
  
[2017-11-13 20:05:29] local.DEBUG: Điểm danh vào nặc danh cho sinh viên 00123457 thành công
  
[2017-11-13 20:05:29] local.DEBUG: Điểm danh vào nặc danh cho sinh viên 00123457 thành công
  
[2017-11-13 20:05:29] local.INFO: 0001352122 của sinh viên 00123457 điểm danh nặc danh thành công
  
[2017-11-13 20:05:29] local.INFO: 0001352122 của sinh viên 00123457 điểm danh nặc danh thành công
  
[2017-11-13 20:05:29] local.INFO: 0001352122 của sinh viên 00123457 điểm danh nặc danh thành công
  
[2017-11-13 20:05:29] local.INFO: 0001352122 của sinh viên 00123457 điểm danh nặc danh thành công
  
[2017-11-13 20:05:45] local.DEBUG: Thêm thông tin sinh viên B1305056 thành công
  
[2017-11-13 20:05:45] local.DEBUG: Đăng ký thẻ mới cho sinh viên B1305056 thành công
  
[2017-11-13 20:05:45] local.DEBUG: Đăng ký thẻ mới cho sinh viên B1305056 thành công
  
[2017-11-13 20:05:45] local.DEBUG: Đăng ký sự kiện cho sinh viên B1305056 vừa thêm mới vào hệ thống thành công
  
[2017-11-13 20:05:45] local.DEBUG: Đăng ký sự kiện cho sinh viên B1305056 vừa thêm mới vào hệ thống thành công
  
[2017-11-13 20:05:45] local.DEBUG: Đăng ký sự kiện cho sinh viên B1305056 vừa thêm mới vào hệ thống thành công
  
[2017-11-13 20:05:45] local.INFO: Đăng ký thẻ 0007185273 và thông tin mới cho sinh viên B1305056 thành công.
  
[2017-11-13 20:05:45] local.INFO: Đăng ký thẻ 0007185273 và thông tin mới cho sinh viên B1305056 thành công.
  
[2017-11-13 20:05:45] local.INFO: Đăng ký thẻ 0007185273 và thông tin mới cho sinh viên B1305056 thành công.
  
[2017-11-13 20:07:00] local.DEBUG: Thêm số liệu thành công loại ds 1 của sự kiên 6
  
[2017-11-13 20:07:00] local.DEBUG: Thêm số liệu thành công loại ds 2 của sự kiên 6
  
[2017-11-13 20:07:00] local.DEBUG: Thêm số liệu thành công loại ds 2 của sự kiên 6
  
[2017-11-13 20:07:00] local.DEBUG: Thêm số liệu thành công loại ds 3 của sự kiên 6
  
[2017-11-13 20:07:00] local.DEBUG: Thêm số liệu thành công loại ds 3 của sự kiên 6
  
[2017-11-13 20:07:00] local.DEBUG: Thêm số liệu thành công loại ds 3 của sự kiên 6
  
[2017-11-13 20:07:00] local.DEBUG: Thêm số liệu thành công loại ds 4 của sự kiên 6
  
[2017-11-13 20:07:00] local.DEBUG: Thêm số liệu thành công loại ds 4 của sự kiên 6
  
[2017-11-13 20:07:00] local.DEBUG: Thêm số liệu thành công loại ds 4 của sự kiên 6
  
[2017-11-13 20:07:00] local.DEBUG: Thêm số liệu thành công loại ds 4 của sự kiên 6
  
[2017-11-13 20:07:00] local.DEBUG: Thêm số liệu thành công loại ds 7 của sự kiên 6
  
[2017-11-13 20:07:00] local.DEBUG: Thêm số liệu thành công loại ds 7 của sự kiên 6
  
[2017-11-13 20:07:00] local.DEBUG: Thêm số liệu thành công loại ds 7 của sự kiên 6
  
[2017-11-13 20:07:00] local.DEBUG: Thêm số liệu thành công loại ds 7 của sự kiên 6
  
[2017-11-13 20:07:00] local.DEBUG: Thêm số liệu thành công loại ds 7 của sự kiên 6
  
[2017-11-13 20:07:00] local.INFO: Thống kê sự kiên 6 thành công
  
[2017-11-13 20:07:00] local.INFO: Thống kê sự kiên 6 thành công
  
[2017-11-13 20:07:00] local.INFO: Thống kê sự kiên 6 thành công
  
[2017-11-13 20:07:00] local.INFO: Thống kê sự kiên 6 thành công
  
[2017-11-13 20:07:00] local.INFO: Thống kê sự kiên 6 thành công
  
