[21-11-2017 11:11:02am] Debug: Thêm số liệu thành công loại ds 1 của sự kiên 1

﻿[21-11-2017 11:11:02am] Debug: Thêm số liệu thành công loại ds 2 của sự kiên 1

﻿[21-11-2017 11:11:02am] Debug: Thêm số liệu thành công loại ds 3 của sự kiên 1

﻿[21-11-2017 11:11:02am] Debug: Thêm số liệu thành công loại ds 4 của sự kiên 1

﻿[21-11-2017 11:11:02am] Debug: Thêm số liệu thành công loại ds 7 của sự kiên 1

﻿[21-11-2017 11:11:00am] Debug: Thêm số liệu loại ds 1 của sự kiên 1 thất bại

﻿[21-11-2017 11:11:00am] Debug: Thêm số liệu loại ds 2 của sự kiên 1 thất bại

﻿[21-11-2017 11:11:00am] Debug: Thêm số liệu loại ds 3 của sự kiên 1 thất bại

﻿[21-11-2017 11:11:00am] Debug: Thêm số liệu loại ds 4 của sự kiên 1 thất bại

﻿[21-11-2017 11:11:00am] Debug: Thêm số liệu loại ds 7 của sự kiên 1 thất bại

﻿[21-11-2017 11:11:03am] Debug: Thêm số liệu thành công loại ds 1 của sự kiên 1

﻿[21-11-2017 11:11:03am] Debug: Thêm số liệu thành công loại ds 2 của sự kiên 1

﻿[21-11-2017 11:11:03am] Debug: Thêm số liệu thành công loại ds 3 của sự kiên 1

﻿[21-11-2017 11:11:03am] Debug: Thêm số liệu thành công loại ds 4 của sự kiên 1

﻿[21-11-2017 11:11:03am] Debug: Thêm số liệu thành công loại ds 7 của sự kiên 1

﻿[21-11-2017 11:11:15am] Debug: Thêm số liệu thành công loại ds 1 của sự kiên 1

﻿[21-11-2017 11:11:15am] Debug: Thêm số liệu thành công loại ds 2 của sự kiên 1

﻿[21-11-2017 11:11:15am] Debug: Thêm số liệu thành công loại ds 3 của sự kiên 1

﻿[21-11-2017 11:11:15am] Debug: Thêm số liệu thành công loại ds 4 của sự kiên 1

﻿[21-11-2017 11:11:16am] Debug: Thêm số liệu thành công loại ds 7 của sự kiên 1

﻿[21-11-2017 11:11:37am] Debug: Thêm số liệu thành công loại ds 1 của sự kiên 1

﻿[21-11-2017 11:11:37am] Debug: Thêm số liệu thành công loại ds 2 của sự kiên 1

﻿[21-11-2017 11:11:37am] Debug: Thêm số liệu thành công loại ds 3 của sự kiên 1

﻿[21-11-2017 11:11:37am] Debug: Thêm số liệu thành công loại ds 4 của sự kiên 1

﻿[21-11-2017 11:11:37am] Debug: Thêm số liệu thành công loại ds 7 của sự kiên 1

﻿[21-11-2017 12:11:20pm] Debug: Thêm số liệu thành công loại ds 1 của sự kiên 1

﻿[21-11-2017 12:11:20pm] Debug: Thêm số liệu thành công loại ds 2 của sự kiên 1

﻿[21-11-2017 12:11:20pm] Debug: Thêm số liệu thành công loại ds 3 của sự kiên 1

﻿[21-11-2017 12:11:20pm] Debug: Thêm số liệu thành công loại ds 4 của sự kiên 1

﻿[21-11-2017 12:11:20pm] Debug: Thêm số liệu thành công loại ds 7 của sự kiên 1

﻿[21-11-2017 12:11:45pm] Debug: Thêm thông tin nặc danh cán bộ B1300004 thành công

﻿[21-11-2017 12:11:45pm] Debug: Đăng ký thẻ nặc danh cho cán bộ B1300004 thành công

﻿[21-11-2017 12:11:45pm] Debug: Đăng ký sự kiện nặc danh cho cán bộ B1300004 thành công

﻿[21-11-2017 12:11:45pm] Debug: Điểm danh vào nặc danh cho cán bộ B1300004 thành công

﻿[21-11-2017 12:11:03pm] Debug: Thêm thông tin cán bộ B1305056 thành công

﻿[21-11-2017 12:11:03pm] Debug: Đăng ký thẻ mới cho cán bộ B1305056 thành công

﻿[21-11-2017 12:11:03pm] Debug: Đăng ký sự kiện cho cán bộ B1305056 vừa thêm mới vào hệ thống thành công

﻿[21-11-2017 12:11:00pm] Debug: Thêm số liệu loại ds 1 của sự kiên 1 thất bại

﻿[21-11-2017 12:11:00pm] Debug: Thêm số liệu loại ds 2 của sự kiên 1 thất bại

﻿[21-11-2017 12:11:00pm] Debug: Thêm số liệu loại ds 3 của sự kiên 1 thất bại

﻿[21-11-2017 12:11:00pm] Debug: Thêm số liệu loại ds 4 của sự kiên 1 thất bại

﻿[21-11-2017 12:11:00pm] Debug: Thêm số liệu loại ds 7 của sự kiên 1 thất bại

﻿[21-11-2017 12:11:11pm] Debug: Thêm số liệu thành công loại ds 1 của sự kiên 1

﻿[21-11-2017 12:11:11pm] Debug: Thêm số liệu thành công loại ds 2 của sự kiên 1

﻿[21-11-2017 12:11:11pm] Debug: Thêm số liệu thành công loại ds 3 của sự kiên 1

﻿[21-11-2017 12:11:11pm] Debug: Thêm số liệu thành công loại ds 4 của sự kiên 1

﻿[21-11-2017 12:11:11pm] Debug: Thêm số liệu thành công loại ds 7 của sự kiên 1

