[2017-11-13 20:04:19] local.INFO: Kích hoạt điểm danh sự kiện 6
  
[2017-11-13 20:05:00] local.INFO: Sự kiện 6 bắt đầu điểm danh vào
  
[2017-11-13 20:05:02] local.INFO: Nhận mã thẻ 0001352398
  
[2017-11-13 20:05:02] local.INFO: 0001352398 - chủ thẻ B1500003 điểm danh vào.
  
[2017-11-13 20:05:07] local.INFO: Nhận mã thẻ 0005706269
  
[2017-11-13 20:05:07] local.INFO: 0005706269 - chủ thẻ 00123456 điểm danh vào.
  
[2017-11-13 20:05:09] local.INFO: Nhận mã thẻ 0000958819
  
[2017-11-13 20:05:09] local.INFO: 0000958819 - chủ thẻ B1700002 điểm danh vào.
  
[2017-11-13 20:05:13] local.INFO: Nhận mã thẻ 0000978805
  
[2017-11-13 20:05:13] local.INFO: 0000978805 - chủ thẻ B1600006 điểm danh vào.
  
[2017-11-13 20:05:15] local.INFO: Nhận mã thẻ 0001352122
  
[2017-11-13 20:05:20] local.INFO: Điểm danh nặc danh thất bại, sinh viên B1600006 đã tồn tại
  
[2017-11-13 20:05:20] local.INFO: Sự kiện 6 bắt đầu điểm danh vào
  
[2017-11-13 20:05:23] local.INFO: Nhận mã thẻ 0001352122
  
[2017-11-13 20:05:29] local.INFO: 0001352122 của sinh viên 00123457 điểm danh nặc danh thành công
  
[2017-11-13 20:05:30] local.INFO: Sự kiện 6 bắt đầu điểm danh vào
  
[2017-11-13 20:05:34] local.INFO: Nhận mã thẻ 0007185273
  
[2017-11-13 20:05:45] local.INFO: Đăng ký thẻ 0007185273 và thông tin mới cho sinh viên B1305056 thành công.
  
[2017-11-13 20:05:46] local.INFO: Sự kiện 6 bắt đầu điểm danh vào
  
[2017-11-13 20:05:51] local.INFO: Nhận mã thẻ 0007185273
  
[2017-11-13 20:05:51] local.INFO: 0007185273 - chủ thẻ B1305056 điểm danh vào.
  
[2017-11-13 20:06:00] local.INFO: Sự kiện 6 bắt đầu điểm danh ra
  
[2017-11-13 20:06:33] local.INFO: Nhận mã thẻ 0001352122
  
[2017-11-13 20:06:34] local.INFO: 0001352122 - chủ thẻ 00123457 điểm danh ra.
  
[2017-11-13 20:06:35] local.INFO: Nhận mã thẻ 0000978805
  
[2017-11-13 20:06:35] local.INFO: 0000978805 - chủ thẻ B1600006 điểm danh ra.
  
[2017-11-13 20:06:36] local.INFO: Nhận mã thẻ 0000958819
  
[2017-11-13 20:06:37] local.INFO: 0000958819 - chủ thẻ B1700002 điểm danh ra.
  
[2017-11-13 20:06:38] local.INFO: Nhận mã thẻ 0005706269
  
[2017-11-13 20:06:38] local.INFO: 0005706269 - chủ thẻ 00123456 điểm danh ra.
  
[2017-11-13 20:06:39] local.INFO: Nhận mã thẻ 0000958866
  
[2017-11-13 20:06:39] local.INFO: 0000958866 - chủ thẻ B1700001 điểm danh ra.
  
[2017-11-13 20:06:40] local.INFO: Nhận mã thẻ 0007185273
  
[2017-11-13 20:06:41] local.INFO: 0007185273 - chủ thẻ B1305056 điểm danh ra.
  
[2017-11-13 20:07:00] local.INFO: Sự kiện 6 kết thúc điểm danh
  
[2017-11-13 20:07:00] local.INFO: Thống kê sự kiên 6 thành công
  
