[16-11-2017 05:11:01pm] INFO: Kích hoạt điểm danh sự kiện 2

﻿[16-11-2017 05:11:00pm] INFO: Sự kiện 2 bắt đầu điểm danh vào

﻿[16-11-2017 05:11:06pm] INFO: Nhận mã thẻ 0000978805

﻿[16-11-2017 05:11:06pm] INFO: 0000978805 - chủ thẻ 00123459 điểm danh vào.

﻿[16-11-2017 05:11:09pm] INFO: Nhận mã thẻ 0000958866

﻿[16-11-2017 05:11:10pm] INFO: 0000958866 - chủ thẻ B1700001 điểm danh vào.

﻿[16-11-2017 05:11:12pm] INFO: Nhận mã thẻ 0005706269

﻿[16-11-2017 05:11:12pm] INFO: 0005706269 - chủ thẻ 00123456 điểm danh vào.

﻿[16-11-2017 05:11:17pm] INFO: Nhận mã thẻ 0001352398

﻿[16-11-2017 05:11:19pm] INFO: Nhận mã thẻ 0001352122

﻿[16-11-2017 05:11:19pm] INFO: 0001352122 - chủ thẻ B1500003 điểm danh vào.

﻿[16-11-2017 05:11:25pm] INFO: Nhận mã thẻ 0007185273

﻿[16-11-2017 05:11:33pm] INFO: 0007185273 của sinh viên B1600006 điểm danh nặc danh thành công

﻿[16-11-2017 05:11:33pm] INFO: Sự kiện 2 bắt đầu điểm danh vào

﻿[16-11-2017 05:11:38pm] INFO: Nhận mã thẻ 0001352122

﻿[16-11-2017 05:11:38pm] INFO: 0001352122 - chủ thẻ B1500003 điểm danh vào nhiều lần.

﻿[16-11-2017 05:11:00pm] INFO: Sự kiện 2 bắt đầu điểm danh ra

﻿[16-11-2017 05:11:07pm] INFO: Nhận mã thẻ 0007185273

﻿[16-11-2017 05:11:08pm] INFO: 0007185273 - chủ thẻ B1600006 điểm danh ra.

﻿[16-11-2017 05:11:09pm] INFO: Nhận mã thẻ 0000978805

﻿[16-11-2017 05:11:09pm] INFO: 0000978805 - chủ thẻ 00123459 điểm danh ra.

﻿[16-11-2017 05:11:11pm] INFO: Nhận mã thẻ 0000958819

﻿[16-11-2017 05:11:11pm] INFO: 0000958819 - chủ thẻ B1700002 điểm danh ra.

﻿[16-11-2017 05:11:12pm] INFO: Nhận mã thẻ 0001352122

﻿[16-11-2017 05:11:13pm] INFO: 0001352122 - chủ thẻ B1500003 điểm danh ra.

﻿[16-11-2017 05:11:14pm] INFO: Nhận mã thẻ 0005706269

﻿[16-11-2017 05:11:15pm] INFO: 0005706269 - chủ thẻ 00123456 điểm danh ra.

﻿[16-11-2017 05:11:16pm] INFO: Nhận mã thẻ 0000958866

﻿[16-11-2017 05:11:16pm] INFO: 0000958866 - chủ thẻ B1700001 điểm danh ra.

﻿[16-11-2017 05:11:39pm] INFO: Nhận mã thẻ 0000958866

﻿[16-11-2017 05:11:40pm] INFO: 0000958866 - chủ thẻ B1700001 điểm danh ra nhiều lần.

﻿[16-11-2017 05:11:47pm] INFO: Nhận mã thẻ 0000958866

﻿[16-11-2017 05:11:47pm] INFO: 0000958866 - chủ thẻ B1700001 điểm danh ra nhiều lần.

﻿[16-11-2017 05:11:15pm] INFO: Nhận mã thẻ 0001352122

﻿[16-11-2017 05:11:15pm] INFO: 0001352122 - chủ thẻ B1500003 điểm danh ra nhiều lần.

﻿[16-11-2017 05:11:19pm] INFO: Nhận mã thẻ 0001352122

﻿[16-11-2017 05:11:20pm] INFO: 0001352122 - chủ thẻ B1500003 điểm danh ra nhiều lần.

﻿[16-11-2017 05:11:27pm] INFO: Nhận mã thẻ 0000958819

﻿[16-11-2017 05:11:28pm] INFO: 0000958819 - chủ thẻ B1700002 điểm danh ra nhiều lần.

﻿[16-11-2017 05:11:35pm] INFO: Nhận mã thẻ 0000958819

﻿[16-11-2017 05:11:35pm] INFO: 0000958819 - chủ thẻ B1700002 điểm danh ra nhiều lần.

﻿[16-11-2017 05:11:00pm] INFO: Sự kiện 2 kết thúc điểm danh

﻿[16-11-2017 05:11:01pm] INFO: Thống kê sự kiên 2 thành công

﻿[16-11-2017 05:11:14pm] INFO: Thống kê sự kiên 2 thành công

﻿[16-11-2017 09:11:55pm] INFO: Thống kê sự kiên 2 thành công

﻿[16-11-2017 09:11:38pm] INFO: Thống kê sự kiên 2 thành công

﻿[16-11-2017 10:11:11pm] INFO: Thống kê sự kiên 2 thành công

﻿[16-11-2017 10:11:25pm] INFO: Thống kê sự kiên 2 thành công

﻿[16-11-2017 11:11:24pm] INFO: Thống kê sự kiên 2 thành công

